<?xml version="1.0" encoding="UTF-8"?>
<testsuite xmlns:xsi="http://www.w3.org/2001/XMLSchema-instance" xsi:noNamespaceSchemaLocation="https://maven.apache.org/surefire/maven-surefire-plugin/xsd/surefire-test-report-3.0.xsd" version="3.0" name="com.ipn.mx.ApiInventarioMiniApplicationTests" time="6.881" tests="1" errors="0" skipped="0" failures="0">
  <properties>
    <property name="java.specification.version" value="17"/>
    <property name="sun.cpu.isalist" value="amd64"/>
    <property name="sun.jnu.encoding" value="Cp1252"/>
    <property name="java.class.path" value="C:\Users\alexc\git\app-i-mini\ApiInventarioMini\target\test-classes;C:\Users\alexc\git\app-i-mini\ApiInventarioMini\target\classes;C:\Users\alexc\.m2\repository\org\springframework\boot\spring-boot-starter-data-jpa\3.2.4\spring-boot-starter-data-jpa-3.2.4.jar;C:\Users\alexc\.m2\repository\org\springframework\boot\spring-boot-starter-aop\3.2.4\spring-boot-starter-aop-3.2.4.jar;C:\Users\alexc\.m2\repository\org\springframework\spring-aop\6.1.5\spring-aop-6.1.5.jar;C:\Users\alexc\.m2\repository\org\aspectj\aspectjweaver\1.9.21\aspectjweaver-1.9.21.jar;C:\Users\alexc\.m2\repository\org\springframework\boot\spring-boot-starter-jdbc\3.2.4\spring-boot-starter-jdbc-3.2.4.jar;C:\Users\alexc\.m2\repository\com\zaxxer\HikariCP\5.0.1\HikariCP-5.0.1.jar;C:\Users\alexc\.m2\repository\org\springframework\spring-jdbc\6.1.5\spring-jdbc-6.1.5.jar;C:\Users\alexc\.m2\repository\org\hibernate\orm\hibernate-core\6.4.4.Final\hibernate-core-6.4.4.Final.jar;C:\Users\alexc\.m2\repository\jakarta\persistence\jakarta.persistence-api\3.1.0\jakarta.persistence-api-3.1.0.jar;C:\Users\alexc\.m2\repository\jakarta\transaction\jakarta.transaction-api\2.0.1\jakarta.transaction-api-2.0.1.jar;C:\Users\alexc\.m2\repository\org\jboss\logging\jboss-logging\3.5.3.Final\jboss-logging-3.5.3.Final.jar;C:\Users\alexc\.m2\repository\org\hibernate\common\hibernate-commons-annotations\6.0.6.Final\hibernate-commons-annotations-6.0.6.Final.jar;C:\Users\alexc\.m2\repository\io\smallrye\jandex\3.1.2\jandex-3.1.2.jar;C:\Users\alexc\.m2\repository\com\fasterxml\classmate\1.6.0\classmate-1.6.0.jar;C:\Users\alexc\.m2\repository\net\bytebuddy\byte-buddy\1.14.12\byte-buddy-1.14.12.jar;C:\Users\alexc\.m2\repository\org\glassfish\jaxb\jaxb-runtime\4.0.5\jaxb-runtime-4.0.5.jar;C:\Users\alexc\.m2\repository\org\glassfish\jaxb\jaxb-core\4.0.5\jaxb-core-4.0.5.jar;C:\Users\alexc\.m2\repository\org\eclipse\angus\angus-activation\2.0.2\angus-activation-2.0.2.jar;C:\Users\alexc\.m2\repository\org\glassfish\jaxb\txw2\4.0.5\txw2-4.0.5.jar;C:\Users\alexc\.m2\repository\com\sun\istack\istack-commons-runtime\4.1.2\istack-commons-runtime-4.1.2.jar;C:\Users\alexc\.m2\repository\jakarta\inject\jakarta.inject-api\2.0.1\jakarta.inject-api-2.0.1.jar;C:\Users\alexc\.m2\repository\org\antlr\antlr4-runtime\4.13.0\antlr4-runtime-4.13.0.jar;C:\Users\alexc\.m2\repository\org\springframework\data\spring-data-jpa\3.2.4\spring-data-jpa-3.2.4.jar;C:\Users\alexc\.m2\repository\org\springframework\data\spring-data-commons\3.2.4\spring-data-commons-3.2.4.jar;C:\Users\alexc\.m2\repository\org\springframework\spring-orm\6.1.5\spring-orm-6.1.5.jar;C:\Users\alexc\.m2\repository\org\springframework\spring-context\6.1.5\spring-context-6.1.5.jar;C:\Users\alexc\.m2\repository\org\springframework\spring-tx\6.1.5\spring-tx-6.1.5.jar;C:\Users\alexc\.m2\repository\org\springframework\spring-beans\6.1.5\spring-beans-6.1.5.jar;C:\Users\alexc\.m2\repository\jakarta\annotation\jakarta.annotation-api\2.1.1\jakarta.annotation-api-2.1.1.jar;C:\Users\alexc\.m2\repository\org\slf4j\slf4j-api\2.0.12\slf4j-api-2.0.12.jar;C:\Users\alexc\.m2\repository\org\springframework\spring-aspects\6.1.5\spring-aspects-6.1.5.jar;C:\Users\alexc\.m2\repository\org\springframework\boot\spring-boot-starter-validation\3.2.4\spring-boot-starter-validation-3.2.4.jar;C:\Users\alexc\.m2\repository\org\springframework\boot\spring-boot-starter\3.2.4\spring-boot-starter-3.2.4.jar;C:\Users\alexc\.m2\repository\org\springframework\boot\spring-boot-starter-logging\3.2.4\spring-boot-starter-logging-3.2.4.jar;C:\Users\alexc\.m2\repository\ch\qos\logback\logback-classic\1.4.14\logback-classic-1.4.14.jar;C:\Users\alexc\.m2\repository\ch\qos\logback\logback-core\1.4.14\logback-core-1.4.14.jar;C:\Users\alexc\.m2\repository\org\apache\logging\log4j\log4j-to-slf4j\2.21.1\log4j-to-slf4j-2.21.1.jar;C:\Users\alexc\.m2\repository\org\apache\logging\log4j\log4j-api\2.21.1\log4j-api-2.21.1.jar;C:\Users\alexc\.m2\repository\org\slf4j\jul-to-slf4j\2.0.12\jul-to-slf4j-2.0.12.jar;C:\Users\alexc\.m2\repository\org\yaml\snakeyaml\2.2\snakeyaml-2.2.jar;C:\Users\alexc\.m2\repository\org\apache\tomcat\embed\tomcat-embed-el\10.1.19\tomcat-embed-el-10.1.19.jar;C:\Users\alexc\.m2\repository\org\hibernate\validator\hibernate-validator\8.0.1.Final\hibernate-validator-8.0.1.Final.jar;C:\Users\alexc\.m2\repository\jakarta\validation\jakarta.validation-api\3.0.2\jakarta.validation-api-3.0.2.jar;C:\Users\alexc\.m2\repository\org\springframework\boot\spring-boot-starter-web\3.2.4\spring-boot-starter-web-3.2.4.jar;C:\Users\alexc\.m2\repository\org\springframework\boot\spring-boot-starter-json\3.2.4\spring-boot-starter-json-3.2.4.jar;C:\Users\alexc\.m2\repository\com\fasterxml\jackson\core\jackson-databind\2.15.4\jackson-databind-2.15.4.jar;C:\Users\alexc\.m2\repository\com\fasterxml\jackson\core\jackson-annotations\2.15.4\jackson-annotations-2.15.4.jar;C:\Users\alexc\.m2\repository\com\fasterxml\jackson\core\jackson-core\2.15.4\jackson-core-2.15.4.jar;C:\Users\alexc\.m2\repository\com\fasterxml\jackson\datatype\jackson-datatype-jdk8\2.15.4\jackson-datatype-jdk8-2.15.4.jar;C:\Users\alexc\.m2\repository\com\fasterxml\jackson\datatype\jackson-datatype-jsr310\2.15.4\jackson-datatype-jsr310-2.15.4.jar;C:\Users\alexc\.m2\repository\com\fasterxml\jackson\module\jackson-module-parameter-names\2.15.4\jackson-module-parameter-names-2.15.4.jar;C:\Users\alexc\.m2\repository\org\springframework\boot\spring-boot-starter-tomcat\3.2.4\spring-boot-starter-tomcat-3.2.4.jar;C:\Users\alexc\.m2\repository\org\apache\tomcat\embed\tomcat-embed-core\10.1.19\tomcat-embed-core-10.1.19.jar;C:\Users\alexc\.m2\repository\org\apache\tomcat\embed\tomcat-embed-websocket\10.1.19\tomcat-embed-websocket-10.1.19.jar;C:\Users\alexc\.m2\repository\org\springframework\spring-web\6.1.5\spring-web-6.1.5.jar;C:\Users\alexc\.m2\repository\io\micrometer\micrometer-observation\1.12.4\micrometer-observation-1.12.4.jar;C:\Users\alexc\.m2\repository\io\micrometer\micrometer-commons\1.12.4\micrometer-commons-1.12.4.jar;C:\Users\alexc\.m2\repository\org\springframework\spring-webmvc\6.1.5\spring-webmvc-6.1.5.jar;C:\Users\alexc\.m2\repository\org\springframework\spring-expression\6.1.5\spring-expression-6.1.5.jar;C:\Users\alexc\.m2\repository\org\springframework\boot\spring-boot-devtools\3.2.4\spring-boot-devtools-3.2.4.jar;C:\Users\alexc\.m2\repository\org\springframework\boot\spring-boot\3.2.4\spring-boot-3.2.4.jar;C:\Users\alexc\.m2\repository\org\springframework\boot\spring-boot-autoconfigure\3.2.4\spring-boot-autoconfigure-3.2.4.jar;C:\Users\alexc\.m2\repository\com\mysql\mysql-connector-j\8.3.0\mysql-connector-j-8.3.0.jar;C:\Users\alexc\.m2\repository\org\postgresql\postgresql\42.6.2\postgresql-42.6.2.jar;C:\Users\alexc\.m2\repository\org\checkerframework\checker-qual\3.31.0\checker-qual-3.31.0.jar;C:\Users\alexc\.m2\repository\org\projectlombok\lombok\1.18.30\lombok-1.18.30.jar;C:\Users\alexc\.m2\repository\org\springframework\boot\spring-boot-starter-test\3.2.4\spring-boot-starter-test-3.2.4.jar;C:\Users\alexc\.m2\repository\org\springframework\boot\spring-boot-test\3.2.4\spring-boot-test-3.2.4.jar;C:\Users\alexc\.m2\repository\org\springframework\boot\spring-boot-test-autoconfigure\3.2.4\spring-boot-test-autoconfigure-3.2.4.jar;C:\Users\alexc\.m2\repository\com\jayway\jsonpath\json-path\2.9.0\json-path-2.9.0.jar;C:\Users\alexc\.m2\repository\jakarta\xml\bind\jakarta.xml.bind-api\4.0.2\jakarta.xml.bind-api-4.0.2.jar;C:\Users\alexc\.m2\repository\jakarta\activation\jakarta.activation-api\2.1.3\jakarta.activation-api-2.1.3.jar;C:\Users\alexc\.m2\repository\net\minidev\json-smart\2.5.0\json-smart-2.5.0.jar;C:\Users\alexc\.m2\repository\net\minidev\accessors-smart\2.5.0\accessors-smart-2.5.0.jar;C:\Users\alexc\.m2\repository\org\ow2\asm\asm\9.3\asm-9.3.jar;C:\Users\alexc\.m2\repository\org\assertj\assertj-core\3.24.2\assertj-core-3.24.2.jar;C:\Users\alexc\.m2\repository\org\awaitility\awaitility\4.2.0\awaitility-4.2.0.jar;C:\Users\alexc\.m2\repository\org\hamcrest\hamcrest\2.2\hamcrest-2.2.jar;C:\Users\alexc\.m2\repository\org\junit\jupiter\junit-jupiter\5.10.2\junit-jupiter-5.10.2.jar;C:\Users\alexc\.m2\repository\org\junit\jupiter\junit-jupiter-api\5.10.2\junit-jupiter-api-5.10.2.jar;C:\Users\alexc\.m2\repository\org\opentest4j\opentest4j\1.3.0\opentest4j-1.3.0.jar;C:\Users\alexc\.m2\repository\org\junit\platform\junit-platform-commons\1.10.2\junit-platform-commons-1.10.2.jar;C:\Users\alexc\.m2\repository\org\apiguardian\apiguardian-api\1.1.2\apiguardian-api-1.1.2.jar;C:\Users\alexc\.m2\repository\org\junit\jupiter\junit-jupiter-params\5.10.2\junit-jupiter-params-5.10.2.jar;C:\Users\alexc\.m2\repository\org\junit\jupiter\junit-jupiter-engine\5.10.2\junit-jupiter-engine-5.10.2.jar;C:\Users\alexc\.m2\repository\org\junit\platform\junit-platform-engine\1.10.2\junit-platform-engine-1.10.2.jar;C:\Users\alexc\.m2\repository\org\mockito\mockito-core\5.7.0\mockito-core-5.7.0.jar;C:\Users\alexc\.m2\repository\net\bytebuddy\byte-buddy-agent\1.14.12\byte-buddy-agent-1.14.12.jar;C:\Users\alexc\.m2\repository\org\objenesis\objenesis\3.3\objenesis-3.3.jar;C:\Users\alexc\.m2\repository\org\mockito\mockito-junit-jupiter\5.7.0\mockito-junit-jupiter-5.7.0.jar;C:\Users\alexc\.m2\repository\org\skyscreamer\jsonassert\1.5.1\jsonassert-1.5.1.jar;C:\Users\alexc\.m2\repository\com\vaadin\external\google\android-json\0.0.20131108.vaadin1\android-json-0.0.20131108.vaadin1.jar;C:\Users\alexc\.m2\repository\org\springframework\spring-core\6.1.5\spring-core-6.1.5.jar;C:\Users\alexc\.m2\repository\org\springframework\spring-jcl\6.1.5\spring-jcl-6.1.5.jar;C:\Users\alexc\.m2\repository\org\springframework\spring-test\6.1.5\spring-test-6.1.5.jar;C:\Users\alexc\.m2\repository\org\xmlunit\xmlunit-core\2.9.1\xmlunit-core-2.9.1.jar;"/>
    <property name="java.vm.vendor" value="Eclipse Adoptium"/>
    <property name="sun.arch.data.model" value="64"/>
    <property name="user.variant" value=""/>
    <property name="java.vendor.url" value="https://adoptium.net/"/>
    <property name="user.timezone" value="America/Mexico_City"/>
    <property name="org.jboss.logging.provider" value="slf4j"/>
    <property name="os.name" value="Windows 11"/>
    <property name="java.vm.specification.version" value="17"/>
    <property name="sun.java.launcher" value="SUN_STANDARD"/>
    <property name="user.country" value="MX"/>
    <property name="sun.boot.library.path" value="C:\Program Files\Spring Tool Suite\sts-4.22.0.RELEASE\plugins\org.eclipse.justj.openjdk.hotspot.jre.full.win32.x86_64_17.0.10.v20240120-1143\jre\bin"/>
    <property name="sun.java.command" value="C:\Users\alexc\AppData\Local\Temp\surefire4263377969274566150\surefirebooter-20240701031000264_3.jar C:\Users\alexc\AppData\Local\Temp\surefire4263377969274566150 2024-07-01T03-10-00_127-jvmRun1 surefire-20240701031000264_1tmp surefire_0-20240701031000264_2tmp"/>
    <property name="jdk.debug" value="release"/>
    <property name="surefire.test.class.path" value="C:\Users\alexc\git\app-i-mini\ApiInventarioMini\target\test-classes;C:\Users\alexc\git\app-i-mini\ApiInventarioMini\target\classes;C:\Users\alexc\.m2\repository\org\springframework\boot\spring-boot-starter-data-jpa\3.2.4\spring-boot-starter-data-jpa-3.2.4.jar;C:\Users\alexc\.m2\repository\org\springframework\boot\spring-boot-starter-aop\3.2.4\spring-boot-starter-aop-3.2.4.jar;C:\Users\alexc\.m2\repository\org\springframework\spring-aop\6.1.5\spring-aop-6.1.5.jar;C:\Users\alexc\.m2\repository\org\aspectj\aspectjweaver\1.9.21\aspectjweaver-1.9.21.jar;C:\Users\alexc\.m2\repository\org\springframework\boot\spring-boot-starter-jdbc\3.2.4\spring-boot-starter-jdbc-3.2.4.jar;C:\Users\alexc\.m2\repository\com\zaxxer\HikariCP\5.0.1\HikariCP-5.0.1.jar;C:\Users\alexc\.m2\repository\org\springframework\spring-jdbc\6.1.5\spring-jdbc-6.1.5.jar;C:\Users\alexc\.m2\repository\org\hibernate\orm\hibernate-core\6.4.4.Final\hibernate-core-6.4.4.Final.jar;C:\Users\alexc\.m2\repository\jakarta\persistence\jakarta.persistence-api\3.1.0\jakarta.persistence-api-3.1.0.jar;C:\Users\alexc\.m2\repository\jakarta\transaction\jakarta.transaction-api\2.0.1\jakarta.transaction-api-2.0.1.jar;C:\Users\alexc\.m2\repository\org\jboss\logging\jboss-logging\3.5.3.Final\jboss-logging-3.5.3.Final.jar;C:\Users\alexc\.m2\repository\org\hibernate\common\hibernate-commons-annotations\6.0.6.Final\hibernate-commons-annotations-6.0.6.Final.jar;C:\Users\alexc\.m2\repository\io\smallrye\jandex\3.1.2\jandex-3.1.2.jar;C:\Users\alexc\.m2\repository\com\fasterxml\classmate\1.6.0\classmate-1.6.0.jar;C:\Users\alexc\.m2\repository\net\bytebuddy\byte-buddy\1.14.12\byte-buddy-1.14.12.jar;C:\Users\alexc\.m2\repository\org\glassfish\jaxb\jaxb-runtime\4.0.5\jaxb-runtime-4.0.5.jar;C:\Users\alexc\.m2\repository\org\glassfish\jaxb\jaxb-core\4.0.5\jaxb-core-4.0.5.jar;C:\Users\alexc\.m2\repository\org\eclipse\angus\angus-activation\2.0.2\angus-activation-2.0.2.jar;C:\Users\alexc\.m2\repository\org\glassfish\jaxb\txw2\4.0.5\txw2-4.0.5.jar;C:\Users\alexc\.m2\repository\com\sun\istack\istack-commons-runtime\4.1.2\istack-commons-runtime-4.1.2.jar;C:\Users\alexc\.m2\repository\jakarta\inject\jakarta.inject-api\2.0.1\jakarta.inject-api-2.0.1.jar;C:\Users\alexc\.m2\repository\org\antlr\antlr4-runtime\4.13.0\antlr4-runtime-4.13.0.jar;C:\Users\alexc\.m2\repository\org\springframework\data\spring-data-jpa\3.2.4\spring-data-jpa-3.2.4.jar;C:\Users\alexc\.m2\repository\org\springframework\data\spring-data-commons\3.2.4\spring-data-commons-3.2.4.jar;C:\Users\alexc\.m2\repository\org\springframework\spring-orm\6.1.5\spring-orm-6.1.5.jar;C:\Users\alexc\.m2\repository\org\springframework\spring-context\6.1.5\spring-context-6.1.5.jar;C:\Users\alexc\.m2\repository\org\springframework\spring-tx\6.1.5\spring-tx-6.1.5.jar;C:\Users\alexc\.m2\repository\org\springframework\spring-beans\6.1.5\spring-beans-6.1.5.jar;C:\Users\alexc\.m2\repository\jakarta\annotation\jakarta.annotation-api\2.1.1\jakarta.annotation-api-2.1.1.jar;C:\Users\alexc\.m2\repository\org\slf4j\slf4j-api\2.0.12\slf4j-api-2.0.12.jar;C:\Users\alexc\.m2\repository\org\springframework\spring-aspects\6.1.5\spring-aspects-6.1.5.jar;C:\Users\alexc\.m2\repository\org\springframework\boot\spring-boot-starter-validation\3.2.4\spring-boot-starter-validation-3.2.4.jar;C:\Users\alexc\.m2\repository\org\springframework\boot\spring-boot-starter\3.2.4\spring-boot-starter-3.2.4.jar;C:\Users\alexc\.m2\repository\org\springframework\boot\spring-boot-starter-logging\3.2.4\spring-boot-starter-logging-3.2.4.jar;C:\Users\alexc\.m2\repository\ch\qos\logback\logback-classic\1.4.14\logback-classic-1.4.14.jar;C:\Users\alexc\.m2\repository\ch\qos\logback\logback-core\1.4.14\logback-core-1.4.14.jar;C:\Users\alexc\.m2\repository\org\apache\logging\log4j\log4j-to-slf4j\2.21.1\log4j-to-slf4j-2.21.1.jar;C:\Users\alexc\.m2\repository\org\apache\logging\log4j\log4j-api\2.21.1\log4j-api-2.21.1.jar;C:\Users\alexc\.m2\repository\org\slf4j\jul-to-slf4j\2.0.12\jul-to-slf4j-2.0.12.jar;C:\Users\alexc\.m2\repository\org\yaml\snakeyaml\2.2\snakeyaml-2.2.jar;C:\Users\alexc\.m2\repository\org\apache\tomcat\embed\tomcat-embed-el\10.1.19\tomcat-embed-el-10.1.19.jar;C:\Users\alexc\.m2\repository\org\hibernate\validator\hibernate-validator\8.0.1.Final\hibernate-validator-8.0.1.Final.jar;C:\Users\alexc\.m2\repository\jakarta\validation\jakarta.validation-api\3.0.2\jakarta.validation-api-3.0.2.jar;C:\Users\alexc\.m2\repository\org\springframework\boot\spring-boot-starter-web\3.2.4\spring-boot-starter-web-3.2.4.jar;C:\Users\alexc\.m2\repository\org\springframework\boot\spring-boot-starter-json\3.2.4\spring-boot-starter-json-3.2.4.jar;C:\Users\alexc\.m2\repository\com\fasterxml\jackson\core\jackson-databind\2.15.4\jackson-databind-2.15.4.jar;C:\Users\alexc\.m2\repository\com\fasterxml\jackson\core\jackson-annotations\2.15.4\jackson-annotations-2.15.4.jar;C:\Users\alexc\.m2\repository\com\fasterxml\jackson\core\jackson-core\2.15.4\jackson-core-2.15.4.jar;C:\Users\alexc\.m2\repository\com\fasterxml\jackson\datatype\jackson-datatype-jdk8\2.15.4\jackson-datatype-jdk8-2.15.4.jar;C:\Users\alexc\.m2\repository\com\fasterxml\jackson\datatype\jackson-datatype-jsr310\2.15.4\jackson-datatype-jsr310-2.15.4.jar;C:\Users\alexc\.m2\repository\com\fasterxml\jackson\module\jackson-module-parameter-names\2.15.4\jackson-module-parameter-names-2.15.4.jar;C:\Users\alexc\.m2\repository\org\springframework\boot\spring-boot-starter-tomcat\3.2.4\spring-boot-starter-tomcat-3.2.4.jar;C:\Users\alexc\.m2\repository\org\apache\tomcat\embed\tomcat-embed-core\10.1.19\tomcat-embed-core-10.1.19.jar;C:\Users\alexc\.m2\repository\org\apache\tomcat\embed\tomcat-embed-websocket\10.1.19\tomcat-embed-websocket-10.1.19.jar;C:\Users\alexc\.m2\repository\org\springframework\spring-web\6.1.5\spring-web-6.1.5.jar;C:\Users\alexc\.m2\repository\io\micrometer\micrometer-observation\1.12.4\micrometer-observation-1.12.4.jar;C:\Users\alexc\.m2\repository\io\micrometer\micrometer-commons\1.12.4\micrometer-commons-1.12.4.jar;C:\Users\alexc\.m2\repository\org\springframework\spring-webmvc\6.1.5\spring-webmvc-6.1.5.jar;C:\Users\alexc\.m2\repository\org\springframework\spring-expression\6.1.5\spring-expression-6.1.5.jar;C:\Users\alexc\.m2\repository\org\springframework\boot\spring-boot-devtools\3.2.4\spring-boot-devtools-3.2.4.jar;C:\Users\alexc\.m2\repository\org\springframework\boot\spring-boot\3.2.4\spring-boot-3.2.4.jar;C:\Users\alexc\.m2\repository\org\springframework\boot\spring-boot-autoconfigure\3.2.4\spring-boot-autoconfigure-3.2.4.jar;C:\Users\alexc\.m2\repository\com\mysql\mysql-connector-j\8.3.0\mysql-connector-j-8.3.0.jar;C:\Users\alexc\.m2\repository\org\postgresql\postgresql\42.6.2\postgresql-42.6.2.jar;C:\Users\alexc\.m2\repository\org\checkerframework\checker-qual\3.31.0\checker-qual-3.31.0.jar;C:\Users\alexc\.m2\repository\org\projectlombok\lombok\1.18.30\lombok-1.18.30.jar;C:\Users\alexc\.m2\repository\org\springframework\boot\spring-boot-starter-test\3.2.4\spring-boot-starter-test-3.2.4.jar;C:\Users\alexc\.m2\repository\org\springframework\boot\spring-boot-test\3.2.4\spring-boot-test-3.2.4.jar;C:\Users\alexc\.m2\repository\org\springframework\boot\spring-boot-test-autoconfigure\3.2.4\spring-boot-test-autoconfigure-3.2.4.jar;C:\Users\alexc\.m2\repository\com\jayway\jsonpath\json-path\2.9.0\json-path-2.9.0.jar;C:\Users\alexc\.m2\repository\jakarta\xml\bind\jakarta.xml.bind-api\4.0.2\jakarta.xml.bind-api-4.0.2.jar;C:\Users\alexc\.m2\repository\jakarta\activation\jakarta.activation-api\2.1.3\jakarta.activation-api-2.1.3.jar;C:\Users\alexc\.m2\repository\net\minidev\json-smart\2.5.0\json-smart-2.5.0.jar;C:\Users\alexc\.m2\repository\net\minidev\accessors-smart\2.5.0\accessors-smart-2.5.0.jar;C:\Users\alexc\.m2\repository\org\ow2\asm\asm\9.3\asm-9.3.jar;C:\Users\alexc\.m2\repository\org\assertj\assertj-core\3.24.2\assertj-core-3.24.2.jar;C:\Users\alexc\.m2\repository\org\awaitility\awaitility\4.2.0\awaitility-4.2.0.jar;C:\Users\alexc\.m2\repository\org\hamcrest\hamcrest\2.2\hamcrest-2.2.jar;C:\Users\alexc\.m2\repository\org\junit\jupiter\junit-jupiter\5.10.2\junit-jupiter-5.10.2.jar;C:\Users\alexc\.m2\repository\org\junit\jupiter\junit-jupiter-api\5.10.2\junit-jupiter-api-5.10.2.jar;C:\Users\alexc\.m2\repository\org\opentest4j\opentest4j\1.3.0\opentest4j-1.3.0.jar;C:\Users\alexc\.m2\repository\org\junit\platform\junit-platform-commons\1.10.2\junit-platform-commons-1.10.2.jar;C:\Users\alexc\.m2\repository\org\apiguardian\apiguardian-api\1.1.2\apiguardian-api-1.1.2.jar;C:\Users\alexc\.m2\repository\org\junit\jupiter\junit-jupiter-params\5.10.2\junit-jupiter-params-5.10.2.jar;C:\Users\alexc\.m2\repository\org\junit\jupiter\junit-jupiter-engine\5.10.2\junit-jupiter-engine-5.10.2.jar;C:\Users\alexc\.m2\repository\org\junit\platform\junit-platform-engine\1.10.2\junit-platform-engine-1.10.2.jar;C:\Users\alexc\.m2\repository\org\mockito\mockito-core\5.7.0\mockito-core-5.7.0.jar;C:\Users\alexc\.m2\repository\net\bytebuddy\byte-buddy-agent\1.14.12\byte-buddy-agent-1.14.12.jar;C:\Users\alexc\.m2\repository\org\objenesis\objenesis\3.3\objenesis-3.3.jar;C:\Users\alexc\.m2\repository\org\mockito\mockito-junit-jupiter\5.7.0\mockito-junit-jupiter-5.7.0.jar;C:\Users\alexc\.m2\repository\org\skyscreamer\jsonassert\1.5.1\jsonassert-1.5.1.jar;C:\Users\alexc\.m2\repository\com\vaadin\external\google\android-json\0.0.20131108.vaadin1\android-json-0.0.20131108.vaadin1.jar;C:\Users\alexc\.m2\repository\org\springframework\spring-core\6.1.5\spring-core-6.1.5.jar;C:\Users\alexc\.m2\repository\org\springframework\spring-jcl\6.1.5\spring-jcl-6.1.5.jar;C:\Users\alexc\.m2\repository\org\springframework\spring-test\6.1.5\spring-test-6.1.5.jar;C:\Users\alexc\.m2\repository\org\xmlunit\xmlunit-core\2.9.1\xmlunit-core-2.9.1.jar;"/>
    <property name="sun.cpu.endian" value="little"/>
    <property name="user.home" value="C:\Users\alexc"/>
    <property name="user.language" value="es"/>
    <property name="java.specification.vendor" value="Oracle Corporation"/>
    <property name="java.version.date" value="2024-01-16"/>
    <property name="java.home" value="C:\Program Files\Spring Tool Suite\sts-4.22.0.RELEASE\plugins\org.eclipse.justj.openjdk.hotspot.jre.full.win32.x86_64_17.0.10.v20240120-1143\jre"/>
    <property name="file.separator" value="\"/>
    <property name="style.color" value="always"/>
    <property name="basedir" value="C:\Users\alexc\git\app-i-mini\ApiInventarioMini"/>
    <property name="java.vm.compressedOopsMode" value="Zero based"/>
    <property name="line.separator" value="&#10;"/>
    <property name="java.vm.specification.vendor" value="Oracle Corporation"/>
    <property name="java.specification.name" value="Java Platform API Specification"/>
    <property name="FILE_LOG_CHARSET" value="windows-1252"/>
    <property name="java.awt.headless" value="true"/>
    <property name="surefire.real.class.path" value="C:\Users\alexc\AppData\Local\Temp\surefire4263377969274566150\surefirebooter-20240701031000264_3.jar"/>
    <property name="user.script" value=""/>
    <property name="sun.management.compiler" value="HotSpot 64-Bit Tiered Compilers"/>
    <property name="java.runtime.version" value="17.0.10+7"/>
    <property name="user.name" value="alexc"/>
    <property name="path.separator" value=";"/>
    <property name="os.version" value="10.0"/>
    <property name="java.runtime.name" value="OpenJDK Runtime Environment"/>
    <property name="file.encoding" value="Cp1252"/>
    <property name="java.vm.name" value="OpenJDK 64-Bit Server VM"/>
    <property name="java.vendor.version" value="Temurin-17.0.10+7"/>
    <property name="localRepository" value="C:\Users\alexc\.m2\repository"/>
    <property name="java.vendor.url.bug" value="https://github.com/adoptium/adoptium-support/issues"/>
    <property name="java.io.tmpdir" value="C:\Users\alexc\AppData\Local\Temp\"/>
    <property name="com.zaxxer.hikari.pool_number" value="1"/>
    <property name="java.version" value="17.0.10"/>
    <property name="user.dir" value="C:\Users\alexc\git\app-i-mini\ApiInventarioMini"/>
    <property name="os.arch" value="amd64"/>
    <property name="java.vm.specification.name" value="Java Virtual Machine Specification"/>
    <property name="PID" value="22516"/>
    <property name="sun.os.patch.level" value=""/>
    <property name="CONSOLE_LOG_CHARSET" value="windows-1252"/>
    <property name="native.encoding" value="Cp1252"/>
    <property name="java.library.path" value="C:\Program Files\Spring Tool Suite\sts-4.22.0.RELEASE\plugins\org.eclipse.justj.openjdk.hotspot.jre.full.win32.x86_64_17.0.10.v20240120-1143\jre\bin;C:\WINDOWS\Sun\Java\bin;C:\WINDOWS\system32;C:\WINDOWS;C:/Program Files/Spring Tool Suite/sts-4.22.0.RELEASE//plugins/org.eclipse.justj.openjdk.hotspot.jre.full.win32.x86_64_17.0.10.v20240120-1143/jre/bin/server;C:/Program Files/Spring Tool Suite/sts-4.22.0.RELEASE//plugins/org.eclipse.justj.openjdk.hotspot.jre.full.win32.x86_64_17.0.10.v20240120-1143/jre/bin;C:\windows\system32;C:\windows;C:\windows\System32\Wbem;C:\windows\System32\WindowsPowerShell\v1.0\;C:\windows\System32\OpenSSH\;C:\Program Files (x86)\NVIDIA Corporation\PhysX\Common;C:\MinGW\bin;C:\Program Files\MySQL\MySQL Server 8.0\bin;C:\Program Files\NVIDIA Corporation\NVIDIA NvDLISR;C:\Program Files\MATLAB\R2022b\bin;C:\GnuWin32\bin;C:\Program Files (x86)\IVI Foundation\VISA\WinNT\Bin\;C:\Program Files\IVI Foundation\VISA\Win64\Bin\;C:\Program Files (x86)\National Instruments\Shared\LabVIEW CLI;C:\Program Files (x86)\IVI Foundation\VISA\WinNT\Bin;C:\WINDOWS\system32;C:\WINDOWS;C:\WINDOWS\System32\Wbem;C:\WINDOWS\System32\WindowsPowerShell\v1.0\;C:\WINDOWS\System32\OpenSSH\;K:\Microchip\xc8\v2.40\bin;C:\Program Files\Docker\Docker\resources\bin;C:\Program Files\Graphviz\bin;C:\Program Files\HP\HP One Agent;C:\Program Files\Java\jdk-17\bin;C:\Program Files\nodejs\;C:\Program Files\Git\cmd;C:\Users\alexc\AppData\Local\Programs\Python\Python37\Scripts\;C:\Users\alexc\AppData\Local\Programs\Python\Python37\;C:\Users\alexc\AppData\Local\Microsoft\WindowsApps;C:\Users\alexc\AppData\Local\Programs\Microsoft VS Code\bin;C:\Users\alexc\AppData\Local\GitHubDesktop\bin;C:\Program Files\heroku\bin;C:\intelFPGA\20.1\modelsim_ase\win32aloem;C:\Program Files\MySQL\MySQL Server 8.0\bin\;;K:\Pycharm\PyCharm Community Edition 2022.3.2\bin;;C:\Users\alexc\AppData\Roaming\npm;C:\Program Files\Spring Tool Suite\sts-4.22.0.RELEASE;;."/>
    <property name="java.vm.info" value="mixed mode"/>
    <property name="java.vendor" value="Eclipse Adoptium"/>
    <property name="java.vm.version" value="17.0.10+7"/>
    <property name="sun.io.unicode.encoding" value="UnicodeLittle"/>
    <property name="java.class.version" value="61.0"/>
    <property name="LOGGED_APPLICATION_NAME" value="[ApiInventarioMini] "/>
  </properties>
  <testcase name="contextLoads" classname="com.ipn.mx.ApiInventarioMiniApplicationTests" time="0.47">
    <system-out><![CDATA[03:10:00.998 [main] INFO org.springframework.test.context.support.AnnotationConfigContextLoaderUtils -- Could not detect default configuration classes for test class [com.ipn.mx.ApiInventarioMiniApplicationTests]: ApiInventarioMiniApplicationTests does not declare any static, non-private, non-final, nested classes annotated with @Configuration.
03:10:01.071 [main] INFO org.springframework.boot.test.context.SpringBootTestContextBootstrapper -- Found @SpringBootConfiguration com.ipn.mx.ApiInventarioMiniApplication for test class com.ipn.mx.ApiInventarioMiniApplicationTests
03:10:01.217 [main] INFO org.springframework.boot.devtools.restart.RestartApplicationListener -- Restart disabled due to context in which it is running

  .   ____          _            __ _ _
 /\\ / ___'_ __ _ _(_)_ __  __ _ \ \ \ \
( ( )\___ | '_ | '_| | '_ \/ _` | \ \ \ \
 \\/  ___)| |_)| | | | | || (_| |  ) ) ) )
  '  |____| .__|_| |_|_| |_\__, | / / / /
 =========|_|==============|___/=/_/_/_/
 :: Spring Boot ::                (v3.2.4)

2024-07-01T03:10:01.454-06:00 DEBUG 22516 --- [ApiInventarioMini] [kground-preinit] o.h.v.i.xml.config.ValidationXmlParser   : Trying to load META-INF/validation.xml for XML based Validator configuration.
2024-07-01T03:10:01.456-06:00 DEBUG 22516 --- [ApiInventarioMini] [kground-preinit] o.h.v.i.xml.config.ResourceLoaderHelper  : Trying to load META-INF/validation.xml via TCCL
2024-07-01T03:10:01.457-06:00 DEBUG 22516 --- [ApiInventarioMini] [kground-preinit] o.h.v.i.xml.config.ResourceLoaderHelper  : Trying to load META-INF/validation.xml via Hibernate Validator's class loader
2024-07-01T03:10:01.457-06:00 DEBUG 22516 --- [ApiInventarioMini] [kground-preinit] o.h.v.i.xml.config.ValidationXmlParser   : No META-INF/validation.xml found. Using annotation based configuration only.
2024-07-01T03:10:01.461-06:00 DEBUG 22516 --- [ApiInventarioMini] [kground-preinit] o.h.v.i.e.resolver.TraversableResolvers  : Found jakarta.persistence.Persistence on classpath containing 'getPersistenceUtil'. Assuming JPA 2 environment. Trying to instantiate JPA aware TraversableResolver
2024-07-01T03:10:01.462-06:00 DEBUG 22516 --- [ApiInventarioMini] [kground-preinit] o.h.v.i.e.resolver.TraversableResolvers  : Instantiated JPA aware TraversableResolver of type org.hibernate.validator.internal.engine.resolver.JPATraversableResolver.
2024-07-01T03:10:01.471-06:00  INFO 22516 --- [ApiInventarioMini] [           main] c.i.m.ApiInventarioMiniApplicationTests  : Starting ApiInventarioMiniApplicationTests using Java 17.0.10 with PID 22516 (started by alexc in C:\Users\alexc\git\app-i-mini\ApiInventarioMini)
2024-07-01T03:10:01.471-06:00  INFO 22516 --- [ApiInventarioMini] [           main] c.i.m.ApiInventarioMiniApplicationTests  : No active profile set, falling back to 1 default profile: "default"
2024-07-01T03:10:01.479-06:00 DEBUG 22516 --- [ApiInventarioMini] [kground-preinit] .h.v.m.ResourceBundleMessageInterpolator : Loaded expression factory via original TCCL
2024-07-01T03:10:01.559-06:00 DEBUG 22516 --- [ApiInventarioMini] [kground-preinit] .i.e.ValidatorFactoryConfigurationHelper : HV000252: Using org.hibernate.validator.internal.engine.DefaultPropertyNodeNameProvider as property node name provider.
2024-07-01T03:10:01.563-06:00 DEBUG 22516 --- [ApiInventarioMini] [kground-preinit] .i.e.ValidatorFactoryConfigurationHelper : HV000234: Using org.hibernate.validator.messageinterpolation.ResourceBundleMessageInterpolator as ValidatorFactory-scoped message interpolator.
2024-07-01T03:10:01.563-06:00 DEBUG 22516 --- [ApiInventarioMini] [kground-preinit] .i.e.ValidatorFactoryConfigurationHelper : HV000234: Using org.hibernate.validator.internal.engine.resolver.JPATraversableResolver as ValidatorFactory-scoped traversable resolver.
2024-07-01T03:10:01.563-06:00 DEBUG 22516 --- [ApiInventarioMini] [kground-preinit] .i.e.ValidatorFactoryConfigurationHelper : HV000234: Using org.hibernate.validator.internal.util.ExecutableParameterNameProvider as ValidatorFactory-scoped parameter name provider.
2024-07-01T03:10:01.564-06:00 DEBUG 22516 --- [ApiInventarioMini] [kground-preinit] .i.e.ValidatorFactoryConfigurationHelper : HV000234: Using org.hibernate.validator.internal.engine.DefaultClockProvider as ValidatorFactory-scoped clock provider.
2024-07-01T03:10:01.564-06:00 DEBUG 22516 --- [ApiInventarioMini] [kground-preinit] .i.e.ValidatorFactoryConfigurationHelper : HV000234: Using org.hibernate.validator.internal.engine.scripting.DefaultScriptEvaluatorFactory as ValidatorFactory-scoped script evaluator factory.
2024-07-01T03:10:02.046-06:00  INFO 22516 --- [ApiInventarioMini] [           main] .s.d.r.c.RepositoryConfigurationDelegate : Bootstrapping Spring Data JPA repositories in DEFAULT mode.
2024-07-01T03:10:02.131-06:00  INFO 22516 --- [ApiInventarioMini] [           main] .s.d.r.c.RepositoryConfigurationDelegate : Finished Spring Data repository scanning in 72 ms. Found 2 JPA repository interfaces.
2024-07-01T03:10:02.548-06:00 DEBUG 22516 --- [ApiInventarioMini] [           main] o.hibernate.jpa.internal.util.LogHelper  : PersistenceUnitInfo [
	name: default
	persistence provider classname: null
	classloader: jdk.internal.loader.ClassLoaders$AppClassLoader@28c97a5
	excludeUnlistedClasses: true
	JTA datasource: null
	Non JTA datasource: HikariDataSource (null)
	Transaction type: RESOURCE_LOCAL
	PU root URL: file:/C:/Users/alexc/git/app-i-mini/ApiInventarioMini/target/test-classes/
	Shared Cache Mode: UNSPECIFIED
	Validation Mode: AUTO
	Jar files URLs []
	Managed classes names [
		com.ipn.mx.domain.entity.Categoria
		com.ipn.mx.domain.entity.Producto]
	Mapping files names []
	Properties []
2024-07-01T03:10:02.560-06:00 DEBUG 22516 --- [ApiInventarioMini] [           main] o.h.i.internal.IntegratorServiceImpl     : Adding Integrator [org.hibernate.boot.beanvalidation.BeanValidationIntegrator].
2024-07-01T03:10:02.562-06:00 DEBUG 22516 --- [ApiInventarioMini] [           main] o.h.i.internal.IntegratorServiceImpl     : Adding Integrator [org.hibernate.cache.internal.CollectionCacheInvalidator].
2024-07-01T03:10:02.619-06:00  INFO 22516 --- [ApiInventarioMini] [           main] org.hibernate.Version                    : HHH000412: Hibernate ORM core version 6.4.4.Final
2024-07-01T03:10:02.620-06:00 DEBUG 22516 --- [ApiInventarioMini] [           main] org.hibernate.cfg.Environment            : HHH000206: 'hibernate.properties' not found
2024-07-01T03:10:02.649-06:00 DEBUG 22516 --- [ApiInventarioMini] [           main] org.hibernate.orm.idgen.factory          : Registering IdentifierGenerator strategy [uuid2] -> [org.hibernate.id.UUIDGenerator]
2024-07-01T03:10:02.650-06:00 DEBUG 22516 --- [ApiInventarioMini] [           main] org.hibernate.orm.idgen.factory          : Registering IdentifierGenerator strategy [guid] -> [org.hibernate.id.GUIDGenerator]
2024-07-01T03:10:02.650-06:00 DEBUG 22516 --- [ApiInventarioMini] [           main] org.hibernate.orm.idgen.factory          : Registering IdentifierGenerator strategy [uuid] -> [org.hibernate.id.UUIDHexGenerator]
2024-07-01T03:10:02.650-06:00 DEBUG 22516 --- [ApiInventarioMini] [           main] org.hibernate.orm.idgen.factory          : Registering IdentifierGenerator strategy [uuid.hex] -> [org.hibernate.id.UUIDHexGenerator]
2024-07-01T03:10:02.651-06:00 DEBUG 22516 --- [ApiInventarioMini] [           main] org.hibernate.orm.idgen.factory          : Registering IdentifierGenerator strategy [assigned] -> [org.hibernate.id.Assigned]
2024-07-01T03:10:02.651-06:00 DEBUG 22516 --- [ApiInventarioMini] [           main] org.hibernate.orm.idgen.factory          : Registering IdentifierGenerator strategy [identity] -> [org.hibernate.id.IdentityGenerator]
2024-07-01T03:10:02.652-06:00 DEBUG 22516 --- [ApiInventarioMini] [           main] org.hibernate.orm.idgen.factory          : Registering IdentifierGenerator strategy [select] -> [org.hibernate.id.SelectGenerator]
2024-07-01T03:10:02.654-06:00 DEBUG 22516 --- [ApiInventarioMini] [           main] org.hibernate.orm.idgen.factory          : Registering IdentifierGenerator strategy [sequence] -> [org.hibernate.id.enhanced.SequenceStyleGenerator]
2024-07-01T03:10:02.654-06:00 DEBUG 22516 --- [ApiInventarioMini] [           main] org.hibernate.orm.idgen.factory          : Registering IdentifierGenerator strategy [increment] -> [org.hibernate.id.IncrementGenerator]
2024-07-01T03:10:02.655-06:00 DEBUG 22516 --- [ApiInventarioMini] [           main] org.hibernate.orm.idgen.factory          : Registering IdentifierGenerator strategy [foreign] -> [org.hibernate.id.ForeignGenerator]
2024-07-01T03:10:02.655-06:00 DEBUG 22516 --- [ApiInventarioMini] [           main] org.hibernate.orm.idgen.factory          : Registering IdentifierGenerator strategy [enhanced-sequence] -> [org.hibernate.id.enhanced.SequenceStyleGenerator]
2024-07-01T03:10:02.655-06:00 DEBUG 22516 --- [ApiInventarioMini] [           main] org.hibernate.orm.idgen.factory          : Registering IdentifierGenerator strategy [enhanced-table] -> [org.hibernate.id.enhanced.TableGenerator]
2024-07-01T03:10:02.662-06:00 DEBUG 22516 --- [ApiInventarioMini] [           main] o.h.c.internal.RegionFactoryInitiator    : Cannot default RegionFactory based on registered strategies as `[]` RegionFactory strategies were registered
2024-07-01T03:10:02.663-06:00  INFO 22516 --- [ApiInventarioMini] [           main] o.h.c.internal.RegionFactoryInitiator    : HHH000026: Second-level cache disabled
2024-07-01T03:10:02.808-06:00 DEBUG 22516 --- [ApiInventarioMini] [           main] org.hibernate.type.BasicTypeRegistry     : Adding type registration boolean -> org.hibernate.type.BasicTypeReference@1a1c21b4
2024-07-01T03:10:02.809-06:00 DEBUG 22516 --- [ApiInventarioMini] [           main] org.hibernate.type.BasicTypeRegistry     : Adding type registration boolean -> org.hibernate.type.BasicTypeReference@1a1c21b4
2024-07-01T03:10:02.809-06:00 DEBUG 22516 --- [ApiInventarioMini] [           main] org.hibernate.type.BasicTypeRegistry     : Adding type registration java.lang.Boolean -> org.hibernate.type.BasicTypeReference@1a1c21b4
2024-07-01T03:10:02.809-06:00 DEBUG 22516 --- [ApiInventarioMini] [           main] org.hibernate.type.BasicTypeRegistry     : Adding type registration numeric_boolean -> org.hibernate.type.BasicTypeReference@1cd2ff5b
2024-07-01T03:10:02.809-06:00 DEBUG 22516 --- [ApiInventarioMini] [           main] org.hibernate.type.BasicTypeRegistry     : Adding type registration org.hibernate.type.NumericBooleanConverter -> org.hibernate.type.BasicTypeReference@1cd2ff5b
2024-07-01T03:10:02.809-06:00 DEBUG 22516 --- [ApiInventarioMini] [           main] org.hibernate.type.BasicTypeRegistry     : Adding type registration true_false -> org.hibernate.type.BasicTypeReference@38ac8968
2024-07-01T03:10:02.809-06:00 DEBUG 22516 --- [ApiInventarioMini] [           main] org.hibernate.type.BasicTypeRegistry     : Adding type registration org.hibernate.type.TrueFalseConverter -> org.hibernate.type.BasicTypeReference@38ac8968
2024-07-01T03:10:02.809-06:00 DEBUG 22516 --- [ApiInventarioMini] [           main] org.hibernate.type.BasicTypeRegistry     : Adding type registration yes_no -> org.hibernate.type.BasicTypeReference@17ff8810
2024-07-01T03:10:02.809-06:00 DEBUG 22516 --- [ApiInventarioMini] [           main] org.hibernate.type.BasicTypeRegistry     : Adding type registration org.hibernate.type.YesNoConverter -> org.hibernate.type.BasicTypeReference@17ff8810
2024-07-01T03:10:02.809-06:00 DEBUG 22516 --- [ApiInventarioMini] [           main] org.hibernate.type.BasicTypeRegistry     : Adding type registration byte -> org.hibernate.type.BasicTypeReference@6c951ada
2024-07-01T03:10:02.809-06:00 DEBUG 22516 --- [ApiInventarioMini] [           main] org.hibernate.type.BasicTypeRegistry     : Adding type registration byte -> org.hibernate.type.BasicTypeReference@6c951ada
2024-07-01T03:10:02.809-06:00 DEBUG 22516 --- [ApiInventarioMini] [           main] org.hibernate.type.BasicTypeRegistry     : Adding type registration java.lang.Byte -> org.hibernate.type.BasicTypeReference@6c951ada
2024-07-01T03:10:02.810-06:00 DEBUG 22516 --- [ApiInventarioMini] [           main] org.hibernate.type.BasicTypeRegistry     : Adding type registration binary -> org.hibernate.type.BasicTypeReference@67b61834
2024-07-01T03:10:02.810-06:00 DEBUG 22516 --- [ApiInventarioMini] [           main] org.hibernate.type.BasicTypeRegistry     : Adding type registration byte[] -> org.hibernate.type.BasicTypeReference@67b61834
2024-07-01T03:10:02.810-06:00 DEBUG 22516 --- [ApiInventarioMini] [           main] org.hibernate.type.BasicTypeRegistry     : Adding type registration [B -> org.hibernate.type.BasicTypeReference@67b61834
2024-07-01T03:10:02.810-06:00 DEBUG 22516 --- [ApiInventarioMini] [           main] org.hibernate.type.BasicTypeRegistry     : Adding type registration binary_wrapper -> org.hibernate.type.BasicTypeReference@3b0d3a63
2024-07-01T03:10:02.810-06:00 DEBUG 22516 --- [ApiInventarioMini] [           main] org.hibernate.type.BasicTypeRegistry     : Adding type registration wrapper-binary -> org.hibernate.type.BasicTypeReference@3b0d3a63
2024-07-01T03:10:02.810-06:00 DEBUG 22516 --- [ApiInventarioMini] [           main] org.hibernate.type.BasicTypeRegistry     : Adding type registration image -> org.hibernate.type.BasicTypeReference@50598a1a
2024-07-01T03:10:02.810-06:00 DEBUG 22516 --- [ApiInventarioMini] [           main] org.hibernate.type.BasicTypeRegistry     : Adding type registration blob -> org.hibernate.type.BasicTypeReference@14de1901
2024-07-01T03:10:02.811-06:00 DEBUG 22516 --- [ApiInventarioMini] [           main] org.hibernate.type.BasicTypeRegistry     : Adding type registration java.sql.Blob -> org.hibernate.type.BasicTypeReference@14de1901
2024-07-01T03:10:02.811-06:00 DEBUG 22516 --- [ApiInventarioMini] [           main] org.hibernate.type.BasicTypeRegistry     : Adding type registration materialized_blob -> org.hibernate.type.BasicTypeReference@437ed416
2024-07-01T03:10:02.811-06:00 DEBUG 22516 --- [ApiInventarioMini] [           main] org.hibernate.type.BasicTypeRegistry     : Adding type registration materialized_blob_wrapper -> org.hibernate.type.BasicTypeReference@11f23038
2024-07-01T03:10:02.811-06:00 DEBUG 22516 --- [ApiInventarioMini] [           main] org.hibernate.type.BasicTypeRegistry     : Adding type registration short -> org.hibernate.type.BasicTypeReference@de77146
2024-07-01T03:10:02.811-06:00 DEBUG 22516 --- [ApiInventarioMini] [           main] org.hibernate.type.BasicTypeRegistry     : Adding type registration short -> org.hibernate.type.BasicTypeReference@de77146
2024-07-01T03:10:02.811-06:00 DEBUG 22516 --- [ApiInventarioMini] [           main] org.hibernate.type.BasicTypeRegistry     : Adding type registration java.lang.Short -> org.hibernate.type.BasicTypeReference@de77146
2024-07-01T03:10:02.811-06:00 DEBUG 22516 --- [ApiInventarioMini] [           main] org.hibernate.type.BasicTypeRegistry     : Adding type registration integer -> org.hibernate.type.BasicTypeReference@691567ea
2024-07-01T03:10:02.811-06:00 DEBUG 22516 --- [ApiInventarioMini] [           main] org.hibernate.type.BasicTypeRegistry     : Adding type registration int -> org.hibernate.type.BasicTypeReference@691567ea
2024-07-01T03:10:02.811-06:00 DEBUG 22516 --- [ApiInventarioMini] [           main] org.hibernate.type.BasicTypeRegistry     : Adding type registration java.lang.Integer -> org.hibernate.type.BasicTypeReference@691567ea
2024-07-01T03:10:02.811-06:00 DEBUG 22516 --- [ApiInventarioMini] [           main] org.hibernate.type.BasicTypeRegistry     : Adding type registration long -> org.hibernate.type.BasicTypeReference@5cfed0ba
2024-07-01T03:10:02.811-06:00 DEBUG 22516 --- [ApiInventarioMini] [           main] org.hibernate.type.BasicTypeRegistry     : Adding type registration long -> org.hibernate.type.BasicTypeReference@5cfed0ba
2024-07-01T03:10:02.811-06:00 DEBUG 22516 --- [ApiInventarioMini] [           main] org.hibernate.type.BasicTypeRegistry     : Adding type registration java.lang.Long -> org.hibernate.type.BasicTypeReference@5cfed0ba
2024-07-01T03:10:02.811-06:00 DEBUG 22516 --- [ApiInventarioMini] [           main] org.hibernate.type.BasicTypeRegistry     : Adding type registration float -> org.hibernate.type.BasicTypeReference@5c8d58ed
2024-07-01T03:10:02.812-06:00 DEBUG 22516 --- [ApiInventarioMini] [           main] org.hibernate.type.BasicTypeRegistry     : Adding type registration float -> org.hibernate.type.BasicTypeReference@5c8d58ed
2024-07-01T03:10:02.812-06:00 DEBUG 22516 --- [ApiInventarioMini] [           main] org.hibernate.type.BasicTypeRegistry     : Adding type registration java.lang.Float -> org.hibernate.type.BasicTypeReference@5c8d58ed
2024-07-01T03:10:02.812-06:00 DEBUG 22516 --- [ApiInventarioMini] [           main] org.hibernate.type.BasicTypeRegistry     : Adding type registration double -> org.hibernate.type.BasicTypeReference@6a567f7b
2024-07-01T03:10:02.812-06:00 DEBUG 22516 --- [ApiInventarioMini] [           main] org.hibernate.type.BasicTypeRegistry     : Adding type registration double -> org.hibernate.type.BasicTypeReference@6a567f7b
2024-07-01T03:10:02.812-06:00 DEBUG 22516 --- [ApiInventarioMini] [           main] org.hibernate.type.BasicTypeRegistry     : Adding type registration java.lang.Double -> org.hibernate.type.BasicTypeReference@6a567f7b
2024-07-01T03:10:02.812-06:00 DEBUG 22516 --- [ApiInventarioMini] [           main] org.hibernate.type.BasicTypeRegistry     : Adding type registration big_integer -> org.hibernate.type.BasicTypeReference@28be7fec
2024-07-01T03:10:02.812-06:00 DEBUG 22516 --- [ApiInventarioMini] [           main] org.hibernate.type.BasicTypeRegistry     : Adding type registration java.math.BigInteger -> org.hibernate.type.BasicTypeReference@28be7fec
2024-07-01T03:10:02.812-06:00 DEBUG 22516 --- [ApiInventarioMini] [           main] org.hibernate.type.BasicTypeRegistry     : Adding type registration big_decimal -> org.hibernate.type.BasicTypeReference@26f0141
2024-07-01T03:10:02.812-06:00 DEBUG 22516 --- [ApiInventarioMini] [           main] org.hibernate.type.BasicTypeRegistry     : Adding type registration java.math.BigDecimal -> org.hibernate.type.BasicTypeReference@26f0141
2024-07-01T03:10:02.813-06:00 DEBUG 22516 --- [ApiInventarioMini] [           main] org.hibernate.type.BasicTypeRegistry     : Adding type registration character -> org.hibernate.type.BasicTypeReference@34136bd1
2024-07-01T03:10:02.813-06:00 DEBUG 22516 --- [ApiInventarioMini] [           main] org.hibernate.type.BasicTypeRegistry     : Adding type registration char -> org.hibernate.type.BasicTypeReference@34136bd1
2024-07-01T03:10:02.813-06:00 DEBUG 22516 --- [ApiInventarioMini] [           main] org.hibernate.type.BasicTypeRegistry     : Adding type registration java.lang.Character -> org.hibernate.type.BasicTypeReference@34136bd1
2024-07-01T03:10:02.813-06:00 DEBUG 22516 --- [ApiInventarioMini] [           main] org.hibernate.type.BasicTypeRegistry     : Adding type registration character_nchar -> org.hibernate.type.BasicTypeReference@6de7778f
2024-07-01T03:10:02.813-06:00 DEBUG 22516 --- [ApiInventarioMini] [           main] org.hibernate.type.BasicTypeRegistry     : Adding type registration string -> org.hibernate.type.BasicTypeReference@367d34c0
2024-07-01T03:10:02.813-06:00 DEBUG 22516 --- [ApiInventarioMini] [           main] org.hibernate.type.BasicTypeRegistry     : Adding type registration java.lang.String -> org.hibernate.type.BasicTypeReference@367d34c0
2024-07-01T03:10:02.813-06:00 DEBUG 22516 --- [ApiInventarioMini] [           main] org.hibernate.type.BasicTypeRegistry     : Adding type registration nstring -> org.hibernate.type.BasicTypeReference@4ce25e47
2024-07-01T03:10:02.813-06:00 DEBUG 22516 --- [ApiInventarioMini] [           main] org.hibernate.type.BasicTypeRegistry     : Adding type registration characters -> org.hibernate.type.BasicTypeReference@6380e9e9
2024-07-01T03:10:02.813-06:00 DEBUG 22516 --- [ApiInventarioMini] [           main] org.hibernate.type.BasicTypeRegistry     : Adding type registration char[] -> org.hibernate.type.BasicTypeReference@6380e9e9
2024-07-01T03:10:02.813-06:00 DEBUG 22516 --- [ApiInventarioMini] [           main] org.hibernate.type.BasicTypeRegistry     : Adding type registration [C -> org.hibernate.type.BasicTypeReference@6380e9e9
2024-07-01T03:10:02.813-06:00 DEBUG 22516 --- [ApiInventarioMini] [           main] org.hibernate.type.BasicTypeRegistry     : Adding type registration wrapper-characters -> org.hibernate.type.BasicTypeReference@350da119
2024-07-01T03:10:02.813-06:00 DEBUG 22516 --- [ApiInventarioMini] [           main] org.hibernate.type.BasicTypeRegistry     : Adding type registration text -> org.hibernate.type.BasicTypeReference@6a09484c
2024-07-01T03:10:02.813-06:00 DEBUG 22516 --- [ApiInventarioMini] [           main] org.hibernate.type.BasicTypeRegistry     : Adding type registration ntext -> org.hibernate.type.BasicTypeReference@34c7232c
2024-07-01T03:10:02.813-06:00 DEBUG 22516 --- [ApiInventarioMini] [           main] org.hibernate.type.BasicTypeRegistry     : Adding type registration clob -> org.hibernate.type.BasicTypeReference@50ec4bfc
2024-07-01T03:10:02.813-06:00 DEBUG 22516 --- [ApiInventarioMini] [           main] org.hibernate.type.BasicTypeRegistry     : Adding type registration java.sql.Clob -> org.hibernate.type.BasicTypeReference@50ec4bfc
2024-07-01T03:10:02.814-06:00 DEBUG 22516 --- [ApiInventarioMini] [           main] org.hibernate.type.BasicTypeRegistry     : Adding type registration nclob -> org.hibernate.type.BasicTypeReference@8b13d91
2024-07-01T03:10:02.814-06:00 DEBUG 22516 --- [ApiInventarioMini] [           main] org.hibernate.type.BasicTypeRegistry     : Adding type registration java.sql.NClob -> org.hibernate.type.BasicTypeReference@8b13d91
2024-07-01T03:10:02.814-06:00 DEBUG 22516 --- [ApiInventarioMini] [           main] org.hibernate.type.BasicTypeRegistry     : Adding type registration materialized_clob -> org.hibernate.type.BasicTypeReference@285a4fe3
2024-07-01T03:10:02.814-06:00 DEBUG 22516 --- [ApiInventarioMini] [           main] org.hibernate.type.BasicTypeRegistry     : Adding type registration materialized_clob_char_array -> org.hibernate.type.BasicTypeReference@2589d787
2024-07-01T03:10:02.814-06:00 DEBUG 22516 --- [ApiInventarioMini] [           main] org.hibernate.type.BasicTypeRegistry     : Adding type registration materialized_clob_character_array -> org.hibernate.type.BasicTypeReference@1788cb61
2024-07-01T03:10:02.814-06:00 DEBUG 22516 --- [ApiInventarioMini] [           main] org.hibernate.type.BasicTypeRegistry     : Adding type registration materialized_nclob -> org.hibernate.type.BasicTypeReference@16d431b4
2024-07-01T03:10:02.814-06:00 DEBUG 22516 --- [ApiInventarioMini] [           main] org.hibernate.type.BasicTypeRegistry     : Adding type registration materialized_nclob_character_array -> org.hibernate.type.BasicTypeReference@6c0b51da
2024-07-01T03:10:02.814-06:00 DEBUG 22516 --- [ApiInventarioMini] [           main] org.hibernate.type.BasicTypeRegistry     : Adding type registration materialized_nclob_char_array -> org.hibernate.type.BasicTypeReference@7558633
2024-07-01T03:10:02.814-06:00 DEBUG 22516 --- [ApiInventarioMini] [           main] org.hibernate.type.BasicTypeRegistry     : Adding type registration Duration -> org.hibernate.type.BasicTypeReference@5657967b
2024-07-01T03:10:02.814-06:00 DEBUG 22516 --- [ApiInventarioMini] [           main] org.hibernate.type.BasicTypeRegistry     : Adding type registration java.time.Duration -> org.hibernate.type.BasicTypeReference@5657967b
2024-07-01T03:10:02.814-06:00 DEBUG 22516 --- [ApiInventarioMini] [           main] org.hibernate.type.BasicTypeRegistry     : Adding type registration LocalDateTime -> org.hibernate.type.BasicTypeReference@61394494
2024-07-01T03:10:02.814-06:00 DEBUG 22516 --- [ApiInventarioMini] [           main] org.hibernate.type.BasicTypeRegistry     : Adding type registration java.time.LocalDateTime -> org.hibernate.type.BasicTypeReference@61394494
2024-07-01T03:10:02.814-06:00 DEBUG 22516 --- [ApiInventarioMini] [           main] org.hibernate.type.BasicTypeRegistry     : Adding type registration LocalDate -> org.hibernate.type.BasicTypeReference@578a5ce8
2024-07-01T03:10:02.814-06:00 DEBUG 22516 --- [ApiInventarioMini] [           main] org.hibernate.type.BasicTypeRegistry     : Adding type registration java.time.LocalDate -> org.hibernate.type.BasicTypeReference@578a5ce8
2024-07-01T03:10:02.815-06:00 DEBUG 22516 --- [ApiInventarioMini] [           main] org.hibernate.type.BasicTypeRegistry     : Adding type registration LocalTime -> org.hibernate.type.BasicTypeReference@7c453c34
2024-07-01T03:10:02.815-06:00 DEBUG 22516 --- [ApiInventarioMini] [           main] org.hibernate.type.BasicTypeRegistry     : Adding type registration java.time.LocalTime -> org.hibernate.type.BasicTypeReference@7c453c34
2024-07-01T03:10:02.815-06:00 DEBUG 22516 --- [ApiInventarioMini] [           main] org.hibernate.type.BasicTypeRegistry     : Adding type registration OffsetDateTime -> org.hibernate.type.BasicTypeReference@16cb9989
2024-07-01T03:10:02.815-06:00 DEBUG 22516 --- [ApiInventarioMini] [           main] org.hibernate.type.BasicTypeRegistry     : Adding type registration java.time.OffsetDateTime -> org.hibernate.type.BasicTypeReference@16cb9989
2024-07-01T03:10:02.815-06:00 DEBUG 22516 --- [ApiInventarioMini] [           main] org.hibernate.type.BasicTypeRegistry     : Adding type registration OffsetDateTimeWithTimezone -> org.hibernate.type.BasicTypeReference@3dfd6220
2024-07-01T03:10:02.815-06:00 DEBUG 22516 --- [ApiInventarioMini] [           main] org.hibernate.type.BasicTypeRegistry     : Adding type registration OffsetDateTimeWithoutTimezone -> org.hibernate.type.BasicTypeReference@3815146b
2024-07-01T03:10:02.815-06:00 DEBUG 22516 --- [ApiInventarioMini] [           main] org.hibernate.type.BasicTypeRegistry     : Adding type registration OffsetTime -> org.hibernate.type.BasicTypeReference@6de43bc1
2024-07-01T03:10:02.815-06:00 DEBUG 22516 --- [ApiInventarioMini] [           main] org.hibernate.type.BasicTypeRegistry     : Adding type registration java.time.OffsetTime -> org.hibernate.type.BasicTypeReference@6de43bc1
2024-07-01T03:10:02.815-06:00 DEBUG 22516 --- [ApiInventarioMini] [           main] org.hibernate.type.BasicTypeRegistry     : Adding type registration OffsetTimeUtc -> org.hibernate.type.BasicTypeReference@27a9f025
2024-07-01T03:10:02.815-06:00 DEBUG 22516 --- [ApiInventarioMini] [           main] org.hibernate.type.BasicTypeRegistry     : Adding type registration OffsetTimeWithTimezone -> org.hibernate.type.BasicTypeReference@71936a92
2024-07-01T03:10:02.815-06:00 DEBUG 22516 --- [ApiInventarioMini] [           main] org.hibernate.type.BasicTypeRegistry     : Adding type registration OffsetTimeWithoutTimezone -> org.hibernate.type.BasicTypeReference@61359e87
2024-07-01T03:10:02.815-06:00 DEBUG 22516 --- [ApiInventarioMini] [           main] org.hibernate.type.BasicTypeRegistry     : Adding type registration ZonedDateTime -> org.hibernate.type.BasicTypeReference@2dc39b53
2024-07-01T03:10:02.815-06:00 DEBUG 22516 --- [ApiInventarioMini] [           main] org.hibernate.type.BasicTypeRegistry     : Adding type registration java.time.ZonedDateTime -> org.hibernate.type.BasicTypeReference@2dc39b53
2024-07-01T03:10:02.815-06:00 DEBUG 22516 --- [ApiInventarioMini] [           main] org.hibernate.type.BasicTypeRegistry     : Adding type registration ZonedDateTimeWithTimezone -> org.hibernate.type.BasicTypeReference@45037e16
2024-07-01T03:10:02.815-06:00 DEBUG 22516 --- [ApiInventarioMini] [           main] org.hibernate.type.BasicTypeRegistry     : Adding type registration ZonedDateTimeWithoutTimezone -> org.hibernate.type.BasicTypeReference@2f2e4bde
2024-07-01T03:10:02.815-06:00 DEBUG 22516 --- [ApiInventarioMini] [           main] org.hibernate.type.BasicTypeRegistry     : Adding type registration date -> org.hibernate.type.BasicTypeReference@6222391a
2024-07-01T03:10:02.815-06:00 DEBUG 22516 --- [ApiInventarioMini] [           main] org.hibernate.type.BasicTypeRegistry     : Adding type registration java.sql.Date -> org.hibernate.type.BasicTypeReference@6222391a
2024-07-01T03:10:02.816-06:00 DEBUG 22516 --- [ApiInventarioMini] [           main] org.hibernate.type.BasicTypeRegistry     : Adding type registration time -> org.hibernate.type.BasicTypeReference@538a2f0e
2024-07-01T03:10:02.816-06:00 DEBUG 22516 --- [ApiInventarioMini] [           main] org.hibernate.type.BasicTypeRegistry     : Adding type registration java.sql.Time -> org.hibernate.type.BasicTypeReference@538a2f0e
2024-07-01T03:10:02.816-06:00 DEBUG 22516 --- [ApiInventarioMini] [           main] org.hibernate.type.BasicTypeRegistry     : Adding type registration timestamp -> org.hibernate.type.BasicTypeReference@d2708a7
2024-07-01T03:10:02.816-06:00 DEBUG 22516 --- [ApiInventarioMini] [           main] org.hibernate.type.BasicTypeRegistry     : Adding type registration java.sql.Timestamp -> org.hibernate.type.BasicTypeReference@d2708a7
2024-07-01T03:10:02.816-06:00 DEBUG 22516 --- [ApiInventarioMini] [           main] org.hibernate.type.BasicTypeRegistry     : Adding type registration java.util.Date -> org.hibernate.type.BasicTypeReference@d2708a7
2024-07-01T03:10:02.816-06:00 DEBUG 22516 --- [ApiInventarioMini] [           main] org.hibernate.type.BasicTypeRegistry     : Adding type registration calendar -> org.hibernate.type.BasicTypeReference@508ad266
2024-07-01T03:10:02.816-06:00 DEBUG 22516 --- [ApiInventarioMini] [           main] org.hibernate.type.BasicTypeRegistry     : Adding type registration java.util.Calendar -> org.hibernate.type.BasicTypeReference@508ad266
2024-07-01T03:10:02.816-06:00 DEBUG 22516 --- [ApiInventarioMini] [           main] org.hibernate.type.BasicTypeRegistry     : Adding type registration java.util.GregorianCalendar -> org.hibernate.type.BasicTypeReference@508ad266
2024-07-01T03:10:02.816-06:00 DEBUG 22516 --- [ApiInventarioMini] [           main] org.hibernate.type.BasicTypeRegistry     : Adding type registration calendar_date -> org.hibernate.type.BasicTypeReference@2313db84
2024-07-01T03:10:02.816-06:00 DEBUG 22516 --- [ApiInventarioMini] [           main] org.hibernate.type.BasicTypeRegistry     : Adding type registration calendar_time -> org.hibernate.type.BasicTypeReference@216372b7
2024-07-01T03:10:02.816-06:00 DEBUG 22516 --- [ApiInventarioMini] [           main] org.hibernate.type.BasicTypeRegistry     : Adding type registration instant -> org.hibernate.type.BasicTypeReference@14b4340c
2024-07-01T03:10:02.816-06:00 DEBUG 22516 --- [ApiInventarioMini] [           main] org.hibernate.type.BasicTypeRegistry     : Adding type registration java.time.Instant -> org.hibernate.type.BasicTypeReference@14b4340c
2024-07-01T03:10:02.816-06:00 DEBUG 22516 --- [ApiInventarioMini] [           main] org.hibernate.type.BasicTypeRegistry     : Adding type registration uuid -> org.hibernate.type.BasicTypeReference@12abcd1e
2024-07-01T03:10:02.816-06:00 DEBUG 22516 --- [ApiInventarioMini] [           main] org.hibernate.type.BasicTypeRegistry     : Adding type registration java.util.UUID -> org.hibernate.type.BasicTypeReference@12abcd1e
2024-07-01T03:10:02.816-06:00 DEBUG 22516 --- [ApiInventarioMini] [           main] org.hibernate.type.BasicTypeRegistry     : Adding type registration pg-uuid -> org.hibernate.type.BasicTypeReference@12abcd1e
2024-07-01T03:10:02.817-06:00 DEBUG 22516 --- [ApiInventarioMini] [           main] org.hibernate.type.BasicTypeRegistry     : Adding type registration uuid-binary -> org.hibernate.type.BasicTypeReference@2fd9fb34
2024-07-01T03:10:02.817-06:00 DEBUG 22516 --- [ApiInventarioMini] [           main] org.hibernate.type.BasicTypeRegistry     : Adding type registration uuid-char -> org.hibernate.type.BasicTypeReference@1595d2b2
2024-07-01T03:10:02.817-06:00 DEBUG 22516 --- [ApiInventarioMini] [           main] org.hibernate.type.BasicTypeRegistry     : Adding type registration class -> org.hibernate.type.BasicTypeReference@20349058
2024-07-01T03:10:02.817-06:00 DEBUG 22516 --- [ApiInventarioMini] [           main] org.hibernate.type.BasicTypeRegistry     : Adding type registration java.lang.Class -> org.hibernate.type.BasicTypeReference@20349058
2024-07-01T03:10:02.817-06:00 DEBUG 22516 --- [ApiInventarioMini] [           main] org.hibernate.type.BasicTypeRegistry     : Adding type registration currency -> org.hibernate.type.BasicTypeReference@6cbb7a7d
2024-07-01T03:10:02.817-06:00 DEBUG 22516 --- [ApiInventarioMini] [           main] org.hibernate.type.BasicTypeRegistry     : Adding type registration Currency -> org.hibernate.type.BasicTypeReference@6cbb7a7d
2024-07-01T03:10:02.817-06:00 DEBUG 22516 --- [ApiInventarioMini] [           main] org.hibernate.type.BasicTypeRegistry     : Adding type registration java.util.Currency -> org.hibernate.type.BasicTypeReference@6cbb7a7d
2024-07-01T03:10:02.817-06:00 DEBUG 22516 --- [ApiInventarioMini] [           main] org.hibernate.type.BasicTypeRegistry     : Adding type registration locale -> org.hibernate.type.BasicTypeReference@cdb3c85
2024-07-01T03:10:02.817-06:00 DEBUG 22516 --- [ApiInventarioMini] [           main] org.hibernate.type.BasicTypeRegistry     : Adding type registration java.util.Locale -> org.hibernate.type.BasicTypeReference@cdb3c85
2024-07-01T03:10:02.817-06:00 DEBUG 22516 --- [ApiInventarioMini] [           main] org.hibernate.type.BasicTypeRegistry     : Adding type registration serializable -> org.hibernate.type.BasicTypeReference@37606fee
2024-07-01T03:10:02.817-06:00 DEBUG 22516 --- [ApiInventarioMini] [           main] org.hibernate.type.BasicTypeRegistry     : Adding type registration java.io.Serializable -> org.hibernate.type.BasicTypeReference@37606fee
2024-07-01T03:10:02.818-06:00 DEBUG 22516 --- [ApiInventarioMini] [           main] org.hibernate.type.BasicTypeRegistry     : Adding type registration timezone -> org.hibernate.type.BasicTypeReference@33d28f0a
2024-07-01T03:10:02.818-06:00 DEBUG 22516 --- [ApiInventarioMini] [           main] org.hibernate.type.BasicTypeRegistry     : Adding type registration java.util.TimeZone -> org.hibernate.type.BasicTypeReference@33d28f0a
2024-07-01T03:10:02.818-06:00 DEBUG 22516 --- [ApiInventarioMini] [           main] org.hibernate.type.BasicTypeRegistry     : Adding type registration ZoneOffset -> org.hibernate.type.BasicTypeReference@48d739f
2024-07-01T03:10:02.818-06:00 DEBUG 22516 --- [ApiInventarioMini] [           main] org.hibernate.type.BasicTypeRegistry     : Adding type registration java.time.ZoneOffset -> org.hibernate.type.BasicTypeReference@48d739f
2024-07-01T03:10:02.818-06:00 DEBUG 22516 --- [ApiInventarioMini] [           main] org.hibernate.type.BasicTypeRegistry     : Adding type registration url -> org.hibernate.type.BasicTypeReference@51e7589f
2024-07-01T03:10:02.818-06:00 DEBUG 22516 --- [ApiInventarioMini] [           main] org.hibernate.type.BasicTypeRegistry     : Adding type registration java.net.URL -> org.hibernate.type.BasicTypeReference@51e7589f
2024-07-01T03:10:02.818-06:00 DEBUG 22516 --- [ApiInventarioMini] [           main] org.hibernate.type.BasicTypeRegistry     : Adding type registration vector -> org.hibernate.type.BasicTypeReference@65cc5252
2024-07-01T03:10:02.818-06:00 DEBUG 22516 --- [ApiInventarioMini] [           main] org.hibernate.type.BasicTypeRegistry     : Adding type registration row_version -> org.hibernate.type.BasicTypeReference@42c12b3e
2024-07-01T03:10:02.823-06:00 DEBUG 22516 --- [ApiInventarioMini] [           main] org.hibernate.type.BasicTypeRegistry     : Adding type registration object -> org.hibernate.type.JavaObjectType@1a914089
2024-07-01T03:10:02.823-06:00 DEBUG 22516 --- [ApiInventarioMini] [           main] org.hibernate.type.BasicTypeRegistry     : Adding type registration java.lang.Object -> org.hibernate.type.JavaObjectType@1a914089
2024-07-01T03:10:02.823-06:00 DEBUG 22516 --- [ApiInventarioMini] [           main] org.hibernate.type.BasicTypeRegistry     : Adding type registration null -> org.hibernate.type.NullType@7ac48e10
2024-07-01T03:10:02.824-06:00 DEBUG 22516 --- [ApiInventarioMini] [           main] org.hibernate.type.BasicTypeRegistry     : Adding type registration imm_date -> org.hibernate.type.BasicTypeReference@52354202
2024-07-01T03:10:02.824-06:00 DEBUG 22516 --- [ApiInventarioMini] [           main] org.hibernate.type.BasicTypeRegistry     : Adding type registration imm_time -> org.hibernate.type.BasicTypeReference@6b1321b7
2024-07-01T03:10:02.824-06:00 DEBUG 22516 --- [ApiInventarioMini] [           main] org.hibernate.type.BasicTypeRegistry     : Adding type registration imm_timestamp -> org.hibernate.type.BasicTypeReference@342ee097
2024-07-01T03:10:02.824-06:00 DEBUG 22516 --- [ApiInventarioMini] [           main] org.hibernate.type.BasicTypeRegistry     : Adding type registration imm_calendar -> org.hibernate.type.BasicTypeReference@6ac45c0c
2024-07-01T03:10:02.824-06:00 DEBUG 22516 --- [ApiInventarioMini] [           main] org.hibernate.type.BasicTypeRegistry     : Adding type registration imm_calendar_date -> org.hibernate.type.BasicTypeReference@12192604
2024-07-01T03:10:02.824-06:00 DEBUG 22516 --- [ApiInventarioMini] [           main] org.hibernate.type.BasicTypeRegistry     : Adding type registration imm_calendar_time -> org.hibernate.type.BasicTypeReference@6075b369
2024-07-01T03:10:02.824-06:00 DEBUG 22516 --- [ApiInventarioMini] [           main] org.hibernate.type.BasicTypeRegistry     : Adding type registration imm_binary -> org.hibernate.type.BasicTypeReference@231cdda8
2024-07-01T03:10:02.824-06:00 DEBUG 22516 --- [ApiInventarioMini] [           main] org.hibernate.type.BasicTypeRegistry     : Adding type registration imm_serializable -> org.hibernate.type.BasicTypeReference@6b70d1fb
2024-07-01T03:10:02.829-06:00 DEBUG 22516 --- [ApiInventarioMini] [           main] o.h.boot.internal.BootstrapContextImpl   : Injecting JPA temp ClassLoader [org.springframework.instrument.classloading.SimpleThrowawayClassLoader@6c835217] into BootstrapContext; was [null]
2024-07-01T03:10:02.829-06:00 DEBUG 22516 --- [ApiInventarioMini] [           main] o.h.boot.internal.ClassLoaderAccessImpl  : ClassLoaderAccessImpl#injectTempClassLoader(org.springframework.instrument.classloading.SimpleThrowawayClassLoader@6c835217) [was null]
2024-07-01T03:10:02.831-06:00 DEBUG 22516 --- [ApiInventarioMini] [           main] o.h.boot.internal.BootstrapContextImpl   : Injecting ScanEnvironment [org.hibernate.jpa.boot.internal.StandardJpaScanEnvironmentImpl@5fb3111a] into BootstrapContext; was [null]
2024-07-01T03:10:02.831-06:00 DEBUG 22516 --- [ApiInventarioMini] [           main] o.h.boot.internal.BootstrapContextImpl   : Injecting ScanOptions [org.hibernate.boot.archive.scan.internal.StandardScanOptions@4aaecabd] into BootstrapContext; was [org.hibernate.boot.archive.scan.internal.StandardScanOptions@23bd0c81]
2024-07-01T03:10:02.986-06:00  INFO 22516 --- [ApiInventarioMini] [           main] o.s.o.j.p.SpringPersistenceUnitInfo      : No LoadTimeWeaver setup: ignoring JPA class transformer
2024-07-01T03:10:02.986-06:00 DEBUG 22516 --- [ApiInventarioMini] [           main] o.h.boot.internal.BootstrapContextImpl   : Injecting JPA temp ClassLoader [null] into BootstrapContext; was [org.springframework.instrument.classloading.SimpleThrowawayClassLoader@6c835217]
2024-07-01T03:10:02.986-06:00 DEBUG 22516 --- [ApiInventarioMini] [           main] o.h.boot.internal.ClassLoaderAccessImpl  : ClassLoaderAccessImpl#injectTempClassLoader(null) [was org.springframework.instrument.classloading.SimpleThrowawayClassLoader@6c835217]
2024-07-01T03:10:03.015-06:00  INFO 22516 --- [ApiInventarioMini] [           main] com.zaxxer.hikari.HikariDataSource       : HikariPool-1 - Starting...
2024-07-01T03:10:04.291-06:00  INFO 22516 --- [ApiInventarioMini] [           main] com.zaxxer.hikari.pool.HikariPool        : HikariPool-1 - Added connection org.postgresql.jdbc.PgConnection@70d5d96b
2024-07-01T03:10:04.293-06:00  INFO 22516 --- [ApiInventarioMini] [           main] com.zaxxer.hikari.HikariDataSource       : HikariPool-1 - Start completed.
2024-07-01T03:10:04.298-06:00 DEBUG 22516 --- [ApiInventarioMini] [           main] o.h.e.j.e.i.JdbcEnvironmentInitiator     : Database ->
       name : PostgreSQL
    version : 15.1 (Ubuntu 15.1-1.pgdg20.04+1)
      major : 15
      minor : 1
2024-07-01T03:10:04.298-06:00 DEBUG 22516 --- [ApiInventarioMini] [           main] o.h.e.j.e.i.JdbcEnvironmentInitiator     : Driver ->
       name : PostgreSQL JDBC Driver
    version : 42.6.2
      major : 42
      minor : 6
2024-07-01T03:10:04.299-06:00 DEBUG 22516 --- [ApiInventarioMini] [           main] o.h.e.j.e.i.JdbcEnvironmentInitiator     : JDBC version : 4.2
2024-07-01T03:10:04.412-06:00  WARN 22516 --- [ApiInventarioMini] [           main] org.hibernate.orm.deprecation            : HHH90000025: PostgreSQLDialect does not need to be specified explicitly using 'hibernate.dialect' (remove the property setting and it will be selected by default)
2024-07-01T03:10:04.413-06:00 DEBUG 22516 --- [ApiInventarioMini] [           main] org.hibernate.orm.dialect                : HHH035001: Using dialect: org.hibernate.dialect.PostgreSQLDialect, version: 15.1
2024-07-01T03:10:04.419-06:00 DEBUG 22516 --- [ApiInventarioMini] [           main] o.h.e.j.env.spi.IdentifierHelperBuilder  : JDBC driver metadata reported database stores quoted identifiers in neither upper, lower nor mixed case
2024-07-01T03:10:04.614-06:00 DEBUG 22516 --- [ApiInventarioMini] [           main] org.hibernate.orm.jdbc.lob               : HHH10010004: Disabling contextual LOB creation as Dialect reported it is not supported
2024-07-01T03:10:04.625-06:00 DEBUG 22516 --- [ApiInventarioMini] [           main] o.h.t.d.sql.spi.DdlTypeRegistry          : addDescriptor(2003, org.hibernate.type.descriptor.sql.internal.ArrayDdlTypeImpl@126675fd) replaced previous registration(org.hibernate.type.descriptor.sql.internal.ArrayDdlTypeImpl@2c0dca15)
2024-07-01T03:10:04.625-06:00 DEBUG 22516 --- [ApiInventarioMini] [           main] o.h.t.d.sql.spi.DdlTypeRegistry          : addDescriptor(6, org.hibernate.type.descriptor.sql.internal.CapacityDependentDdlType@5560b64d) replaced previous registration(org.hibernate.type.descriptor.sql.internal.DdlTypeImpl@2da5fdc)
2024-07-01T03:10:04.627-06:00 DEBUG 22516 --- [ApiInventarioMini] [           main] o.h.t.d.jdbc.spi.JdbcTypeRegistry        : addDescriptor(2004, BlobTypeDescriptor(BLOB_BINDING)) replaced previous registration(BlobTypeDescriptor(DEFAULT))
2024-07-01T03:10:04.627-06:00 DEBUG 22516 --- [ApiInventarioMini] [           main] o.h.t.d.jdbc.spi.JdbcTypeRegistry        : addDescriptor(2005, ClobTypeDescriptor(CLOB_BINDING)) replaced previous registration(ClobTypeDescriptor(DEFAULT))
2024-07-01T03:10:04.635-06:00 DEBUG 22516 --- [ApiInventarioMini] [           main] org.hibernate.type.BasicTypeRegistry     : Adding type registration JAVA_OBJECT -> org.hibernate.type.JavaObjectType@47797401
2024-07-01T03:10:04.635-06:00 DEBUG 22516 --- [ApiInventarioMini] [           main] org.hibernate.type.BasicTypeRegistry     : Adding type registration java.lang.Object -> org.hibernate.type.JavaObjectType@47797401
2024-07-01T03:10:04.635-06:00 DEBUG 22516 --- [ApiInventarioMini] [           main] org.hibernate.type.BasicTypeRegistry     : Type registration key [java.lang.Object] overrode previous entry : `org.hibernate.type.JavaObjectType@1a914089`
2024-07-01T03:10:04.642-06:00 DEBUG 22516 --- [ApiInventarioMini] [           main] org.hibernate.type.BasicTypeRegistry     : Adding type registration org.hibernate.type.DurationType -> basicType@1(java.time.Duration,3015)
2024-07-01T03:10:04.642-06:00 DEBUG 22516 --- [ApiInventarioMini] [           main] org.hibernate.type.BasicTypeRegistry     : Adding type registration Duration -> basicType@1(java.time.Duration,3015)
2024-07-01T03:10:04.642-06:00 DEBUG 22516 --- [ApiInventarioMini] [           main] org.hibernate.type.BasicTypeRegistry     : Adding type registration java.time.Duration -> basicType@1(java.time.Duration,3015)
2024-07-01T03:10:04.644-06:00 DEBUG 22516 --- [ApiInventarioMini] [           main] org.hibernate.type.BasicTypeRegistry     : Adding type registration org.hibernate.type.OffsetDateTimeType -> basicType@2(java.time.OffsetDateTime,3003)
2024-07-01T03:10:04.644-06:00 DEBUG 22516 --- [ApiInventarioMini] [           main] org.hibernate.type.BasicTypeRegistry     : Adding type registration OffsetDateTime -> basicType@2(java.time.OffsetDateTime,3003)
2024-07-01T03:10:04.644-06:00 DEBUG 22516 --- [ApiInventarioMini] [           main] org.hibernate.type.BasicTypeRegistry     : Adding type registration java.time.OffsetDateTime -> basicType@2(java.time.OffsetDateTime,3003)
2024-07-01T03:10:04.644-06:00 DEBUG 22516 --- [ApiInventarioMini] [           main] org.hibernate.type.BasicTypeRegistry     : Adding type registration org.hibernate.type.ZonedDateTimeType -> basicType@3(java.time.ZonedDateTime,3003)
2024-07-01T03:10:04.645-06:00 DEBUG 22516 --- [ApiInventarioMini] [           main] org.hibernate.type.BasicTypeRegistry     : Adding type registration ZonedDateTime -> basicType@3(java.time.ZonedDateTime,3003)
2024-07-01T03:10:04.645-06:00 DEBUG 22516 --- [ApiInventarioMini] [           main] org.hibernate.type.BasicTypeRegistry     : Adding type registration java.time.ZonedDateTime -> basicType@3(java.time.ZonedDateTime,3003)
2024-07-01T03:10:04.645-06:00 DEBUG 22516 --- [ApiInventarioMini] [           main] org.hibernate.type.BasicTypeRegistry     : Adding type registration org.hibernate.type.OffsetTimeType -> basicType@4(java.time.OffsetTime,3007)
2024-07-01T03:10:04.645-06:00 DEBUG 22516 --- [ApiInventarioMini] [           main] org.hibernate.type.BasicTypeRegistry     : Adding type registration OffsetTime -> basicType@4(java.time.OffsetTime,3007)
2024-07-01T03:10:04.645-06:00 DEBUG 22516 --- [ApiInventarioMini] [           main] org.hibernate.type.BasicTypeRegistry     : Adding type registration java.time.OffsetTime -> basicType@4(java.time.OffsetTime,3007)
2024-07-01T03:10:04.646-06:00 DEBUG 22516 --- [ApiInventarioMini] [           main] o.h.type.spi.TypeConfiguration$Scope     : Scoping TypeConfiguration [org.hibernate.type.spi.TypeConfiguration@19647566] to MetadataBuildingContext [org.hibernate.boot.internal.MetadataBuildingContextRootImpl@7b79ff1c]
2024-07-01T03:10:04.673-06:00 DEBUG 22516 --- [ApiInventarioMini] [           main] o.h.boot.model.relational.Namespace      : Created database namespace [logicalName=Name{catalog=null, schema=null}, physicalName=Name{catalog=null, schema=null}]
2024-07-01T03:10:04.691-06:00 DEBUG 22516 --- [ApiInventarioMini] [           main] o.h.boot.model.internal.EntityBinder     : Binding entity from annotated class: com.ipn.mx.domain.entity.Categoria
2024-07-01T03:10:04.697-06:00 DEBUG 22516 --- [ApiInventarioMini] [           main] o.h.boot.model.internal.EntityBinder     : Import with entity name Categoria
2024-07-01T03:10:04.703-06:00 DEBUG 22516 --- [ApiInventarioMini] [           main] o.h.boot.model.internal.EntityBinder     : Bind entity com.ipn.mx.domain.entity.Categoria on table Categorias
2024-07-01T03:10:04.714-06:00 DEBUG 22516 --- [ApiInventarioMini] [           main] o.h.boot.model.internal.AnnotatedColumn  : Binding column: AnnotatedDiscriminatorColumn(column='DTYPE')
2024-07-01T03:10:04.726-06:00 DEBUG 22516 --- [ApiInventarioMini] [           main] o.h.boot.model.internal.AnnotatedColumn  : Binding column: AnnotatedColumn()
2024-07-01T03:10:04.726-06:00 DEBUG 22516 --- [ApiInventarioMini] [           main] o.h.boot.internal.ClassLoaderAccessImpl  : Not known whether passed class name [com.ipn.mx.domain.entity.Categoria] is safe
2024-07-01T03:10:04.726-06:00 DEBUG 22516 --- [ApiInventarioMini] [           main] o.h.boot.internal.ClassLoaderAccessImpl  : No temp ClassLoader provided; using live ClassLoader for loading potentially unsafe class : com.ipn.mx.domain.entity.Categoria
2024-07-01T03:10:04.729-06:00 DEBUG 22516 --- [ApiInventarioMini] [           main] o.h.boot.model.internal.PropertyBinder   : MetadataSourceProcessor property idCategoria with lazy=false
2024-07-01T03:10:04.733-06:00 DEBUG 22516 --- [ApiInventarioMini] [           main] o.h.b.m.internal.AbstractPropertyHolder  : Attempting to locate auto-apply AttributeConverter for property [com.ipn.mx.domain.entity.Categoria:idCategoria]
2024-07-01T03:10:04.736-06:00 DEBUG 22516 --- [ApiInventarioMini] [           main] o.h.b.model.internal.BasicValueBinder    : building BasicValue for idCategoria
2024-07-01T03:10:04.737-06:00 DEBUG 22516 --- [ApiInventarioMini] [           main] org.hibernate.mapping.BasicValue         : Skipping column re-registration: Categorias.idCategoria
2024-07-01T03:10:04.738-06:00 DEBUG 22516 --- [ApiInventarioMini] [           main] o.h.boot.model.internal.PropertyBinder   : Building property idCategoria
2024-07-01T03:10:04.740-06:00 DEBUG 22516 --- [ApiInventarioMini] [           main] o.h.boot.model.internal.BinderHelper     : #makeIdGenerator(BasicValue([Column(idCategoria)]), idCategoria, identity, , ...)
2024-07-01T03:10:04.741-06:00 DEBUG 22516 --- [ApiInventarioMini] [           main] o.h.boot.model.internal.AnnotatedColumn  : Binding column: AnnotatedColumn(column='descripcionCategoria')
2024-07-01T03:10:04.741-06:00 DEBUG 22516 --- [ApiInventarioMini] [           main] o.h.boot.model.internal.PropertyBinder   : MetadataSourceProcessor property descripcionCategoria with lazy=false
2024-07-01T03:10:04.741-06:00 DEBUG 22516 --- [ApiInventarioMini] [           main] o.h.b.m.internal.AbstractPropertyHolder  : Attempting to locate auto-apply AttributeConverter for property [com.ipn.mx.domain.entity.Categoria:descripcionCategoria]
2024-07-01T03:10:04.741-06:00 DEBUG 22516 --- [ApiInventarioMini] [           main] o.h.b.model.internal.BasicValueBinder    : building BasicValue for descripcionCategoria
2024-07-01T03:10:04.742-06:00 DEBUG 22516 --- [ApiInventarioMini] [           main] org.hibernate.mapping.BasicValue         : Skipping column re-registration: Categorias.descripcionCategoria
2024-07-01T03:10:04.742-06:00 DEBUG 22516 --- [ApiInventarioMini] [           main] o.h.boot.model.internal.PropertyBinder   : Building property descripcionCategoria
2024-07-01T03:10:04.742-06:00 DEBUG 22516 --- [ApiInventarioMini] [           main] o.h.boot.model.internal.AnnotatedColumn  : Binding column: AnnotatedColumn(column='nombreCategoria')
2024-07-01T03:10:04.742-06:00 DEBUG 22516 --- [ApiInventarioMini] [           main] o.h.boot.model.internal.PropertyBinder   : MetadataSourceProcessor property nombreCategoria with lazy=false
2024-07-01T03:10:04.742-06:00 DEBUG 22516 --- [ApiInventarioMini] [           main] o.h.b.m.internal.AbstractPropertyHolder  : Attempting to locate auto-apply AttributeConverter for property [com.ipn.mx.domain.entity.Categoria:nombreCategoria]
2024-07-01T03:10:04.742-06:00 DEBUG 22516 --- [ApiInventarioMini] [           main] o.h.b.model.internal.BasicValueBinder    : building BasicValue for nombreCategoria
2024-07-01T03:10:04.742-06:00 DEBUG 22516 --- [ApiInventarioMini] [           main] org.hibernate.mapping.BasicValue         : Skipping column re-registration: Categorias.nombreCategoria
2024-07-01T03:10:04.742-06:00 DEBUG 22516 --- [ApiInventarioMini] [           main] o.h.boot.model.internal.PropertyBinder   : Building property nombreCategoria
2024-07-01T03:10:04.743-06:00 DEBUG 22516 --- [ApiInventarioMini] [           main] o.h.b.r.c.i.ClassLoaderServiceImpl       : HHH000194: Package not found or wo package-info.java: com.ipn.mx.domain.entity
2024-07-01T03:10:04.747-06:00 DEBUG 22516 --- [ApiInventarioMini] [           main] o.h.boot.model.internal.EntityBinder     : Binding entity from annotated class: com.ipn.mx.domain.entity.Producto
2024-07-01T03:10:04.747-06:00 DEBUG 22516 --- [ApiInventarioMini] [           main] o.h.boot.model.internal.EntityBinder     : Import with entity name Producto
2024-07-01T03:10:04.747-06:00 DEBUG 22516 --- [ApiInventarioMini] [           main] o.h.boot.model.internal.EntityBinder     : Bind entity com.ipn.mx.domain.entity.Producto on table Productos
2024-07-01T03:10:04.747-06:00 DEBUG 22516 --- [ApiInventarioMini] [           main] o.h.boot.model.internal.AnnotatedColumn  : Binding column: AnnotatedDiscriminatorColumn(column='DTYPE')
2024-07-01T03:10:04.750-06:00 DEBUG 22516 --- [ApiInventarioMini] [           main] o.h.boot.model.internal.AnnotatedColumn  : Binding column: AnnotatedColumn()
2024-07-01T03:10:04.750-06:00 DEBUG 22516 --- [ApiInventarioMini] [           main] o.h.boot.internal.ClassLoaderAccessImpl  : Not known whether passed class name [com.ipn.mx.domain.entity.Producto] is safe
2024-07-01T03:10:04.750-06:00 DEBUG 22516 --- [ApiInventarioMini] [           main] o.h.boot.internal.ClassLoaderAccessImpl  : No temp ClassLoader provided; using live ClassLoader for loading potentially unsafe class : com.ipn.mx.domain.entity.Producto
2024-07-01T03:10:04.751-06:00 DEBUG 22516 --- [ApiInventarioMini] [           main] o.h.boot.model.internal.PropertyBinder   : MetadataSourceProcessor property idProducto with lazy=false
2024-07-01T03:10:04.751-06:00 DEBUG 22516 --- [ApiInventarioMini] [           main] o.h.b.m.internal.AbstractPropertyHolder  : Attempting to locate auto-apply AttributeConverter for property [com.ipn.mx.domain.entity.Producto:idProducto]
2024-07-01T03:10:04.751-06:00 DEBUG 22516 --- [ApiInventarioMini] [           main] o.h.b.model.internal.BasicValueBinder    : building BasicValue for idProducto
2024-07-01T03:10:04.751-06:00 DEBUG 22516 --- [ApiInventarioMini] [           main] org.hibernate.mapping.BasicValue         : Skipping column re-registration: Productos.idProducto
2024-07-01T03:10:04.751-06:00 DEBUG 22516 --- [ApiInventarioMini] [           main] o.h.boot.model.internal.PropertyBinder   : Building property idProducto
2024-07-01T03:10:04.751-06:00 DEBUG 22516 --- [ApiInventarioMini] [           main] o.h.boot.model.internal.BinderHelper     : #makeIdGenerator(BasicValue([Column(idProducto)]), idProducto, identity, , ...)
2024-07-01T03:10:04.754-06:00 DEBUG 22516 --- [ApiInventarioMini] [           main] o.h.boot.model.internal.AnnotatedColumn  : Binding column: AnnotatedJoinColumn(column='idcategoria')
2024-07-01T03:10:04.754-06:00 DEBUG 22516 --- [ApiInventarioMini] [           main] o.h.boot.model.internal.AnnotatedColumn  : Binding column: AnnotatedColumn()
2024-07-01T03:10:04.757-06:00 DEBUG 22516 --- [ApiInventarioMini] [           main] o.h.boot.model.internal.PropertyBinder   : Building property categoria
2024-07-01T03:10:04.758-06:00 DEBUG 22516 --- [ApiInventarioMini] [           main] o.h.boot.model.internal.AnnotatedColumn  : Binding column: AnnotatedColumn(column='descripcionProducto')
2024-07-01T03:10:04.758-06:00 DEBUG 22516 --- [ApiInventarioMini] [           main] o.h.boot.model.internal.PropertyBinder   : MetadataSourceProcessor property descripcionProducto with lazy=false
2024-07-01T03:10:04.758-06:00 DEBUG 22516 --- [ApiInventarioMini] [           main] o.h.b.m.internal.AbstractPropertyHolder  : Attempting to locate auto-apply AttributeConverter for property [com.ipn.mx.domain.entity.Producto:descripcionProducto]
2024-07-01T03:10:04.758-06:00 DEBUG 22516 --- [ApiInventarioMini] [           main] o.h.b.model.internal.BasicValueBinder    : building BasicValue for descripcionProducto
2024-07-01T03:10:04.758-06:00 DEBUG 22516 --- [ApiInventarioMini] [           main] org.hibernate.mapping.BasicValue         : Skipping column re-registration: Productos.descripcionProducto
2024-07-01T03:10:04.758-06:00 DEBUG 22516 --- [ApiInventarioMini] [           main] o.h.boot.model.internal.PropertyBinder   : Building property descripcionProducto
2024-07-01T03:10:04.758-06:00 DEBUG 22516 --- [ApiInventarioMini] [           main] o.h.boot.model.internal.AnnotatedColumn  : Binding column: AnnotatedColumn(column='existencia')
2024-07-01T03:10:04.758-06:00 DEBUG 22516 --- [ApiInventarioMini] [           main] o.h.boot.model.internal.PropertyBinder   : MetadataSourceProcessor property existencia with lazy=false
2024-07-01T03:10:04.759-06:00 DEBUG 22516 --- [ApiInventarioMini] [           main] o.h.b.m.internal.AbstractPropertyHolder  : Attempting to locate auto-apply AttributeConverter for property [com.ipn.mx.domain.entity.Producto:existencia]
2024-07-01T03:10:04.759-06:00 DEBUG 22516 --- [ApiInventarioMini] [           main] o.h.b.model.internal.BasicValueBinder    : building BasicValue for existencia
2024-07-01T03:10:04.759-06:00 DEBUG 22516 --- [ApiInventarioMini] [           main] org.hibernate.mapping.BasicValue         : Skipping column re-registration: Productos.existencia
2024-07-01T03:10:04.759-06:00 DEBUG 22516 --- [ApiInventarioMini] [           main] o.h.boot.model.internal.PropertyBinder   : Building property existencia
2024-07-01T03:10:04.759-06:00 DEBUG 22516 --- [ApiInventarioMini] [           main] o.h.boot.model.internal.AnnotatedColumn  : Binding column: AnnotatedColumn(column='nombreProducto')
2024-07-01T03:10:04.759-06:00 DEBUG 22516 --- [ApiInventarioMini] [           main] o.h.boot.model.internal.PropertyBinder   : MetadataSourceProcessor property nombreProducto with lazy=false
2024-07-01T03:10:04.759-06:00 DEBUG 22516 --- [ApiInventarioMini] [           main] o.h.b.m.internal.AbstractPropertyHolder  : Attempting to locate auto-apply AttributeConverter for property [com.ipn.mx.domain.entity.Producto:nombreProducto]
2024-07-01T03:10:04.759-06:00 DEBUG 22516 --- [ApiInventarioMini] [           main] o.h.b.model.internal.BasicValueBinder    : building BasicValue for nombreProducto
2024-07-01T03:10:04.759-06:00 DEBUG 22516 --- [ApiInventarioMini] [           main] org.hibernate.mapping.BasicValue         : Skipping column re-registration: Productos.nombreProducto
2024-07-01T03:10:04.759-06:00 DEBUG 22516 --- [ApiInventarioMini] [           main] o.h.boot.model.internal.PropertyBinder   : Building property nombreProducto
2024-07-01T03:10:04.759-06:00 DEBUG 22516 --- [ApiInventarioMini] [           main] o.h.boot.model.internal.AnnotatedColumn  : Binding column: AnnotatedColumn(column='precio')
2024-07-01T03:10:04.759-06:00 DEBUG 22516 --- [ApiInventarioMini] [           main] o.h.boot.model.internal.PropertyBinder   : MetadataSourceProcessor property precio with lazy=false
2024-07-01T03:10:04.759-06:00 DEBUG 22516 --- [ApiInventarioMini] [           main] o.h.b.m.internal.AbstractPropertyHolder  : Attempting to locate auto-apply AttributeConverter for property [com.ipn.mx.domain.entity.Producto:precio]
2024-07-01T03:10:04.759-06:00 DEBUG 22516 --- [ApiInventarioMini] [           main] o.h.b.model.internal.BasicValueBinder    : building BasicValue for precio
2024-07-01T03:10:04.759-06:00 DEBUG 22516 --- [ApiInventarioMini] [           main] org.hibernate.mapping.BasicValue         : Skipping column re-registration: Productos.precio
2024-07-01T03:10:04.759-06:00 DEBUG 22516 --- [ApiInventarioMini] [           main] o.h.boot.model.internal.PropertyBinder   : Building property precio
2024-07-01T03:10:04.760-06:00 DEBUG 22516 --- [ApiInventarioMini] [           main] o.h.b.r.c.i.ClassLoaderServiceImpl       : HHH000194: Package not found or wo package-info.java: com.ipn.mx.domain.entity
2024-07-01T03:10:04.761-06:00 DEBUG 22516 --- [ApiInventarioMini] [           main] o.h.b.model.internal.BasicValueBinder    : Starting `BasicValueBinder#fillSimpleValue` for idCategoria
2024-07-01T03:10:04.762-06:00 DEBUG 22516 --- [ApiInventarioMini] [           main] o.h.b.model.internal.BasicValueBinder    : Starting `BasicValueBinder#fillSimpleValue` for descripcionCategoria
2024-07-01T03:10:04.762-06:00 DEBUG 22516 --- [ApiInventarioMini] [           main] o.h.b.model.internal.BasicValueBinder    : Starting `BasicValueBinder#fillSimpleValue` for nombreCategoria
2024-07-01T03:10:04.762-06:00 DEBUG 22516 --- [ApiInventarioMini] [           main] o.h.b.model.internal.BasicValueBinder    : Starting `BasicValueBinder#fillSimpleValue` for idProducto
2024-07-01T03:10:04.762-06:00 DEBUG 22516 --- [ApiInventarioMini] [           main] o.h.b.model.internal.BasicValueBinder    : Starting `BasicValueBinder#fillSimpleValue` for descripcionProducto
2024-07-01T03:10:04.762-06:00 DEBUG 22516 --- [ApiInventarioMini] [           main] o.h.b.model.internal.BasicValueBinder    : Starting `BasicValueBinder#fillSimpleValue` for existencia
2024-07-01T03:10:04.762-06:00 DEBUG 22516 --- [ApiInventarioMini] [           main] o.h.b.model.internal.BasicValueBinder    : Starting `BasicValueBinder#fillSimpleValue` for nombreProducto
2024-07-01T03:10:04.762-06:00 DEBUG 22516 --- [ApiInventarioMini] [           main] o.h.b.model.internal.BasicValueBinder    : Starting `BasicValueBinder#fillSimpleValue` for precio
2024-07-01T03:10:04.766-06:00 DEBUG 22516 --- [ApiInventarioMini] [           main] org.hibernate.mapping.PrimaryKey         : Forcing column [idcategoria] to be non-null as it is part of the primary key for table [categorias]
2024-07-01T03:10:04.766-06:00 DEBUG 22516 --- [ApiInventarioMini] [           main] org.hibernate.mapping.PrimaryKey         : Forcing column [idproducto] to be non-null as it is part of the primary key for table [productos]
2024-07-01T03:10:04.767-06:00 DEBUG 22516 --- [ApiInventarioMini] [           main] o.h.b.i.InFlightMetadataCollectorImpl    : Resolving reference to class: com.ipn.mx.domain.entity.Categoria
2024-07-01T03:10:04.779-06:00 DEBUG 22516 --- [ApiInventarioMini] [           main] o.h.b.i.InFlightMetadataCollectorImpl    : Resolving reference to class: com.ipn.mx.domain.entity.Categoria
2024-07-01T03:10:04.816-06:00 DEBUG 22516 --- [ApiInventarioMini] [           main] o.hibernate.internal.SessionFactoryImpl  : Building session factory
2024-07-01T03:10:04.854-06:00 DEBUG 22516 --- [ApiInventarioMini] [           main] .h.s.i.SessionFactoryServiceRegistryImpl : EventListenerRegistry access via ServiceRegistry is deprecated.  Use `sessionFactory.getEventEngine().getListenerRegistry()` instead
2024-07-01T03:10:04.855-06:00 DEBUG 22516 --- [ApiInventarioMini] [           main] o.hibernate.internal.SessionFactoryImpl  : Instantiating SessionFactory with settings: {java.specification.version=17, sun.cpu.isalist=amd64, hibernate.resource.beans.container=org.springframework.orm.hibernate5.SpringBeanContainer@6a552721, hibernate.connection.handling_mode=DELAYED_ACQUISITION_AND_HOLD, sun.jnu.encoding=Cp1252, hibernate.dialect=org.hibernate.dialect.PostgreSQLDialect, hibernate.implicit_naming_strategy=org.hibernate.boot.model.naming.ImplicitNamingStrategyLegacyJpaImpl, java.class.path=C:\Users\alexc\git\app-i-mini\ApiInventarioMini\target\test-classes;C:\Users\alexc\git\app-i-mini\ApiInventarioMini\target\classes;C:\Users\alexc\.m2\repository\org\springframework\boot\spring-boot-starter-data-jpa\3.2.4\spring-boot-starter-data-jpa-3.2.4.jar;C:\Users\alexc\.m2\repository\org\springframework\boot\spring-boot-starter-aop\3.2.4\spring-boot-starter-aop-3.2.4.jar;C:\Users\alexc\.m2\repository\org\springframework\spring-aop\6.1.5\spring-aop-6.1.5.jar;C:\Users\alexc\.m2\repository\org\aspectj\aspectjweaver\1.9.21\aspectjweaver-1.9.21.jar;C:\Users\alexc\.m2\repository\org\springframework\boot\spring-boot-starter-jdbc\3.2.4\spring-boot-starter-jdbc-3.2.4.jar;C:\Users\alexc\.m2\repository\com\zaxxer\HikariCP\5.0.1\HikariCP-5.0.1.jar;C:\Users\alexc\.m2\repository\org\springframework\spring-jdbc\6.1.5\spring-jdbc-6.1.5.jar;C:\Users\alexc\.m2\repository\org\hibernate\orm\hibernate-core\6.4.4.Final\hibernate-core-6.4.4.Final.jar;C:\Users\alexc\.m2\repository\jakarta\persistence\jakarta.persistence-api\3.1.0\jakarta.persistence-api-3.1.0.jar;C:\Users\alexc\.m2\repository\jakarta\transaction\jakarta.transaction-api\2.0.1\jakarta.transaction-api-2.0.1.jar;C:\Users\alexc\.m2\repository\org\jboss\logging\jboss-logging\3.5.3.Final\jboss-logging-3.5.3.Final.jar;C:\Users\alexc\.m2\repository\org\hibernate\common\hibernate-commons-annotations\6.0.6.Final\hibernate-commons-annotations-6.0.6.Final.jar;C:\Users\alexc\.m2\repository\io\smallrye\jandex\3.1.2\jandex-3.1.2.jar;C:\Users\alexc\.m2\repository\com\fasterxml\classmate\1.6.0\classmate-1.6.0.jar;C:\Users\alexc\.m2\repository\net\bytebuddy\byte-buddy\1.14.12\byte-buddy-1.14.12.jar;C:\Users\alexc\.m2\repository\org\glassfish\jaxb\jaxb-runtime\4.0.5\jaxb-runtime-4.0.5.jar;C:\Users\alexc\.m2\repository\org\glassfish\jaxb\jaxb-core\4.0.5\jaxb-core-4.0.5.jar;C:\Users\alexc\.m2\repository\org\eclipse\angus\angus-activation\2.0.2\angus-activation-2.0.2.jar;C:\Users\alexc\.m2\repository\org\glassfish\jaxb\txw2\4.0.5\txw2-4.0.5.jar;C:\Users\alexc\.m2\repository\com\sun\istack\istack-commons-runtime\4.1.2\istack-commons-runtime-4.1.2.jar;C:\Users\alexc\.m2\repository\jakarta\inject\jakarta.inject-api\2.0.1\jakarta.inject-api-2.0.1.jar;C:\Users\alexc\.m2\repository\org\antlr\antlr4-runtime\4.13.0\antlr4-runtime-4.13.0.jar;C:\Users\alexc\.m2\repository\org\springframework\data\spring-data-jpa\3.2.4\spring-data-jpa-3.2.4.jar;C:\Users\alexc\.m2\repository\org\springframework\data\spring-data-commons\3.2.4\spring-data-commons-3.2.4.jar;C:\Users\alexc\.m2\repository\org\springframework\spring-orm\6.1.5\spring-orm-6.1.5.jar;C:\Users\alexc\.m2\repository\org\springframework\spring-context\6.1.5\spring-context-6.1.5.jar;C:\Users\alexc\.m2\repository\org\springframework\spring-tx\6.1.5\spring-tx-6.1.5.jar;C:\Users\alexc\.m2\repository\org\springframework\spring-beans\6.1.5\spring-beans-6.1.5.jar;C:\Users\alexc\.m2\repository\jakarta\annotation\jakarta.annotation-api\2.1.1\jakarta.annotation-api-2.1.1.jar;C:\Users\alexc\.m2\repository\org\slf4j\slf4j-api\2.0.12\slf4j-api-2.0.12.jar;C:\Users\alexc\.m2\repository\org\springframework\spring-aspects\6.1.5\spring-aspects-6.1.5.jar;C:\Users\alexc\.m2\repository\org\springframework\boot\spring-boot-starter-validation\3.2.4\spring-boot-starter-validation-3.2.4.jar;C:\Users\alexc\.m2\repository\org\springframework\boot\spring-boot-starter\3.2.4\spring-boot-starter-3.2.4.jar;C:\Users\alexc\.m2\repository\org\springframework\boot\spring-boot-starter-logging\3.2.4\spring-boot-starter-logging-3.2.4.jar;C:\Users\alexc\.m2\repository\ch\qos\logback\logback-classic\1.4.14\logback-classic-1.4.14.jar;C:\Users\alexc\.m2\repository\ch\qos\logback\logback-core\1.4.14\logback-core-1.4.14.jar;C:\Users\alexc\.m2\repository\org\apache\logging\log4j\log4j-to-slf4j\2.21.1\log4j-to-slf4j-2.21.1.jar;C:\Users\alexc\.m2\repository\org\apache\logging\log4j\log4j-api\2.21.1\log4j-api-2.21.1.jar;C:\Users\alexc\.m2\repository\org\slf4j\jul-to-slf4j\2.0.12\jul-to-slf4j-2.0.12.jar;C:\Users\alexc\.m2\repository\org\yaml\snakeyaml\2.2\snakeyaml-2.2.jar;C:\Users\alexc\.m2\repository\org\apache\tomcat\embed\tomcat-embed-el\10.1.19\tomcat-embed-el-10.1.19.jar;C:\Users\alexc\.m2\repository\org\hibernate\validator\hibernate-validator\8.0.1.Final\hibernate-validator-8.0.1.Final.jar;C:\Users\alexc\.m2\repository\jakarta\validation\jakarta.validation-api\3.0.2\jakarta.validation-api-3.0.2.jar;C:\Users\alexc\.m2\repository\org\springframework\boot\spring-boot-starter-web\3.2.4\spring-boot-starter-web-3.2.4.jar;C:\Users\alexc\.m2\repository\org\springframework\boot\spring-boot-starter-json\3.2.4\spring-boot-starter-json-3.2.4.jar;C:\Users\alexc\.m2\repository\com\fasterxml\jackson\core\jackson-databind\2.15.4\jackson-databind-2.15.4.jar;C:\Users\alexc\.m2\repository\com\fasterxml\jackson\core\jackson-annotations\2.15.4\jackson-annotations-2.15.4.jar;C:\Users\alexc\.m2\repository\com\fasterxml\jackson\core\jackson-core\2.15.4\jackson-core-2.15.4.jar;C:\Users\alexc\.m2\repository\com\fasterxml\jackson\datatype\jackson-datatype-jdk8\2.15.4\jackson-datatype-jdk8-2.15.4.jar;C:\Users\alexc\.m2\repository\com\fasterxml\jackson\datatype\jackson-datatype-jsr310\2.15.4\jackson-datatype-jsr310-2.15.4.jar;C:\Users\alexc\.m2\repository\com\fasterxml\jackson\module\jackson-module-parameter-names\2.15.4\jackson-module-parameter-names-2.15.4.jar;C:\Users\alexc\.m2\repository\org\springframework\boot\spring-boot-starter-tomcat\3.2.4\spring-boot-starter-tomcat-3.2.4.jar;C:\Users\alexc\.m2\repository\org\apache\tomcat\embed\tomcat-embed-core\10.1.19\tomcat-embed-core-10.1.19.jar;C:\Users\alexc\.m2\repository\org\apache\tomcat\embed\tomcat-embed-websocket\10.1.19\tomcat-embed-websocket-10.1.19.jar;C:\Users\alexc\.m2\repository\org\springframework\spring-web\6.1.5\spring-web-6.1.5.jar;C:\Users\alexc\.m2\repository\io\micrometer\micrometer-observation\1.12.4\micrometer-observation-1.12.4.jar;C:\Users\alexc\.m2\repository\io\micrometer\micrometer-commons\1.12.4\micrometer-commons-1.12.4.jar;C:\Users\alexc\.m2\repository\org\springframework\spring-webmvc\6.1.5\spring-webmvc-6.1.5.jar;C:\Users\alexc\.m2\repository\org\springframework\spring-expression\6.1.5\spring-expression-6.1.5.jar;C:\Users\alexc\.m2\repository\org\springframework\boot\spring-boot-devtools\3.2.4\spring-boot-devtools-3.2.4.jar;C:\Users\alexc\.m2\repository\org\springframework\boot\spring-boot\3.2.4\spring-boot-3.2.4.jar;C:\Users\alexc\.m2\repository\org\springframework\boot\spring-boot-autoconfigure\3.2.4\spring-boot-autoconfigure-3.2.4.jar;C:\Users\alexc\.m2\repository\com\mysql\mysql-connector-j\8.3.0\mysql-connector-j-8.3.0.jar;C:\Users\alexc\.m2\repository\org\postgresql\postgresql\42.6.2\postgresql-42.6.2.jar;C:\Users\alexc\.m2\repository\org\checkerframework\checker-qual\3.31.0\checker-qual-3.31.0.jar;C:\Users\alexc\.m2\repository\org\projectlombok\lombok\1.18.30\lombok-1.18.30.jar;C:\Users\alexc\.m2\repository\org\springframework\boot\spring-boot-starter-test\3.2.4\spring-boot-starter-test-3.2.4.jar;C:\Users\alexc\.m2\repository\org\springframework\boot\spring-boot-test\3.2.4\spring-boot-test-3.2.4.jar;C:\Users\alexc\.m2\repository\org\springframework\boot\spring-boot-test-autoconfigure\3.2.4\spring-boot-test-autoconfigure-3.2.4.jar;C:\Users\alexc\.m2\repository\com\jayway\jsonpath\json-path\2.9.0\json-path-2.9.0.jar;C:\Users\alexc\.m2\repository\jakarta\xml\bind\jakarta.xml.bind-api\4.0.2\jakarta.xml.bind-api-4.0.2.jar;C:\Users\alexc\.m2\repository\jakarta\activation\jakarta.activation-api\2.1.3\jakarta.activation-api-2.1.3.jar;C:\Users\alexc\.m2\repository\net\minidev\json-smart\2.5.0\json-smart-2.5.0.jar;C:\Users\alexc\.m2\repository\net\minidev\accessors-smart\2.5.0\accessors-smart-2.5.0.jar;C:\Users\alexc\.m2\repository\org\ow2\asm\asm\9.3\asm-9.3.jar;C:\Users\alexc\.m2\repository\org\assertj\assertj-core\3.24.2\assertj-core-3.24.2.jar;C:\Users\alexc\.m2\repository\org\awaitility\awaitility\4.2.0\awaitility-4.2.0.jar;C:\Users\alexc\.m2\repository\org\hamcrest\hamcrest\2.2\hamcrest-2.2.jar;C:\Users\alexc\.m2\repository\org\junit\jupiter\junit-jupiter\5.10.2\junit-jupiter-5.10.2.jar;C:\Users\alexc\.m2\repository\org\junit\jupiter\junit-jupiter-api\5.10.2\junit-jupiter-api-5.10.2.jar;C:\Users\alexc\.m2\repository\org\opentest4j\opentest4j\1.3.0\opentest4j-1.3.0.jar;C:\Users\alexc\.m2\repository\org\junit\platform\junit-platform-commons\1.10.2\junit-platform-commons-1.10.2.jar;C:\Users\alexc\.m2\repository\org\apiguardian\apiguardian-api\1.1.2\apiguardian-api-1.1.2.jar;C:\Users\alexc\.m2\repository\org\junit\jupiter\junit-jupiter-params\5.10.2\junit-jupiter-params-5.10.2.jar;C:\Users\alexc\.m2\repository\org\junit\jupiter\junit-jupiter-engine\5.10.2\junit-jupiter-engine-5.10.2.jar;C:\Users\alexc\.m2\repository\org\junit\platform\junit-platform-engine\1.10.2\junit-platform-engine-1.10.2.jar;C:\Users\alexc\.m2\repository\org\mockito\mockito-core\5.7.0\mockito-core-5.7.0.jar;C:\Users\alexc\.m2\repository\net\bytebuddy\byte-buddy-agent\1.14.12\byte-buddy-agent-1.14.12.jar;C:\Users\alexc\.m2\repository\org\objenesis\objenesis\3.3\objenesis-3.3.jar;C:\Users\alexc\.m2\repository\org\mockito\mockito-junit-jupiter\5.7.0\mockito-junit-jupiter-5.7.0.jar;C:\Users\alexc\.m2\repository\org\skyscreamer\jsonassert\1.5.1\jsonassert-1.5.1.jar;C:\Users\alexc\.m2\repository\com\vaadin\external\google\android-json\0.0.20131108.vaadin1\android-json-0.0.20131108.vaadin1.jar;C:\Users\alexc\.m2\repository\org\springframework\spring-core\6.1.5\spring-core-6.1.5.jar;C:\Users\alexc\.m2\repository\org\springframework\spring-jcl\6.1.5\spring-jcl-6.1.5.jar;C:\Users\alexc\.m2\repository\org\springframework\spring-test\6.1.5\spring-test-6.1.5.jar;C:\Users\alexc\.m2\repository\org\xmlunit\xmlunit-core\2.9.1\xmlunit-core-2.9.1.jar;, java.vm.vendor=Eclipse Adoptium, sun.arch.data.model=64, user.variant=, java.vendor.url=https://adoptium.net/, user.timezone=America/Mexico_City, jakarta.persistence.sharedCache.mode=UNSPECIFIED, org.jboss.logging.provider=slf4j, java.vm.specification.version=17, os.name=Windows 11, jakarta.persistence.nonJtaDataSource=HikariDataSource (HikariPool-1), sun.java.launcher=SUN_STANDARD, user.country=MX, sun.boot.library.path=C:\Program Files\Spring Tool Suite\sts-4.22.0.RELEASE\plugins\org.eclipse.justj.openjdk.hotspot.jre.full.win32.x86_64_17.0.10.v20240120-1143\jre\bin, sun.java.command=C:\Users\alexc\AppData\Local\Temp\surefire4263377969274566150\surefirebooter-20240701031000264_3.jar C:\Users\alexc\AppData\Local\Temp\surefire4263377969274566150 2024-07-01T03-10-00_127-jvmRun1 surefire-20240701031000264_1tmp surefire_0-20240701031000264_2tmp, javax.persistence.nonJtaDataSource=HikariDataSource (HikariPool-1), hibernate.transaction.jta.platform=org.hibernate.engine.transaction.jta.platform.internal.NoJtaPlatform@3815a7d1, jdk.debug=release, surefire.test.class.path=C:\Users\alexc\git\app-i-mini\ApiInventarioMini\target\test-classes;C:\Users\alexc\git\app-i-mini\ApiInventarioMini\target\classes;C:\Users\alexc\.m2\repository\org\springframework\boot\spring-boot-starter-data-jpa\3.2.4\spring-boot-starter-data-jpa-3.2.4.jar;C:\Users\alexc\.m2\repository\org\springframework\boot\spring-boot-starter-aop\3.2.4\spring-boot-starter-aop-3.2.4.jar;C:\Users\alexc\.m2\repository\org\springframework\spring-aop\6.1.5\spring-aop-6.1.5.jar;C:\Users\alexc\.m2\repository\org\aspectj\aspectjweaver\1.9.21\aspectjweaver-1.9.21.jar;C:\Users\alexc\.m2\repository\org\springframework\boot\spring-boot-starter-jdbc\3.2.4\spring-boot-starter-jdbc-3.2.4.jar;C:\Users\alexc\.m2\repository\com\zaxxer\HikariCP\5.0.1\HikariCP-5.0.1.jar;C:\Users\alexc\.m2\repository\org\springframework\spring-jdbc\6.1.5\spring-jdbc-6.1.5.jar;C:\Users\alexc\.m2\repository\org\hibernate\orm\hibernate-core\6.4.4.Final\hibernate-core-6.4.4.Final.jar;C:\Users\alexc\.m2\repository\jakarta\persistence\jakarta.persistence-api\3.1.0\jakarta.persistence-api-3.1.0.jar;C:\Users\alexc\.m2\repository\jakarta\transaction\jakarta.transaction-api\2.0.1\jakarta.transaction-api-2.0.1.jar;C:\Users\alexc\.m2\repository\org\jboss\logging\jboss-logging\3.5.3.Final\jboss-logging-3.5.3.Final.jar;C:\Users\alexc\.m2\repository\org\hibernate\common\hibernate-commons-annotations\6.0.6.Final\hibernate-commons-annotations-6.0.6.Final.jar;C:\Users\alexc\.m2\repository\io\smallrye\jandex\3.1.2\jandex-3.1.2.jar;C:\Users\alexc\.m2\repository\com\fasterxml\classmate\1.6.0\classmate-1.6.0.jar;C:\Users\alexc\.m2\repository\net\bytebuddy\byte-buddy\1.14.12\byte-buddy-1.14.12.jar;C:\Users\alexc\.m2\repository\org\glassfish\jaxb\jaxb-runtime\4.0.5\jaxb-runtime-4.0.5.jar;C:\Users\alexc\.m2\repository\org\glassfish\jaxb\jaxb-core\4.0.5\jaxb-core-4.0.5.jar;C:\Users\alexc\.m2\repository\org\eclipse\angus\angus-activation\2.0.2\angus-activation-2.0.2.jar;C:\Users\alexc\.m2\repository\org\glassfish\jaxb\txw2\4.0.5\txw2-4.0.5.jar;C:\Users\alexc\.m2\repository\com\sun\istack\istack-commons-runtime\4.1.2\istack-commons-runtime-4.1.2.jar;C:\Users\alexc\.m2\repository\jakarta\inject\jakarta.inject-api\2.0.1\jakarta.inject-api-2.0.1.jar;C:\Users\alexc\.m2\repository\org\antlr\antlr4-runtime\4.13.0\antlr4-runtime-4.13.0.jar;C:\Users\alexc\.m2\repository\org\springframework\data\spring-data-jpa\3.2.4\spring-data-jpa-3.2.4.jar;C:\Users\alexc\.m2\repository\org\springframework\data\spring-data-commons\3.2.4\spring-data-commons-3.2.4.jar;C:\Users\alexc\.m2\repository\org\springframework\spring-orm\6.1.5\spring-orm-6.1.5.jar;C:\Users\alexc\.m2\repository\org\springframework\spring-context\6.1.5\spring-context-6.1.5.jar;C:\Users\alexc\.m2\repository\org\springframework\spring-tx\6.1.5\spring-tx-6.1.5.jar;C:\Users\alexc\.m2\repository\org\springframework\spring-beans\6.1.5\spring-beans-6.1.5.jar;C:\Users\alexc\.m2\repository\jakarta\annotation\jakarta.annotation-api\2.1.1\jakarta.annotation-api-2.1.1.jar;C:\Users\alexc\.m2\repository\org\slf4j\slf4j-api\2.0.12\slf4j-api-2.0.12.jar;C:\Users\alexc\.m2\repository\org\springframework\spring-aspects\6.1.5\spring-aspects-6.1.5.jar;C:\Users\alexc\.m2\repository\org\springframework\boot\spring-boot-starter-validation\3.2.4\spring-boot-starter-validation-3.2.4.jar;C:\Users\alexc\.m2\repository\org\springframework\boot\spring-boot-starter\3.2.4\spring-boot-starter-3.2.4.jar;C:\Users\alexc\.m2\repository\org\springframework\boot\spring-boot-starter-logging\3.2.4\spring-boot-starter-logging-3.2.4.jar;C:\Users\alexc\.m2\repository\ch\qos\logback\logback-classic\1.4.14\logback-classic-1.4.14.jar;C:\Users\alexc\.m2\repository\ch\qos\logback\logback-core\1.4.14\logback-core-1.4.14.jar;C:\Users\alexc\.m2\repository\org\apache\logging\log4j\log4j-to-slf4j\2.21.1\log4j-to-slf4j-2.21.1.jar;C:\Users\alexc\.m2\repository\org\apache\logging\log4j\log4j-api\2.21.1\log4j-api-2.21.1.jar;C:\Users\alexc\.m2\repository\org\slf4j\jul-to-slf4j\2.0.12\jul-to-slf4j-2.0.12.jar;C:\Users\alexc\.m2\repository\org\yaml\snakeyaml\2.2\snakeyaml-2.2.jar;C:\Users\alexc\.m2\repository\org\apache\tomcat\embed\tomcat-embed-el\10.1.19\tomcat-embed-el-10.1.19.jar;C:\Users\alexc\.m2\repository\org\hibernate\validator\hibernate-validator\8.0.1.Final\hibernate-validator-8.0.1.Final.jar;C:\Users\alexc\.m2\repository\jakarta\validation\jakarta.validation-api\3.0.2\jakarta.validation-api-3.0.2.jar;C:\Users\alexc\.m2\repository\org\springframework\boot\spring-boot-starter-web\3.2.4\spring-boot-starter-web-3.2.4.jar;C:\Users\alexc\.m2\repository\org\springframework\boot\spring-boot-starter-json\3.2.4\spring-boot-starter-json-3.2.4.jar;C:\Users\alexc\.m2\repository\com\fasterxml\jackson\core\jackson-databind\2.15.4\jackson-databind-2.15.4.jar;C:\Users\alexc\.m2\repository\com\fasterxml\jackson\core\jackson-annotations\2.15.4\jackson-annotations-2.15.4.jar;C:\Users\alexc\.m2\repository\com\fasterxml\jackson\core\jackson-core\2.15.4\jackson-core-2.15.4.jar;C:\Users\alexc\.m2\repository\com\fasterxml\jackson\datatype\jackson-datatype-jdk8\2.15.4\jackson-datatype-jdk8-2.15.4.jar;C:\Users\alexc\.m2\repository\com\fasterxml\jackson\datatype\jackson-datatype-jsr310\2.15.4\jackson-datatype-jsr310-2.15.4.jar;C:\Users\alexc\.m2\repository\com\fasterxml\jackson\module\jackson-module-parameter-names\2.15.4\jackson-module-parameter-names-2.15.4.jar;C:\Users\alexc\.m2\repository\org\springframework\boot\spring-boot-starter-tomcat\3.2.4\spring-boot-starter-tomcat-3.2.4.jar;C:\Users\alexc\.m2\repository\org\apache\tomcat\embed\tomcat-embed-core\10.1.19\tomcat-embed-core-10.1.19.jar;C:\Users\alexc\.m2\repository\org\apache\tomcat\embed\tomcat-embed-websocket\10.1.19\tomcat-embed-websocket-10.1.19.jar;C:\Users\alexc\.m2\repository\org\springframework\spring-web\6.1.5\spring-web-6.1.5.jar;C:\Users\alexc\.m2\repository\io\micrometer\micrometer-observation\1.12.4\micrometer-observation-1.12.4.jar;C:\Users\alexc\.m2\repository\io\micrometer\micrometer-commons\1.12.4\micrometer-commons-1.12.4.jar;C:\Users\alexc\.m2\repository\org\springframework\spring-webmvc\6.1.5\spring-webmvc-6.1.5.jar;C:\Users\alexc\.m2\repository\org\springframework\spring-expression\6.1.5\spring-expression-6.1.5.jar;C:\Users\alexc\.m2\repository\org\springframework\boot\spring-boot-devtools\3.2.4\spring-boot-devtools-3.2.4.jar;C:\Users\alexc\.m2\repository\org\springframework\boot\spring-boot\3.2.4\spring-boot-3.2.4.jar;C:\Users\alexc\.m2\repository\org\springframework\boot\spring-boot-autoconfigure\3.2.4\spring-boot-autoconfigure-3.2.4.jar;C:\Users\alexc\.m2\repository\com\mysql\mysql-connector-j\8.3.0\mysql-connector-j-8.3.0.jar;C:\Users\alexc\.m2\repository\org\postgresql\postgresql\42.6.2\postgresql-42.6.2.jar;C:\Users\alexc\.m2\repository\org\checkerframework\checker-qual\3.31.0\checker-qual-3.31.0.jar;C:\Users\alexc\.m2\repository\org\projectlombok\lombok\1.18.30\lombok-1.18.30.jar;C:\Users\alexc\.m2\repository\org\springframework\boot\spring-boot-starter-test\3.2.4\spring-boot-starter-test-3.2.4.jar;C:\Users\alexc\.m2\repository\org\springframework\boot\spring-boot-test\3.2.4\spring-boot-test-3.2.4.jar;C:\Users\alexc\.m2\repository\org\springframework\boot\spring-boot-test-autoconfigure\3.2.4\spring-boot-test-autoconfigure-3.2.4.jar;C:\Users\alexc\.m2\repository\com\jayway\jsonpath\json-path\2.9.0\json-path-2.9.0.jar;C:\Users\alexc\.m2\repository\jakarta\xml\bind\jakarta.xml.bind-api\4.0.2\jakarta.xml.bind-api-4.0.2.jar;C:\Users\alexc\.m2\repository\jakarta\activation\jakarta.activation-api\2.1.3\jakarta.activation-api-2.1.3.jar;C:\Users\alexc\.m2\repository\net\minidev\json-smart\2.5.0\json-smart-2.5.0.jar;C:\Users\alexc\.m2\repository\net\minidev\accessors-smart\2.5.0\accessors-smart-2.5.0.jar;C:\Users\alexc\.m2\repository\org\ow2\asm\asm\9.3\asm-9.3.jar;C:\Users\alexc\.m2\repository\org\assertj\assertj-core\3.24.2\assertj-core-3.24.2.jar;C:\Users\alexc\.m2\repository\org\awaitility\awaitility\4.2.0\awaitility-4.2.0.jar;C:\Users\alexc\.m2\repository\org\hamcrest\hamcrest\2.2\hamcrest-2.2.jar;C:\Users\alexc\.m2\repository\org\junit\jupiter\junit-jupiter\5.10.2\junit-jupiter-5.10.2.jar;C:\Users\alexc\.m2\repository\org\junit\jupiter\junit-jupiter-api\5.10.2\junit-jupiter-api-5.10.2.jar;C:\Users\alexc\.m2\repository\org\opentest4j\opentest4j\1.3.0\opentest4j-1.3.0.jar;C:\Users\alexc\.m2\repository\org\junit\platform\junit-platform-commons\1.10.2\junit-platform-commons-1.10.2.jar;C:\Users\alexc\.m2\repository\org\apiguardian\apiguardian-api\1.1.2\apiguardian-api-1.1.2.jar;C:\Users\alexc\.m2\repository\org\junit\jupiter\junit-jupiter-params\5.10.2\junit-jupiter-params-5.10.2.jar;C:\Users\alexc\.m2\repository\org\junit\jupiter\junit-jupiter-engine\5.10.2\junit-jupiter-engine-5.10.2.jar;C:\Users\alexc\.m2\repository\org\junit\platform\junit-platform-engine\1.10.2\junit-platform-engine-1.10.2.jar;C:\Users\alexc\.m2\repository\org\mockito\mockito-core\5.7.0\mockito-core-5.7.0.jar;C:\Users\alexc\.m2\repository\net\bytebuddy\byte-buddy-agent\1.14.12\byte-buddy-agent-1.14.12.jar;C:\Users\alexc\.m2\repository\org\objenesis\objenesis\3.3\objenesis-3.3.jar;C:\Users\alexc\.m2\repository\org\mockito\mockito-junit-jupiter\5.7.0\mockito-junit-jupiter-5.7.0.jar;C:\Users\alexc\.m2\repository\org\skyscreamer\jsonassert\1.5.1\jsonassert-1.5.1.jar;C:\Users\alexc\.m2\repository\com\vaadin\external\google\android-json\0.0.20131108.vaadin1\android-json-0.0.20131108.vaadin1.jar;C:\Users\alexc\.m2\repository\org\springframework\spring-core\6.1.5\spring-core-6.1.5.jar;C:\Users\alexc\.m2\repository\org\springframework\spring-jcl\6.1.5\spring-jcl-6.1.5.jar;C:\Users\alexc\.m2\repository\org\springframework\spring-test\6.1.5\spring-test-6.1.5.jar;C:\Users\alexc\.m2\repository\org\xmlunit\xmlunit-core\2.9.1\xmlunit-core-2.9.1.jar;, sun.cpu.endian=little, hibernate.cdi.extensions=true, user.home=C:\Users\alexc, user.language=es, java.specification.vendor=Oracle Corporation, java.version.date=2024-01-16, java.home=C:\Program Files\Spring Tool Suite\sts-4.22.0.RELEASE\plugins\org.eclipse.justj.openjdk.hotspot.jre.full.win32.x86_64_17.0.10.v20240120-1143\jre, file.separator=\, basedir=C:\Users\alexc\git\app-i-mini\ApiInventarioMini, style.color=always, java.vm.compressedOopsMode=Zero based, line.separator=
, hibernate.persistenceUnitName=default, java.vm.specification.vendor=Oracle Corporation, java.specification.name=Java Platform API Specification, FILE_LOG_CHARSET=windows-1252, hibernate.transaction.coordinator_class=class org.hibernate.resource.transaction.backend.jdbc.internal.JdbcResourceLocalTransactionCoordinatorBuilderImpl, java.awt.headless=true, surefire.real.class.path=C:\Users\alexc\AppData\Local\Temp\surefire4263377969274566150\surefirebooter-20240701031000264_3.jar, jakarta.persistence.validation.mode=AUTO, hibernate.hbm2ddl.auto=update, user.script=, sun.management.compiler=HotSpot 64-Bit Tiered Compilers, java.runtime.version=17.0.10+7, user.name=alexc, path.separator=;, os.version=10.0, java.runtime.name=OpenJDK Runtime Environment, file.encoding=Cp1252, java.vm.name=OpenJDK 64-Bit Server VM, hibernate.show_sql=true, java.vendor.version=Temurin-17.0.10+7, localRepository=C:\Users\alexc\.m2\repository, java.vendor.url.bug=https://github.com/adoptium/adoptium-support/issues, java.io.tmpdir=C:\Users\alexc\AppData\Local\Temp\, java.version=17.0.10, hibernate.physical_naming_strategy=org.hibernate.boot.model.naming.PhysicalNamingStrategyStandardImpl, user.dir=C:\Users\alexc\git\app-i-mini\ApiInventarioMini, os.arch=amd64, java.vm.specification.name=Java Virtual Machine Specification, PID=22516, sun.os.patch.level=, CONSOLE_LOG_CHARSET=windows-1252, hibernate.boot.CfgXmlAccessService.key=org.hibernate.boot.registry.StandardServiceRegistryBuilder$1@24dc150c, native.encoding=Cp1252, java.library.path=C:\Program Files\Spring Tool Suite\sts-4.22.0.RELEASE\plugins\org.eclipse.justj.openjdk.hotspot.jre.full.win32.x86_64_17.0.10.v20240120-1143\jre\bin;C:\WINDOWS\Sun\Java\bin;C:\WINDOWS\system32;C:\WINDOWS;C:/Program Files/Spring Tool Suite/sts-4.22.0.RELEASE//plugins/org.eclipse.justj.openjdk.hotspot.jre.full.win32.x86_64_17.0.10.v20240120-1143/jre/bin/server;C:/Program Files/Spring Tool Suite/sts-4.22.0.RELEASE//plugins/org.eclipse.justj.openjdk.hotspot.jre.full.win32.x86_64_17.0.10.v20240120-1143/jre/bin;C:\windows\system32;C:\windows;C:\windows\System32\Wbem;C:\windows\System32\WindowsPowerShell\v1.0\;C:\windows\System32\OpenSSH\;C:\Program Files (x86)\NVIDIA Corporation\PhysX\Common;C:\MinGW\bin;C:\Program Files\MySQL\MySQL Server 8.0\bin;C:\Program Files\NVIDIA Corporation\NVIDIA NvDLISR;C:\Program Files\MATLAB\R2022b\bin;C:\GnuWin32\bin;C:\Program Files (x86)\IVI Foundation\VISA\WinNT\Bin\;C:\Program Files\IVI Foundation\VISA\Win64\Bin\;C:\Program Files (x86)\National Instruments\Shared\LabVIEW CLI;C:\Program Files (x86)\IVI Foundation\VISA\WinNT\Bin;C:\WINDOWS\system32;C:\WINDOWS;C:\WINDOWS\System32\Wbem;C:\WINDOWS\System32\WindowsPowerShell\v1.0\;C:\WINDOWS\System32\OpenSSH\;K:\Microchip\xc8\v2.40\bin;C:\Program Files\Docker\Docker\resources\bin;C:\Program Files\Graphviz\bin;C:\Program Files\HP\HP One Agent;C:\Program Files\Java\jdk-17\bin;C:\Program Files\nodejs\;C:\Program Files\Git\cmd;C:\Users\alexc\AppData\Local\Programs\Python\Python37\Scripts\;C:\Users\alexc\AppData\Local\Programs\Python\Python37\;C:\Users\alexc\AppData\Local\Microsoft\WindowsApps;C:\Users\alexc\AppData\Local\Programs\Microsoft VS Code\bin;C:\Users\alexc\AppData\Local\GitHubDesktop\bin;C:\Program Files\heroku\bin;C:\intelFPGA\20.1\modelsim_ase\win32aloem;C:\Program Files\MySQL\MySQL Server 8.0\bin\;;K:\Pycharm\PyCharm Community Edition 2022.3.2\bin;;C:\Users\alexc\AppData\Roaming\npm;C:\Program Files\Spring Tool Suite\sts-4.22.0.RELEASE;;., java.vendor=Eclipse Adoptium, java.vm.info=mixed mode, java.vm.version=17.0.10+7, sun.io.unicode.encoding=UnicodeLittle, hibernate.archive.scanner=org.hibernate.boot.archive.scan.internal.DisabledScanner, hibernate.connection.datasource=HikariDataSource (HikariPool-1), java.class.version=61.0, LOGGED_APPLICATION_NAME=[ApiInventarioMini] }
2024-07-01T03:10:04.859-06:00 DEBUG 22516 --- [ApiInventarioMini] [           main] o.hibernate.internal.SessionFactoryImpl  : Session factory constructed with filter configurations : {}
2024-07-01T03:10:04.862-06:00 DEBUG 22516 --- [ApiInventarioMini] [           main] o.h.v.i.xml.config.ValidationXmlParser   : Trying to load META-INF/validation.xml for XML based Validator configuration.
2024-07-01T03:10:04.862-06:00 DEBUG 22516 --- [ApiInventarioMini] [           main] o.h.v.i.xml.config.ResourceLoaderHelper  : Trying to load META-INF/validation.xml via TCCL
2024-07-01T03:10:04.862-06:00 DEBUG 22516 --- [ApiInventarioMini] [           main] o.h.v.i.xml.config.ResourceLoaderHelper  : Trying to load META-INF/validation.xml via Hibernate Validator's class loader
2024-07-01T03:10:04.863-06:00 DEBUG 22516 --- [ApiInventarioMini] [           main] o.h.v.i.xml.config.ValidationXmlParser   : No META-INF/validation.xml found. Using annotation based configuration only.
2024-07-01T03:10:04.863-06:00 DEBUG 22516 --- [ApiInventarioMini] [           main] o.h.v.i.e.resolver.TraversableResolvers  : Found jakarta.persistence.Persistence on classpath containing 'getPersistenceUtil'. Assuming JPA 2 environment. Trying to instantiate JPA aware TraversableResolver
2024-07-01T03:10:04.863-06:00 DEBUG 22516 --- [ApiInventarioMini] [           main] o.h.v.i.e.resolver.TraversableResolvers  : Instantiated JPA aware TraversableResolver of type org.hibernate.validator.internal.engine.resolver.JPATraversableResolver.
2024-07-01T03:10:04.863-06:00 DEBUG 22516 --- [ApiInventarioMini] [           main] .h.v.m.ResourceBundleMessageInterpolator : Loaded expression factory via original TCCL
2024-07-01T03:10:04.864-06:00 DEBUG 22516 --- [ApiInventarioMini] [           main] .i.e.ValidatorFactoryConfigurationHelper : HV000252: Using org.hibernate.validator.internal.engine.DefaultPropertyNodeNameProvider as property node name provider.
2024-07-01T03:10:04.864-06:00 DEBUG 22516 --- [ApiInventarioMini] [           main] .i.e.ValidatorFactoryConfigurationHelper : HV000234: Using org.hibernate.validator.messageinterpolation.ResourceBundleMessageInterpolator as ValidatorFactory-scoped message interpolator.
2024-07-01T03:10:04.864-06:00 DEBUG 22516 --- [ApiInventarioMini] [           main] .i.e.ValidatorFactoryConfigurationHelper : HV000234: Using org.hibernate.validator.internal.engine.resolver.JPATraversableResolver as ValidatorFactory-scoped traversable resolver.
2024-07-01T03:10:04.864-06:00 DEBUG 22516 --- [ApiInventarioMini] [           main] .i.e.ValidatorFactoryConfigurationHelper : HV000234: Using org.hibernate.validator.internal.util.ExecutableParameterNameProvider as ValidatorFactory-scoped parameter name provider.
2024-07-01T03:10:04.864-06:00 DEBUG 22516 --- [ApiInventarioMini] [           main] .i.e.ValidatorFactoryConfigurationHelper : HV000234: Using org.hibernate.validator.internal.engine.DefaultClockProvider as ValidatorFactory-scoped clock provider.
2024-07-01T03:10:04.864-06:00 DEBUG 22516 --- [ApiInventarioMini] [           main] .i.e.ValidatorFactoryConfigurationHelper : HV000234: Using org.hibernate.validator.internal.engine.scripting.DefaultScriptEvaluatorFactory as ValidatorFactory-scoped script evaluator factory.
2024-07-01T03:10:04.865-06:00 DEBUG 22516 --- [ApiInventarioMini] [           main] o.h.boot.internal.ClassLoaderAccessImpl  : Not known whether passed class name [com.ipn.mx.domain.entity.Categoria] is safe
2024-07-01T03:10:04.865-06:00 DEBUG 22516 --- [ApiInventarioMini] [           main] o.h.boot.internal.ClassLoaderAccessImpl  : No temp ClassLoader provided; using live ClassLoader for loading potentially unsafe class : com.ipn.mx.domain.entity.Categoria
2024-07-01T03:10:04.889-06:00 DEBUG 22516 --- [ApiInventarioMini] [           main] o.h.boot.internal.ClassLoaderAccessImpl  : Not known whether passed class name [com.ipn.mx.domain.entity.Producto] is safe
2024-07-01T03:10:04.890-06:00 DEBUG 22516 --- [ApiInventarioMini] [           main] o.h.boot.internal.ClassLoaderAccessImpl  : No temp ClassLoader provided; using live ClassLoader for loading potentially unsafe class : com.ipn.mx.domain.entity.Producto
2024-07-01T03:10:04.893-06:00 DEBUG 22516 --- [ApiInventarioMini] [           main] .h.s.i.SessionFactoryServiceRegistryImpl : EventListenerRegistry access via ServiceRegistry is deprecated.  Use `sessionFactory.getEventEngine().getListenerRegistry()` instead
2024-07-01T03:10:04.929-06:00 DEBUG 22516 --- [ApiInventarioMini] [           main] o.h.q.sqm.function.SqmFunctionRegistry   : Registered SqmFunctionTemplate [NamedSqmFunctionTemplate(max)] under max; prior registration was null
2024-07-01T03:10:04.930-06:00 DEBUG 22516 --- [ApiInventarioMini] [           main] o.h.q.sqm.function.SqmFunctionRegistry   : Registered SqmFunctionTemplate [NamedSqmFunctionTemplate(min)] under min; prior registration was null
2024-07-01T03:10:04.930-06:00 DEBUG 22516 --- [ApiInventarioMini] [           main] o.h.q.sqm.function.SqmFunctionRegistry   : Registered SqmFunctionTemplate [NamedSqmFunctionTemplate(sum)] under sum; prior registration was null
2024-07-01T03:10:04.932-06:00 DEBUG 22516 --- [ApiInventarioMini] [           main] o.h.q.sqm.function.SqmFunctionRegistry   : Registered SqmFunctionTemplate [NamedSqmFunctionTemplate(avg)] under avg; prior registration was null
2024-07-01T03:10:04.933-06:00 DEBUG 22516 --- [ApiInventarioMini] [           main] o.h.q.sqm.function.SqmFunctionRegistry   : Registered SqmFunctionTemplate [org.hibernate.dialect.function.CountFunction@ab4d2ba] under count; prior registration was null
2024-07-01T03:10:04.933-06:00 DEBUG 22516 --- [ApiInventarioMini] [           main] o.h.q.sqm.function.SqmFunctionRegistry   : Registered SqmFunctionTemplate [org.hibernate.dialect.function.EveryAnyEmulation@70421a08] under every; prior registration was null
2024-07-01T03:10:04.933-06:00 DEBUG 22516 --- [ApiInventarioMini] [           main] o.h.q.sqm.function.SqmFunctionRegistry   : Registered SqmFunctionTemplate [org.hibernate.dialect.function.EveryAnyEmulation@5dba3fdc] under any; prior registration was null
2024-07-01T03:10:04.934-06:00 DEBUG 22516 --- [ApiInventarioMini] [           main] o.h.q.sqm.function.SqmFunctionRegistry   : Registered SqmFunctionTemplate [NamedSqmFunctionTemplate(floor)] under floor; prior registration was null
2024-07-01T03:10:04.934-06:00 DEBUG 22516 --- [ApiInventarioMini] [           main] o.h.q.sqm.function.SqmFunctionRegistry   : Registered SqmFunctionTemplate [NamedSqmFunctionTemplate(ceiling)] under ceiling; prior registration was null
2024-07-01T03:10:04.934-06:00 DEBUG 22516 --- [ApiInventarioMini] [           main] o.h.q.sqm.function.SqmFunctionRegistry   : Registered SqmFunctionTemplate [NamedSqmFunctionTemplate(mod)] under mod; prior registration was null
2024-07-01T03:10:04.934-06:00 DEBUG 22516 --- [ApiInventarioMini] [           main] o.h.q.sqm.function.SqmFunctionRegistry   : Registered SqmFunctionTemplate [NamedSqmFunctionTemplate(abs)] under abs; prior registration was null
2024-07-01T03:10:04.934-06:00 DEBUG 22516 --- [ApiInventarioMini] [           main] o.h.q.sqm.function.SqmFunctionRegistry   : Registered SqmFunctionTemplate [NamedSqmFunctionTemplate(sign)] under sign; prior registration was null
2024-07-01T03:10:04.934-06:00 DEBUG 22516 --- [ApiInventarioMini] [           main] o.h.q.sqm.function.SqmFunctionRegistry   : Registered SqmFunctionTemplate [NamedSqmFunctionTemplate(sqrt)] under sqrt; prior registration was null
2024-07-01T03:10:04.934-06:00 DEBUG 22516 --- [ApiInventarioMini] [           main] o.h.q.sqm.function.SqmFunctionRegistry   : Registered SqmFunctionTemplate [NamedSqmFunctionTemplate(ln)] under ln; prior registration was null
2024-07-01T03:10:04.934-06:00 DEBUG 22516 --- [ApiInventarioMini] [           main] o.h.q.sqm.function.SqmFunctionRegistry   : Registered SqmFunctionTemplate [NamedSqmFunctionTemplate(exp)] under exp; prior registration was null
2024-07-01T03:10:04.934-06:00 DEBUG 22516 --- [ApiInventarioMini] [           main] o.h.q.sqm.function.SqmFunctionRegistry   : Registered SqmFunctionTemplate [NamedSqmFunctionTemplate(power)] under power; prior registration was null
2024-07-01T03:10:04.935-06:00 DEBUG 22516 --- [ApiInventarioMini] [           main] o.h.q.sqm.function.SqmFunctionRegistry   : Registered SqmFunctionTemplate [NamedSqmFunctionTemplate(round)] under round; prior registration was null
2024-07-01T03:10:04.935-06:00 DEBUG 22516 --- [ApiInventarioMini] [           main] o.h.q.sqm.function.SqmFunctionRegistry   : Registered SqmFunctionTemplate [NamedSqmFunctionTemplate(sin)] under sin; prior registration was null
2024-07-01T03:10:04.935-06:00 DEBUG 22516 --- [ApiInventarioMini] [           main] o.h.q.sqm.function.SqmFunctionRegistry   : Registered SqmFunctionTemplate [NamedSqmFunctionTemplate(cos)] under cos; prior registration was null
2024-07-01T03:10:04.935-06:00 DEBUG 22516 --- [ApiInventarioMini] [           main] o.h.q.sqm.function.SqmFunctionRegistry   : Registered SqmFunctionTemplate [NamedSqmFunctionTemplate(tan)] under tan; prior registration was null
2024-07-01T03:10:04.935-06:00 DEBUG 22516 --- [ApiInventarioMini] [           main] o.h.q.sqm.function.SqmFunctionRegistry   : Registered SqmFunctionTemplate [NamedSqmFunctionTemplate(asin)] under asin; prior registration was null
2024-07-01T03:10:04.935-06:00 DEBUG 22516 --- [ApiInventarioMini] [           main] o.h.q.sqm.function.SqmFunctionRegistry   : Registered SqmFunctionTemplate [NamedSqmFunctionTemplate(acos)] under acos; prior registration was null
2024-07-01T03:10:04.935-06:00 DEBUG 22516 --- [ApiInventarioMini] [           main] o.h.q.sqm.function.SqmFunctionRegistry   : Registered SqmFunctionTemplate [NamedSqmFunctionTemplate(atan)] under atan; prior registration was null
2024-07-01T03:10:04.935-06:00 DEBUG 22516 --- [ApiInventarioMini] [           main] o.h.q.sqm.function.SqmFunctionRegistry   : Registered SqmFunctionTemplate [NamedSqmFunctionTemplate(atan2)] under atan2; prior registration was null
2024-07-01T03:10:04.936-06:00 DEBUG 22516 --- [ApiInventarioMini] [           main] o.h.q.sqm.function.SqmFunctionRegistry   : Registered SqmFunctionTemplate [org.hibernate.query.sqm.function.PatternBasedSqmFunctionDescriptor@5f82209e] under sinh; prior registration was null
2024-07-01T03:10:04.936-06:00 DEBUG 22516 --- [ApiInventarioMini] [           main] o.h.q.sqm.function.SqmFunctionRegistry   : Registered SqmFunctionTemplate [org.hibernate.query.sqm.function.PatternBasedSqmFunctionDescriptor@515c732d] under cosh; prior registration was null
2024-07-01T03:10:04.936-06:00 DEBUG 22516 --- [ApiInventarioMini] [           main] o.h.q.sqm.function.SqmFunctionRegistry   : Registered SqmFunctionTemplate [org.hibernate.query.sqm.function.PatternBasedSqmFunctionDescriptor@5ae87de0] under tanh; prior registration was null
2024-07-01T03:10:04.936-06:00 DEBUG 22516 --- [ApiInventarioMini] [           main] o.h.q.sqm.function.SqmFunctionRegistry   : Registered SqmFunctionTemplate [org.hibernate.query.sqm.function.PatternBasedSqmFunctionDescriptor@1f85904a] under pi; prior registration was null
2024-07-01T03:10:04.936-06:00 DEBUG 22516 --- [ApiInventarioMini] [           main] o.h.q.sqm.function.SqmFunctionRegistry   : Registered SqmFunctionTemplate [org.hibernate.query.sqm.function.PatternBasedSqmFunctionDescriptor@514dc5f4] under log; prior registration was null
2024-07-01T03:10:04.937-06:00 DEBUG 22516 --- [ApiInventarioMini] [           main] o.h.q.sqm.function.SqmFunctionRegistry   : Registered SqmFunctionTemplate [NamedSqmFunctionTemplate(coalesce)] under coalesce; prior registration was null
2024-07-01T03:10:04.937-06:00 DEBUG 22516 --- [ApiInventarioMini] [           main] o.h.q.sqm.function.SqmFunctionRegistry   : Registered SqmFunctionTemplate [NamedSqmFunctionTemplate(nullif)] under nullif; prior registration was null
2024-07-01T03:10:04.937-06:00 DEBUG 22516 --- [ApiInventarioMini] [           main] o.h.q.sqm.function.SqmFunctionRegistry   : Registered SqmFunctionTemplate [NamedSqmFunctionTemplate(left)] under left; prior registration was null
2024-07-01T03:10:04.937-06:00 DEBUG 22516 --- [ApiInventarioMini] [           main] o.h.q.sqm.function.SqmFunctionRegistry   : Registered SqmFunctionTemplate [NamedSqmFunctionTemplate(right)] under right; prior registration was null
2024-07-01T03:10:04.937-06:00 DEBUG 22516 --- [ApiInventarioMini] [           main] o.h.q.sqm.function.SqmFunctionRegistry   : Registered SqmFunctionTemplate [NamedSqmFunctionTemplate(replace)] under replace; prior registration was null
2024-07-01T03:10:04.937-06:00 DEBUG 22516 --- [ApiInventarioMini] [           main] o.h.q.sqm.function.SqmFunctionRegistry   : Registered SqmFunctionTemplate [NamedSqmFunctionTemplate(concat)] under concat; prior registration was null
2024-07-01T03:10:04.937-06:00 DEBUG 22516 --- [ApiInventarioMini] [           main] o.h.q.sqm.function.SqmFunctionRegistry   : Registered SqmFunctionTemplate [NamedSqmFunctionTemplate(lower)] under lower; prior registration was null
2024-07-01T03:10:04.937-06:00 DEBUG 22516 --- [ApiInventarioMini] [           main] o.h.q.sqm.function.SqmFunctionRegistry   : Registered SqmFunctionTemplate [NamedSqmFunctionTemplate(upper)] under upper; prior registration was null
2024-07-01T03:10:04.938-06:00 DEBUG 22516 --- [ApiInventarioMini] [           main] o.h.q.sqm.function.SqmFunctionRegistry   : Registered SqmFunctionTemplate [NamedSqmFunctionTemplate(substring)] under substring; prior registration was null
2024-07-01T03:10:04.938-06:00 DEBUG 22516 --- [ApiInventarioMini] [           main] o.h.q.sqm.function.SqmFunctionRegistry   : Registered SqmFunctionTemplate [NamedSqmFunctionTemplate(locate)] under locate; prior registration was null
2024-07-01T03:10:04.938-06:00 DEBUG 22516 --- [ApiInventarioMini] [           main] o.h.q.sqm.function.SqmFunctionRegistry   : Registered SqmFunctionTemplate [NamedSqmFunctionTemplate(character_length)] under character_length; prior registration was null
2024-07-01T03:10:04.938-06:00 DEBUG 22516 --- [ApiInventarioMini] [           main] o.h.q.sqm.function.SqmFunctionRegistry   : Registering alternate key : length -> character_length
2024-07-01T03:10:04.938-06:00 DEBUG 22516 --- [ApiInventarioMini] [           main] o.h.q.sqm.function.SqmFunctionRegistry   : Registered SqmFunctionTemplate [org.hibernate.dialect.function.LocatePositionEmulation@399c408c] under position; prior registration was null
2024-07-01T03:10:04.939-06:00 DEBUG 22516 --- [ApiInventarioMini] [           main] o.h.q.sqm.function.SqmFunctionRegistry   : Registered SqmFunctionTemplate [org.hibernate.dialect.function.InsertSubstringOverlayEmulation@69ab2d6a] under overlay; prior registration was null
2024-07-01T03:10:04.940-06:00 DEBUG 22516 --- [ApiInventarioMini] [           main] o.h.q.sqm.function.SqmFunctionRegistry   : Registered SqmFunctionTemplate [org.hibernate.dialect.function.TrimFunction@28f8ce2e] under trim; prior registration was null
2024-07-01T03:10:04.941-06:00 DEBUG 22516 --- [ApiInventarioMini] [           main] o.h.q.sqm.function.SqmFunctionRegistry   : Registered SqmFunctionTemplate [org.hibernate.dialect.function.CastFunction@6f80cf5] under cast; prior registration was null
2024-07-01T03:10:04.941-06:00 DEBUG 22516 --- [ApiInventarioMini] [           main] o.h.q.sqm.function.SqmFunctionRegistry   : Registered SqmFunctionTemplate [org.hibernate.query.sqm.function.PatternBasedSqmFunctionDescriptor@674ed201] under collate; prior registration was null
2024-07-01T03:10:04.941-06:00 DEBUG 22516 --- [ApiInventarioMini] [           main] o.h.q.sqm.function.SqmFunctionRegistry   : Registered SqmFunctionTemplate [org.hibernate.dialect.function.ExtractFunction@465d1345] under extract; prior registration was null
2024-07-01T03:10:04.941-06:00 DEBUG 22516 --- [ApiInventarioMini] [           main] o.h.q.sqm.function.SqmFunctionRegistry   : Registered SqmFunctionTemplate [NamedSqmFunctionTemplate(least)] under least; prior registration was null
2024-07-01T03:10:04.941-06:00 DEBUG 22516 --- [ApiInventarioMini] [           main] o.h.q.sqm.function.SqmFunctionRegistry   : Registered SqmFunctionTemplate [NamedSqmFunctionTemplate(greatest)] under greatest; prior registration was null
2024-07-01T03:10:04.941-06:00 DEBUG 22516 --- [ApiInventarioMini] [           main] o.h.q.sqm.function.SqmFunctionRegistry   : Registered SqmFunctionTemplate [org.hibernate.dialect.function.CoalesceIfnullEmulation@433b1597] under ifnull; prior registration was null
2024-07-01T03:10:04.941-06:00 DEBUG 22516 --- [ApiInventarioMini] [           main] o.h.q.sqm.function.SqmFunctionRegistry   : Registered SqmFunctionTemplate [NamedSqmFunctionTemplate(lpad)] under lpad; prior registration was null
2024-07-01T03:10:04.941-06:00 DEBUG 22516 --- [ApiInventarioMini] [           main] o.h.q.sqm.function.SqmFunctionRegistry   : Registered SqmFunctionTemplate [NamedSqmFunctionTemplate(rpad)] under rpad; prior registration was null
2024-07-01T03:10:04.942-06:00 DEBUG 22516 --- [ApiInventarioMini] [           main] o.h.q.sqm.function.SqmFunctionRegistry   : Registered SqmFunctionTemplate [org.hibernate.dialect.function.LpadRpadPadEmulation@75d7297d] under pad; prior registration was null
2024-07-01T03:10:04.942-06:00 DEBUG 22516 --- [ApiInventarioMini] [           main] o.h.q.sqm.function.SqmFunctionRegistry   : Registered SqmFunctionTemplate [org.hibernate.dialect.function.CastStrEmulation@2ca132ad] under str; prior registration was null
2024-07-01T03:10:04.943-06:00 DEBUG 22516 --- [ApiInventarioMini] [           main] o.h.q.sqm.function.SqmFunctionRegistry   : Registered SqmFunctionTemplate [org.hibernate.dialect.function.FormatFunction@5939f047] under format; prior registration was null
2024-07-01T03:10:04.943-06:00 DEBUG 22516 --- [ApiInventarioMini] [           main] o.h.q.sqm.function.SqmFunctionRegistry   : Registered SqmFunctionTemplate [org.hibernate.dialect.function.TimestampaddFunction@67ecf7ed] under timestampadd; prior registration was null
2024-07-01T03:10:04.944-06:00 DEBUG 22516 --- [ApiInventarioMini] [           main] o.h.q.sqm.function.SqmFunctionRegistry   : Registered SqmFunctionTemplate [org.hibernate.dialect.function.TimestampdiffFunction@731ab49b] under timestampdiff; prior registration was null
2024-07-01T03:10:04.944-06:00 DEBUG 22516 --- [ApiInventarioMini] [           main] o.h.q.sqm.function.SqmFunctionRegistry   : Registering alternate key : dateadd -> timestampadd
2024-07-01T03:10:04.944-06:00 DEBUG 22516 --- [ApiInventarioMini] [           main] o.h.q.sqm.function.SqmFunctionRegistry   : Registering alternate key : datediff -> timestampdiff
2024-07-01T03:10:04.944-06:00 DEBUG 22516 --- [ApiInventarioMini] [           main] o.h.q.sqm.function.SqmFunctionRegistry   : Registered SqmFunctionTemplate [org.hibernate.dialect.function.CurrentFunction@6968bb65] under current_date; prior registration was null
2024-07-01T03:10:04.944-06:00 DEBUG 22516 --- [ApiInventarioMini] [           main] o.h.q.sqm.function.SqmFunctionRegistry   : Registered SqmFunctionTemplate [org.hibernate.dialect.function.CurrentFunction@66682e8f] under current_time; prior registration was null
2024-07-01T03:10:04.944-06:00 DEBUG 22516 --- [ApiInventarioMini] [           main] o.h.q.sqm.function.SqmFunctionRegistry   : Registered SqmFunctionTemplate [org.hibernate.dialect.function.CurrentFunction@2d2af12e] under current_timestamp; prior registration was null
2024-07-01T03:10:04.944-06:00 DEBUG 22516 --- [ApiInventarioMini] [           main] o.h.q.sqm.function.SqmFunctionRegistry   : Registering alternate key : current date -> current_date
2024-07-01T03:10:04.944-06:00 DEBUG 22516 --- [ApiInventarioMini] [           main] o.h.q.sqm.function.SqmFunctionRegistry   : Registering alternate key : current time -> current_time
2024-07-01T03:10:04.944-06:00 DEBUG 22516 --- [ApiInventarioMini] [           main] o.h.q.sqm.function.SqmFunctionRegistry   : Registering alternate key : current timestamp -> current_timestamp
2024-07-01T03:10:04.944-06:00 DEBUG 22516 --- [ApiInventarioMini] [           main] o.h.q.sqm.function.SqmFunctionRegistry   : Registered SqmFunctionTemplate [org.hibernate.dialect.function.CurrentFunction@611587f7] under local_date; prior registration was null
2024-07-01T03:10:04.945-06:00 DEBUG 22516 --- [ApiInventarioMini] [           main] o.h.q.sqm.function.SqmFunctionRegistry   : Registered SqmFunctionTemplate [org.hibernate.dialect.function.CurrentFunction@4d0abb23] under local_time; prior registration was null
2024-07-01T03:10:04.945-06:00 DEBUG 22516 --- [ApiInventarioMini] [           main] o.h.q.sqm.function.SqmFunctionRegistry   : Registered SqmFunctionTemplate [org.hibernate.dialect.function.CurrentFunction@6ab1f85b] under local_datetime; prior registration was null
2024-07-01T03:10:04.945-06:00 DEBUG 22516 --- [ApiInventarioMini] [           main] o.h.q.sqm.function.SqmFunctionRegistry   : Registered SqmFunctionTemplate [org.hibernate.dialect.function.CurrentFunction@10e8c7a2] under offset_datetime; prior registration was null
2024-07-01T03:10:04.945-06:00 DEBUG 22516 --- [ApiInventarioMini] [           main] o.h.q.sqm.function.SqmFunctionRegistry   : Registering alternate key : local date -> local_date
2024-07-01T03:10:04.945-06:00 DEBUG 22516 --- [ApiInventarioMini] [           main] o.h.q.sqm.function.SqmFunctionRegistry   : Registering alternate key : local time -> local_time
2024-07-01T03:10:04.945-06:00 DEBUG 22516 --- [ApiInventarioMini] [           main] o.h.q.sqm.function.SqmFunctionRegistry   : Registering alternate key : local datetime -> local_datetime
2024-07-01T03:10:04.945-06:00 DEBUG 22516 --- [ApiInventarioMini] [           main] o.h.q.sqm.function.SqmFunctionRegistry   : Registering alternate key : offset datetime -> offset_datetime
2024-07-01T03:10:04.945-06:00 DEBUG 22516 --- [ApiInventarioMini] [           main] o.h.q.sqm.function.SqmFunctionRegistry   : Registered SqmFunctionTemplate [org.hibernate.dialect.function.CurrentFunction@5d8fd077] under instant; prior registration was null
2024-07-01T03:10:04.945-06:00 DEBUG 22516 --- [ApiInventarioMini] [           main] o.h.q.sqm.function.SqmFunctionRegistry   : Registering alternate key : current_instant -> instant
2024-07-01T03:10:04.945-06:00 DEBUG 22516 --- [ApiInventarioMini] [           main] o.h.q.sqm.function.SqmFunctionRegistry   : Registered SqmFunctionTemplate [org.hibernate.dialect.function.SqlFunction@55fe9c2f] under sql; prior registration was null
2024-07-01T03:10:04.945-06:00 DEBUG 22516 --- [ApiInventarioMini] [           main] o.h.q.sqm.function.SqmFunctionRegistry   : Registered SqmFunctionTemplate [NamedSqmFunctionTemplate(cot)] under cot; prior registration was null
2024-07-01T03:10:04.945-06:00 DEBUG 22516 --- [ApiInventarioMini] [           main] o.h.q.sqm.function.SqmFunctionRegistry   : Registered SqmFunctionTemplate [NamedSqmFunctionTemplate(radians)] under radians; prior registration was null
2024-07-01T03:10:04.945-06:00 DEBUG 22516 --- [ApiInventarioMini] [           main] o.h.q.sqm.function.SqmFunctionRegistry   : Registered SqmFunctionTemplate [NamedSqmFunctionTemplate(degrees)] under degrees; prior registration was null
2024-07-01T03:10:04.945-06:00 DEBUG 22516 --- [ApiInventarioMini] [           main] o.h.q.sqm.function.SqmFunctionRegistry   : Registered SqmFunctionTemplate [NamedSqmFunctionTemplate(log)] under log; prior registration was org.hibernate.query.sqm.function.PatternBasedSqmFunctionDescriptor@514dc5f4
2024-07-01T03:10:04.945-06:00 DEBUG 22516 --- [ApiInventarioMini] [           main] o.h.q.sqm.function.SqmFunctionRegistry   : Registered SqmFunctionTemplate [org.hibernate.query.sqm.function.PatternBasedSqmFunctionDescriptor@3580134d] under mod; prior registration was NamedSqmFunctionTemplate(mod)
2024-07-01T03:10:04.945-06:00 DEBUG 22516 --- [ApiInventarioMini] [           main] o.h.q.sqm.function.SqmFunctionRegistry   : Registered SqmFunctionTemplate [NamedSqmFunctionTemplate(log10)] under log10; prior registration was null
2024-07-01T03:10:04.945-06:00 DEBUG 22516 --- [ApiInventarioMini] [           main] o.h.q.sqm.function.SqmFunctionRegistry   : Registered SqmFunctionTemplate [NamedSqmFunctionTemplate(tanh)] under tanh; prior registration was org.hibernate.query.sqm.function.PatternBasedSqmFunctionDescriptor@5ae87de0
2024-07-01T03:10:04.945-06:00 DEBUG 22516 --- [ApiInventarioMini] [           main] o.h.q.sqm.function.SqmFunctionRegistry   : Registered SqmFunctionTemplate [NamedSqmFunctionTemplate(sinh)] under sinh; prior registration was org.hibernate.query.sqm.function.PatternBasedSqmFunctionDescriptor@5f82209e
2024-07-01T03:10:04.945-06:00 DEBUG 22516 --- [ApiInventarioMini] [           main] o.h.q.sqm.function.SqmFunctionRegistry   : Registered SqmFunctionTemplate [NamedSqmFunctionTemplate(cosh)] under cosh; prior registration was org.hibernate.query.sqm.function.PatternBasedSqmFunctionDescriptor@515c732d
2024-07-01T03:10:04.946-06:00 DEBUG 22516 --- [ApiInventarioMini] [           main] o.h.q.sqm.function.SqmFunctionRegistry   : Registered SqmFunctionTemplate [NamedSqmFunctionTemplate(acosh)] under acosh; prior registration was null
2024-07-01T03:10:04.946-06:00 DEBUG 22516 --- [ApiInventarioMini] [           main] o.h.q.sqm.function.SqmFunctionRegistry   : Registered SqmFunctionTemplate [NamedSqmFunctionTemplate(asinh)] under asinh; prior registration was null
2024-07-01T03:10:04.946-06:00 DEBUG 22516 --- [ApiInventarioMini] [           main] o.h.q.sqm.function.SqmFunctionRegistry   : Registered SqmFunctionTemplate [NamedSqmFunctionTemplate(atanh)] under atanh; prior registration was null
2024-07-01T03:10:04.946-06:00 DEBUG 22516 --- [ApiInventarioMini] [           main] o.h.q.sqm.function.SqmFunctionRegistry   : Registered SqmFunctionTemplate [NamedSqmFunctionTemplate(cbrt)] under cbrt; prior registration was null
2024-07-01T03:10:04.946-06:00 DEBUG 22516 --- [ApiInventarioMini] [           main] o.h.q.sqm.function.SqmFunctionRegistry   : Registered SqmFunctionTemplate [NamedSqmFunctionTemplate(pi)] under pi; prior registration was org.hibernate.query.sqm.function.PatternBasedSqmFunctionDescriptor@1f85904a
2024-07-01T03:10:04.946-06:00 DEBUG 22516 --- [ApiInventarioMini] [           main] o.h.q.sqm.function.SqmFunctionRegistry   : Registered SqmFunctionTemplate [NamedSqmFunctionTemplate(ltrim)] under ltrim; prior registration was null
2024-07-01T03:10:04.946-06:00 DEBUG 22516 --- [ApiInventarioMini] [           main] o.h.q.sqm.function.SqmFunctionRegistry   : Registered SqmFunctionTemplate [NamedSqmFunctionTemplate(rtrim)] under rtrim; prior registration was null
2024-07-01T03:10:04.946-06:00 DEBUG 22516 --- [ApiInventarioMini] [           main] o.h.q.sqm.function.SqmFunctionRegistry   : Registered SqmFunctionTemplate [NamedSqmFunctionTemplate(repeat)] under repeat; prior registration was null
2024-07-01T03:10:04.946-06:00 DEBUG 22516 --- [ApiInventarioMini] [           main] o.h.q.sqm.function.SqmFunctionRegistry   : Registered SqmFunctionTemplate [NamedSqmFunctionTemplate(md5)] under md5; prior registration was null
2024-07-01T03:10:04.946-06:00 DEBUG 22516 --- [ApiInventarioMini] [           main] o.h.q.sqm.function.SqmFunctionRegistry   : Registered SqmFunctionTemplate [NamedSqmFunctionTemplate(initcap)] under initcap; prior registration was null
2024-07-01T03:10:04.946-06:00 DEBUG 22516 --- [ApiInventarioMini] [           main] o.h.q.sqm.function.SqmFunctionRegistry   : Registered SqmFunctionTemplate [NamedSqmFunctionTemplate(substr)] under substr; prior registration was null
2024-07-01T03:10:04.946-06:00 DEBUG 22516 --- [ApiInventarioMini] [           main] o.h.q.sqm.function.SqmFunctionRegistry   : Registered SqmFunctionTemplate [NamedSqmFunctionTemplate(substr)] under substring; prior registration was NamedSqmFunctionTemplate(substring)
2024-07-01T03:10:04.946-06:00 DEBUG 22516 --- [ApiInventarioMini] [           main] o.h.q.sqm.function.SqmFunctionRegistry   : Registered SqmFunctionTemplate [NamedSqmFunctionTemplate(translate)] under translate; prior registration was null
2024-07-01T03:10:04.946-06:00 DEBUG 22516 --- [ApiInventarioMini] [           main] o.h.q.sqm.function.SqmFunctionRegistry   : Registered SqmFunctionTemplate [NamedSqmFunctionTemplate(to_number)] under to_number; prior registration was null
2024-07-01T03:10:04.946-06:00 DEBUG 22516 --- [ApiInventarioMini] [           main] o.h.q.sqm.function.SqmFunctionRegistry   : Registered SqmFunctionTemplate [NamedSqmFunctionTemplate(to_char)] under to_char; prior registration was null
2024-07-01T03:10:04.946-06:00 DEBUG 22516 --- [ApiInventarioMini] [           main] o.h.q.sqm.function.SqmFunctionRegistry   : Registered SqmFunctionTemplate [NamedSqmFunctionTemplate(to_date)] under to_date; prior registration was null
2024-07-01T03:10:04.946-06:00 DEBUG 22516 --- [ApiInventarioMini] [           main] o.h.q.sqm.function.SqmFunctionRegistry   : Registered SqmFunctionTemplate [NamedSqmFunctionTemplate(to_timestamp)] under to_timestamp; prior registration was null
2024-07-01T03:10:04.947-06:00 DEBUG 22516 --- [ApiInventarioMini] [           main] o.h.q.sqm.function.SqmFunctionRegistry   : Registered SqmFunctionTemplate [org.hibernate.dialect.function.ConcatPipeFunction@6fefc5ea] under concat; prior registration was NamedSqmFunctionTemplate(concat)
2024-07-01T03:10:04.947-06:00 DEBUG 22516 --- [ApiInventarioMini] [           main] o.h.q.sqm.function.SqmFunctionRegistry   : Registered SqmFunctionTemplate [NamedSqmFunctionTemplate(localtime)] under localtime; prior registration was null
2024-07-01T03:10:04.947-06:00 DEBUG 22516 --- [ApiInventarioMini] [           main] o.h.q.sqm.function.SqmFunctionRegistry   : Registered SqmFunctionTemplate [NamedSqmFunctionTemplate(localtimestamp)] under localtimestamp; prior registration was null
2024-07-01T03:10:04.947-06:00 DEBUG 22516 --- [ApiInventarioMini] [           main] o.h.q.sqm.function.SqmFunctionRegistry   : Registered SqmFunctionTemplate [NamedSqmFunctionTemplate(localtime)] under local_time; prior registration was org.hibernate.dialect.function.CurrentFunction@4d0abb23
2024-07-01T03:10:04.947-06:00 DEBUG 22516 --- [ApiInventarioMini] [           main] o.h.q.sqm.function.SqmFunctionRegistry   : Registered SqmFunctionTemplate [NamedSqmFunctionTemplate(localtimestamp)] under local_datetime; prior registration was org.hibernate.dialect.function.CurrentFunction@6ab1f85b
2024-07-01T03:10:04.947-06:00 DEBUG 22516 --- [ApiInventarioMini] [           main] o.h.q.sqm.function.SqmFunctionRegistry   : Registered SqmFunctionTemplate [org.hibernate.dialect.function.LengthFunction@264576e4] under character_length; prior registration was NamedSqmFunctionTemplate(character_length)
2024-07-01T03:10:04.947-06:00 DEBUG 22516 --- [ApiInventarioMini] [           main] o.h.q.sqm.function.SqmFunctionRegistry   : Registering alternate key : length -> character_length
2024-07-01T03:10:04.947-06:00 DEBUG 22516 --- [ApiInventarioMini] [           main] o.h.q.sqm.function.SqmFunctionRegistry   : Registered SqmFunctionTemplate [org.hibernate.dialect.function.LengthFunction@86bf90b] under bit_length; prior registration was null
2024-07-01T03:10:04.948-06:00 DEBUG 22516 --- [ApiInventarioMini] [           main] o.h.q.sqm.function.SqmFunctionRegistry   : Registered SqmFunctionTemplate [org.hibernate.dialect.function.LengthFunction@5c13af01] under octet_length; prior registration was null
2024-07-01T03:10:04.948-06:00 DEBUG 22516 --- [ApiInventarioMini] [           main] o.h.q.sqm.function.SqmFunctionRegistry   : Registered SqmFunctionTemplate [NamedSqmFunctionTemplate(ascii)] under ascii; prior registration was null
2024-07-01T03:10:04.948-06:00 DEBUG 22516 --- [ApiInventarioMini] [           main] o.h.q.sqm.function.SqmFunctionRegistry   : Registered SqmFunctionTemplate [NamedSqmFunctionTemplate(chr)] under chr; prior registration was null
2024-07-01T03:10:04.948-06:00 DEBUG 22516 --- [ApiInventarioMini] [           main] o.h.q.sqm.function.SqmFunctionRegistry   : Registering alternate key : char -> chr
2024-07-01T03:10:04.948-06:00 DEBUG 22516 --- [ApiInventarioMini] [           main] o.h.q.sqm.function.SqmFunctionRegistry   : Registered SqmFunctionTemplate [org.hibernate.query.sqm.function.PatternBasedSqmFunctionDescriptor@4aba7617] under position; prior registration was org.hibernate.dialect.function.LocatePositionEmulation@399c408c
2024-07-01T03:10:04.948-06:00 DEBUG 22516 --- [ApiInventarioMini] [           main] o.h.q.sqm.function.SqmFunctionRegistry   : Registered SqmFunctionTemplate [org.hibernate.query.sqm.function.PatternBasedSqmFunctionDescriptor@47c5cbf2] under bitand; prior registration was null
2024-07-01T03:10:04.948-06:00 DEBUG 22516 --- [ApiInventarioMini] [           main] o.h.q.sqm.function.SqmFunctionRegistry   : Registered SqmFunctionTemplate [org.hibernate.query.sqm.function.PatternBasedSqmFunctionDescriptor@1031c1a0] under bitor; prior registration was null
2024-07-01T03:10:04.948-06:00 DEBUG 22516 --- [ApiInventarioMini] [           main] o.h.q.sqm.function.SqmFunctionRegistry   : Registered SqmFunctionTemplate [org.hibernate.query.sqm.function.PatternBasedSqmFunctionDescriptor@519b0f00] under bitxor; prior registration was null
2024-07-01T03:10:04.948-06:00 DEBUG 22516 --- [ApiInventarioMini] [           main] o.h.q.sqm.function.SqmFunctionRegistry   : Registered SqmFunctionTemplate [org.hibernate.query.sqm.function.PatternBasedSqmFunctionDescriptor@4888d1ea] under bitnot; prior registration was null
2024-07-01T03:10:04.948-06:00 DEBUG 22516 --- [ApiInventarioMini] [           main] o.h.q.sqm.function.SqmFunctionRegistry   : Registered SqmFunctionTemplate [NamedSqmFunctionTemplate(bit_and)] under bit_and; prior registration was null
2024-07-01T03:10:04.948-06:00 DEBUG 22516 --- [ApiInventarioMini] [           main] o.h.q.sqm.function.SqmFunctionRegistry   : Registered SqmFunctionTemplate [NamedSqmFunctionTemplate(bit_or)] under bit_or; prior registration was null
2024-07-01T03:10:04.948-06:00 DEBUG 22516 --- [ApiInventarioMini] [           main] o.h.q.sqm.function.SqmFunctionRegistry   : Registered SqmFunctionTemplate [NamedSqmFunctionTemplate(bool_and)] under bool_and; prior registration was null
2024-07-01T03:10:04.948-06:00 DEBUG 22516 --- [ApiInventarioMini] [           main] o.h.q.sqm.function.SqmFunctionRegistry   : Registering alternate key : every -> bool_and
2024-07-01T03:10:04.948-06:00 DEBUG 22516 --- [ApiInventarioMini] [           main] o.h.q.sqm.function.SqmFunctionRegistry   : Registered SqmFunctionTemplate [NamedSqmFunctionTemplate(bool_or)] under bool_or; prior registration was null
2024-07-01T03:10:04.948-06:00 DEBUG 22516 --- [ApiInventarioMini] [           main] o.h.q.sqm.function.SqmFunctionRegistry   : Registering alternate key : any -> bool_or
2024-07-01T03:10:04.948-06:00 DEBUG 22516 --- [ApiInventarioMini] [           main] o.h.q.sqm.function.SqmFunctionRegistry   : Registered SqmFunctionTemplate [org.hibernate.query.sqm.function.PatternBasedSqmFunctionDescriptor@217b0952] under median; prior registration was null
2024-07-01T03:10:04.948-06:00 DEBUG 22516 --- [ApiInventarioMini] [           main] o.h.q.sqm.function.SqmFunctionRegistry   : Registered SqmFunctionTemplate [NamedSqmFunctionTemplate(stddev)] under stddev; prior registration was null
2024-07-01T03:10:04.949-06:00 DEBUG 22516 --- [ApiInventarioMini] [           main] o.h.q.sqm.function.SqmFunctionRegistry   : Registered SqmFunctionTemplate [NamedSqmFunctionTemplate(stddev_pop)] under stddev_pop; prior registration was null
2024-07-01T03:10:04.949-06:00 DEBUG 22516 --- [ApiInventarioMini] [           main] o.h.q.sqm.function.SqmFunctionRegistry   : Registered SqmFunctionTemplate [NamedSqmFunctionTemplate(stddev_samp)] under stddev_samp; prior registration was null
2024-07-01T03:10:04.949-06:00 DEBUG 22516 --- [ApiInventarioMini] [           main] o.h.q.sqm.function.SqmFunctionRegistry   : Registered SqmFunctionTemplate [NamedSqmFunctionTemplate(variance)] under variance; prior registration was null
2024-07-01T03:10:04.949-06:00 DEBUG 22516 --- [ApiInventarioMini] [           main] o.h.q.sqm.function.SqmFunctionRegistry   : Registered SqmFunctionTemplate [NamedSqmFunctionTemplate(var_pop)] under var_pop; prior registration was null
2024-07-01T03:10:04.949-06:00 DEBUG 22516 --- [ApiInventarioMini] [           main] o.h.q.sqm.function.SqmFunctionRegistry   : Registered SqmFunctionTemplate [NamedSqmFunctionTemplate(var_samp)] under var_samp; prior registration was null
2024-07-01T03:10:04.949-06:00 DEBUG 22516 --- [ApiInventarioMini] [           main] o.h.q.sqm.function.SqmFunctionRegistry   : Registered SqmFunctionTemplate [NamedSqmFunctionTemplate(covar_pop)] under covar_pop; prior registration was null
2024-07-01T03:10:04.949-06:00 DEBUG 22516 --- [ApiInventarioMini] [           main] o.h.q.sqm.function.SqmFunctionRegistry   : Registered SqmFunctionTemplate [NamedSqmFunctionTemplate(covar_samp)] under covar_samp; prior registration was null
2024-07-01T03:10:04.949-06:00 DEBUG 22516 --- [ApiInventarioMini] [           main] o.h.q.sqm.function.SqmFunctionRegistry   : Registered SqmFunctionTemplate [NamedSqmFunctionTemplate(corr)] under corr; prior registration was null
2024-07-01T03:10:04.949-06:00 DEBUG 22516 --- [ApiInventarioMini] [           main] o.h.q.sqm.function.SqmFunctionRegistry   : Registered SqmFunctionTemplate [NamedSqmFunctionTemplate(regr_avgx)] under regr_avgx; prior registration was null
2024-07-01T03:10:04.949-06:00 DEBUG 22516 --- [ApiInventarioMini] [           main] o.h.q.sqm.function.SqmFunctionRegistry   : Registered SqmFunctionTemplate [NamedSqmFunctionTemplate(regr_avgy)] under regr_avgy; prior registration was null
2024-07-01T03:10:04.949-06:00 DEBUG 22516 --- [ApiInventarioMini] [           main] o.h.q.sqm.function.SqmFunctionRegistry   : Registered SqmFunctionTemplate [NamedSqmFunctionTemplate(regr_count)] under regr_count; prior registration was null
2024-07-01T03:10:04.949-06:00 DEBUG 22516 --- [ApiInventarioMini] [           main] o.h.q.sqm.function.SqmFunctionRegistry   : Registered SqmFunctionTemplate [NamedSqmFunctionTemplate(regr_intercept)] under regr_intercept; prior registration was null
2024-07-01T03:10:04.949-06:00 DEBUG 22516 --- [ApiInventarioMini] [           main] o.h.q.sqm.function.SqmFunctionRegistry   : Registered SqmFunctionTemplate [NamedSqmFunctionTemplate(regr_r2)] under regr_r2; prior registration was null
2024-07-01T03:10:04.949-06:00 DEBUG 22516 --- [ApiInventarioMini] [           main] o.h.q.sqm.function.SqmFunctionRegistry   : Registered SqmFunctionTemplate [NamedSqmFunctionTemplate(regr_slope)] under regr_slope; prior registration was null
2024-07-01T03:10:04.949-06:00 DEBUG 22516 --- [ApiInventarioMini] [           main] o.h.q.sqm.function.SqmFunctionRegistry   : Registered SqmFunctionTemplate [NamedSqmFunctionTemplate(regr_sxx)] under regr_sxx; prior registration was null
2024-07-01T03:10:04.949-06:00 DEBUG 22516 --- [ApiInventarioMini] [           main] o.h.q.sqm.function.SqmFunctionRegistry   : Registered SqmFunctionTemplate [NamedSqmFunctionTemplate(regr_sxy)] under regr_sxy; prior registration was null
2024-07-01T03:10:04.949-06:00 DEBUG 22516 --- [ApiInventarioMini] [           main] o.h.q.sqm.function.SqmFunctionRegistry   : Registered SqmFunctionTemplate [NamedSqmFunctionTemplate(regr_syy)] under regr_syy; prior registration was null
2024-07-01T03:10:04.949-06:00 DEBUG 22516 --- [ApiInventarioMini] [           main] o.h.q.sqm.function.SqmFunctionRegistry   : Registered SqmFunctionTemplate [org.hibernate.query.sqm.function.PatternBasedSqmFunctionDescriptor@36330be8] under insert; prior registration was null
2024-07-01T03:10:04.950-06:00 DEBUG 22516 --- [ApiInventarioMini] [           main] o.h.q.sqm.function.SqmFunctionRegistry   : Registered SqmFunctionTemplate [org.hibernate.query.sqm.function.MultipatternSqmFunctionDescriptor@1f19d423] under overlay; prior registration was org.hibernate.dialect.function.InsertSubstringOverlayEmulation@69ab2d6a
2024-07-01T03:10:04.950-06:00 DEBUG 22516 --- [ApiInventarioMini] [           main] o.h.q.sqm.function.SqmFunctionRegistry   : Registered SqmFunctionTemplate [NamedSqmFunctionTemplate(soundex)] under soundex; prior registration was null
2024-07-01T03:10:04.950-06:00 DEBUG 22516 --- [ApiInventarioMini] [           main] o.h.q.sqm.function.SqmFunctionRegistry   : Registered SqmFunctionTemplate [org.hibernate.query.sqm.function.MultipatternSqmFunctionDescriptor@73958426] under locate; prior registration was NamedSqmFunctionTemplate(locate)
2024-07-01T03:10:04.950-06:00 DEBUG 22516 --- [ApiInventarioMini] [           main] o.h.q.sqm.function.SqmFunctionRegistry   : Registered SqmFunctionTemplate [NamedSqmFunctionTemplate(row_number)] under row_number; prior registration was null
2024-07-01T03:10:04.950-06:00 DEBUG 22516 --- [ApiInventarioMini] [           main] o.h.q.sqm.function.SqmFunctionRegistry   : Registered SqmFunctionTemplate [NamedSqmFunctionTemplate(lag)] under lag; prior registration was null
2024-07-01T03:10:04.950-06:00 DEBUG 22516 --- [ApiInventarioMini] [           main] o.h.q.sqm.function.SqmFunctionRegistry   : Registered SqmFunctionTemplate [NamedSqmFunctionTemplate(lead)] under lead; prior registration was null
2024-07-01T03:10:04.950-06:00 DEBUG 22516 --- [ApiInventarioMini] [           main] o.h.q.sqm.function.SqmFunctionRegistry   : Registered SqmFunctionTemplate [NamedSqmFunctionTemplate(first_value)] under first_value; prior registration was null
2024-07-01T03:10:04.950-06:00 DEBUG 22516 --- [ApiInventarioMini] [           main] o.h.q.sqm.function.SqmFunctionRegistry   : Registered SqmFunctionTemplate [NamedSqmFunctionTemplate(last_value)] under last_value; prior registration was null
2024-07-01T03:10:04.951-06:00 DEBUG 22516 --- [ApiInventarioMini] [           main] o.h.q.sqm.function.SqmFunctionRegistry   : Registered SqmFunctionTemplate [NamedSqmFunctionTemplate(nth_value)] under nth_value; prior registration was null
2024-07-01T03:10:04.951-06:00 DEBUG 22516 --- [ApiInventarioMini] [           main] o.h.q.sqm.function.SqmFunctionRegistry   : Registered SqmFunctionTemplate [org.hibernate.dialect.function.ListaggStringAggEmulation@6338afe2] under listagg; prior registration was null
2024-07-01T03:10:04.952-06:00 DEBUG 22516 --- [ApiInventarioMini] [           main] o.h.q.sqm.function.SqmFunctionRegistry   : Registered SqmFunctionTemplate [org.hibernate.dialect.function.array.PostgreSQLArrayConstructorFunction@53079ae6] under array; prior registration was null
2024-07-01T03:10:04.953-06:00 DEBUG 22516 --- [ApiInventarioMini] [           main] o.h.q.sqm.function.SqmFunctionRegistry   : Registered SqmFunctionTemplate [org.hibernate.dialect.function.array.PostgreSQLArrayConstructorFunction@718ad3a6] under array_list; prior registration was null
2024-07-01T03:10:04.953-06:00 DEBUG 22516 --- [ApiInventarioMini] [           main] o.h.q.sqm.function.SqmFunctionRegistry   : Registered SqmFunctionTemplate [org.hibernate.dialect.function.array.ArrayAggFunction@1859e55c] under array_agg; prior registration was null
2024-07-01T03:10:04.954-06:00 DEBUG 22516 --- [ApiInventarioMini] [           main] o.h.q.sqm.function.SqmFunctionRegistry   : Registered SqmFunctionTemplate [org.hibernate.dialect.function.array.PostgreSQLArrayPositionFunction@7e8c58fd] under array_position; prior registration was null
2024-07-01T03:10:04.957-06:00 DEBUG 22516 --- [ApiInventarioMini] [           main] o.h.q.sqm.function.SqmFunctionRegistry   : Registered SqmFunctionTemplate [org.hibernate.dialect.function.array.PostgreSQLArrayPositionsFunction@322ab6ce] under array_positions; prior registration was null
2024-07-01T03:10:04.959-06:00 DEBUG 22516 --- [ApiInventarioMini] [           main] o.h.q.sqm.function.SqmFunctionRegistry   : Registered SqmFunctionTemplate [org.hibernate.dialect.function.array.PostgreSQLArrayPositionsFunction@4f2b1e9f] under array_positions_list; prior registration was null
2024-07-01T03:10:04.959-06:00 DEBUG 22516 --- [ApiInventarioMini] [           main] o.h.q.sqm.function.SqmFunctionRegistry   : Registered SqmFunctionTemplate [org.hibernate.query.sqm.function.PatternBasedSqmFunctionDescriptor@7ef9c8a5] under array_length; prior registration was null
2024-07-01T03:10:04.959-06:00 DEBUG 22516 --- [ApiInventarioMini] [           main] o.h.q.sqm.function.SqmFunctionRegistry   : Registered SqmFunctionTemplate [org.hibernate.dialect.function.array.PostgreSQLArrayConcatFunction@fefb66c] under array_concat; prior registration was null
2024-07-01T03:10:04.960-06:00 DEBUG 22516 --- [ApiInventarioMini] [           main] o.h.q.sqm.function.SqmFunctionRegistry   : Registered SqmFunctionTemplate [org.hibernate.dialect.function.array.PostgreSQLArrayConcatElementFunction@771cbd13] under array_prepend; prior registration was null
2024-07-01T03:10:04.960-06:00 DEBUG 22516 --- [ApiInventarioMini] [           main] o.h.q.sqm.function.SqmFunctionRegistry   : Registered SqmFunctionTemplate [org.hibernate.dialect.function.array.PostgreSQLArrayConcatElementFunction@229749f0] under array_append; prior registration was null
2024-07-01T03:10:04.962-06:00 DEBUG 22516 --- [ApiInventarioMini] [           main] o.h.q.sqm.function.SqmFunctionRegistry   : Registered SqmFunctionTemplate [org.hibernate.dialect.function.array.ArrayContainsOperatorFunction@37c37d67] under array_contains; prior registration was null
2024-07-01T03:10:04.962-06:00 DEBUG 22516 --- [ApiInventarioMini] [           main] o.h.q.sqm.function.SqmFunctionRegistry   : Registered SqmFunctionTemplate [org.hibernate.dialect.function.array.ArrayContainsOperatorFunction@5a4b8e25] under array_contains_nullable; prior registration was null
2024-07-01T03:10:04.962-06:00 DEBUG 22516 --- [ApiInventarioMini] [           main] o.h.q.sqm.function.SqmFunctionRegistry   : Registered SqmFunctionTemplate [org.hibernate.dialect.function.array.ArrayOverlapsOperatorFunction@23e86863] under array_overlaps; prior registration was null
2024-07-01T03:10:04.962-06:00 DEBUG 22516 --- [ApiInventarioMini] [           main] o.h.q.sqm.function.SqmFunctionRegistry   : Registered SqmFunctionTemplate [org.hibernate.dialect.function.array.ArrayOverlapsOperatorFunction@6df87ffd] under array_overlaps_nullable; prior registration was null
2024-07-01T03:10:04.963-06:00 DEBUG 22516 --- [ApiInventarioMini] [           main] o.h.q.sqm.function.SqmFunctionRegistry   : Registered SqmFunctionTemplate [org.hibernate.query.sqm.function.PatternBasedSqmFunctionDescriptor@2ace1cd3] under array_get; prior registration was null
2024-07-01T03:10:04.963-06:00 DEBUG 22516 --- [ApiInventarioMini] [           main] o.h.q.sqm.function.SqmFunctionRegistry   : Registered SqmFunctionTemplate [org.hibernate.dialect.function.array.ArraySetUnnestFunction@515940af] under array_set; prior registration was null
2024-07-01T03:10:04.963-06:00 DEBUG 22516 --- [ApiInventarioMini] [           main] o.h.q.sqm.function.SqmFunctionRegistry   : Registered SqmFunctionTemplate [NamedSqmFunctionTemplate(array_remove)] under array_remove; prior registration was null
2024-07-01T03:10:04.964-06:00 DEBUG 22516 --- [ApiInventarioMini] [           main] o.h.q.sqm.function.SqmFunctionRegistry   : Registered SqmFunctionTemplate [org.hibernate.dialect.function.array.ArrayRemoveIndexUnnestFunction@5100c143] under array_remove_index; prior registration was null
2024-07-01T03:10:04.964-06:00 DEBUG 22516 --- [ApiInventarioMini] [           main] o.h.q.sqm.function.SqmFunctionRegistry   : Registered SqmFunctionTemplate [org.hibernate.query.sqm.function.PatternBasedSqmFunctionDescriptor@12404f9d] under array_slice; prior registration was null
2024-07-01T03:10:04.964-06:00 DEBUG 22516 --- [ApiInventarioMini] [           main] o.h.q.sqm.function.SqmFunctionRegistry   : Registered SqmFunctionTemplate [NamedSqmFunctionTemplate(array_replace)] under array_replace; prior registration was null
2024-07-01T03:10:04.964-06:00 DEBUG 22516 --- [ApiInventarioMini] [           main] o.h.q.sqm.function.SqmFunctionRegistry   : Registered SqmFunctionTemplate [org.hibernate.query.sqm.function.PatternBasedSqmFunctionDescriptor@3b42b729] under array_trim; prior registration was null
2024-07-01T03:10:04.965-06:00 DEBUG 22516 --- [ApiInventarioMini] [           main] o.h.q.sqm.function.SqmFunctionRegistry   : Registered SqmFunctionTemplate [org.hibernate.dialect.function.array.PostgreSQLArrayFillFunction@5897aae1] under array_fill; prior registration was null
2024-07-01T03:10:04.965-06:00 DEBUG 22516 --- [ApiInventarioMini] [           main] o.h.q.sqm.function.SqmFunctionRegistry   : Registered SqmFunctionTemplate [org.hibernate.dialect.function.array.PostgreSQLArrayFillFunction@11dbcb3b] under array_fill_list; prior registration was null
2024-07-01T03:10:04.965-06:00 DEBUG 22516 --- [ApiInventarioMini] [           main] o.h.q.sqm.function.SqmFunctionRegistry   : Registered SqmFunctionTemplate [org.hibernate.dialect.function.array.ArrayToStringFunction@75de7009] under array_to_string; prior registration was null
2024-07-01T03:10:04.965-06:00 DEBUG 22516 --- [ApiInventarioMini] [           main] o.h.q.sqm.function.SqmFunctionRegistry   : Registered SqmFunctionTemplate [NamedSqmFunctionTemplate(make_date)] under make_date; prior registration was null
2024-07-01T03:10:04.965-06:00 DEBUG 22516 --- [ApiInventarioMini] [           main] o.h.q.sqm.function.SqmFunctionRegistry   : Registered SqmFunctionTemplate [NamedSqmFunctionTemplate(make_time)] under make_time; prior registration was null
2024-07-01T03:10:04.965-06:00 DEBUG 22516 --- [ApiInventarioMini] [           main] o.h.q.sqm.function.SqmFunctionRegistry   : Registered SqmFunctionTemplate [NamedSqmFunctionTemplate(make_timestamp)] under make_timestamp; prior registration was null
2024-07-01T03:10:04.965-06:00 DEBUG 22516 --- [ApiInventarioMini] [           main] o.h.q.sqm.function.SqmFunctionRegistry   : Registered SqmFunctionTemplate [NamedSqmFunctionTemplate(make_timestamptz)] under make_timestamptz; prior registration was null
2024-07-01T03:10:04.966-06:00 DEBUG 22516 --- [ApiInventarioMini] [           main] o.h.q.sqm.function.SqmFunctionRegistry   : Registered SqmFunctionTemplate [org.hibernate.dialect.function.InverseDistributionFunction@2f262474] under mode; prior registration was null
2024-07-01T03:10:04.966-06:00 DEBUG 22516 --- [ApiInventarioMini] [           main] o.h.q.sqm.function.SqmFunctionRegistry   : Registered SqmFunctionTemplate [org.hibernate.dialect.function.InverseDistributionFunction@7c03f9d0] under percentile_cont; prior registration was null
2024-07-01T03:10:04.966-06:00 DEBUG 22516 --- [ApiInventarioMini] [           main] o.h.q.sqm.function.SqmFunctionRegistry   : Registered SqmFunctionTemplate [org.hibernate.dialect.function.InverseDistributionFunction@6ad3fbe4] under percentile_disc; prior registration was null
2024-07-01T03:10:04.966-06:00 DEBUG 22516 --- [ApiInventarioMini] [           main] o.h.q.sqm.function.SqmFunctionRegistry   : Registered SqmFunctionTemplate [org.hibernate.dialect.function.HypotheticalSetFunction@1f547af8] under rank; prior registration was null
2024-07-01T03:10:04.966-06:00 DEBUG 22516 --- [ApiInventarioMini] [           main] o.h.q.sqm.function.SqmFunctionRegistry   : Registered SqmFunctionTemplate [org.hibernate.dialect.function.HypotheticalSetFunction@4caf875c] under dense_rank; prior registration was null
2024-07-01T03:10:04.966-06:00 DEBUG 22516 --- [ApiInventarioMini] [           main] o.h.q.sqm.function.SqmFunctionRegistry   : Registered SqmFunctionTemplate [org.hibernate.dialect.function.HypotheticalSetFunction@5d15789f] under percent_rank; prior registration was null
2024-07-01T03:10:04.966-06:00 DEBUG 22516 --- [ApiInventarioMini] [           main] o.h.q.sqm.function.SqmFunctionRegistry   : Registered SqmFunctionTemplate [org.hibernate.dialect.function.HypotheticalSetFunction@5abb7a8f] under cume_dist; prior registration was null
2024-07-01T03:10:04.966-06:00 DEBUG 22516 --- [ApiInventarioMini] [           main] o.h.q.sqm.function.SqmFunctionRegistry   : Registered SqmFunctionTemplate [org.hibernate.dialect.function.PostgreSQLMinMaxFunction@21688427] under min; prior registration was NamedSqmFunctionTemplate(min)
2024-07-01T03:10:04.967-06:00 DEBUG 22516 --- [ApiInventarioMini] [           main] o.h.q.sqm.function.SqmFunctionRegistry   : Registered SqmFunctionTemplate [org.hibernate.dialect.function.PostgreSQLMinMaxFunction@656c5818] under max; prior registration was NamedSqmFunctionTemplate(max)
2024-07-01T03:10:04.967-06:00 DEBUG 22516 --- [ApiInventarioMini] [           main] o.h.q.sqm.function.SqmFunctionRegistry   : Registered SqmFunctionTemplate [org.hibernate.dialect.function.PostgreSQLTruncRoundFunction@4bdef487] under round; prior registration was NamedSqmFunctionTemplate(round)
2024-07-01T03:10:04.968-06:00 DEBUG 22516 --- [ApiInventarioMini] [           main] o.h.q.sqm.function.SqmFunctionRegistry   : Registered SqmFunctionTemplate [org.hibernate.dialect.function.PostgreSQLTruncFunction@6651efa4] under trunc; prior registration was null
2024-07-01T03:10:04.968-06:00 DEBUG 22516 --- [ApiInventarioMini] [           main] o.h.q.sqm.function.SqmFunctionRegistry   : Registering alternate key : truncate -> trunc
2024-07-01T03:10:04.968-06:00 DEBUG 22516 --- [ApiInventarioMini] [           main] o.h.q.sqm.function.SqmFunctionRegistry   : Registered SqmFunctionTemplate [org.hibernate.query.sqm.function.PatternBasedSqmFunctionDescriptor@1ac25dbb] under date_trunc; prior registration was null
2024-07-01T03:10:04.970-06:00 DEBUG 22516 --- [ApiInventarioMini] [           main] org.hibernate.HQL_FUNCTIONS              : abs(NUMERIC arg)
2024-07-01T03:10:04.970-06:00 DEBUG 22516 --- [ApiInventarioMini] [           main] org.hibernate.HQL_FUNCTIONS              : Double acos(NUMERIC arg)
2024-07-01T03:10:04.970-06:00 DEBUG 22516 --- [ApiInventarioMini] [           main] org.hibernate.HQL_FUNCTIONS              : Double acosh(NUMERIC arg)
2024-07-01T03:10:04.970-06:00 DEBUG 22516 --- [ApiInventarioMini] [           main] org.hibernate.HQL_FUNCTIONS              : Boolean any(BOOLEAN predicate)
2024-07-01T03:10:04.970-06:00 DEBUG 22516 --- [ApiInventarioMini] [           main] org.hibernate.HQL_FUNCTIONS              : array( ... )
2024-07-01T03:10:04.970-06:00 DEBUG 22516 --- [ApiInventarioMini] [           main] org.hibernate.HQL_FUNCTIONS              : array_agg(arg)
2024-07-01T03:10:04.970-06:00 DEBUG 22516 --- [ApiInventarioMini] [           main] org.hibernate.HQL_FUNCTIONS              : array_append( ... )
2024-07-01T03:10:04.970-06:00 DEBUG 22516 --- [ApiInventarioMini] [           main] org.hibernate.HQL_FUNCTIONS              : array_concat( ... )
2024-07-01T03:10:04.970-06:00 DEBUG 22516 --- [ApiInventarioMini] [           main] org.hibernate.HQL_FUNCTIONS              : Boolean array_contains(ARRAY haystackArray, OBJECT needleElementOrArray)
2024-07-01T03:10:04.970-06:00 DEBUG 22516 --- [ApiInventarioMini] [           main] org.hibernate.HQL_FUNCTIONS              : Boolean array_contains_nullable(ARRAY haystackArray, OBJECT needleElementOrArray)
2024-07-01T03:10:04.970-06:00 DEBUG 22516 --- [ApiInventarioMini] [           main] org.hibernate.HQL_FUNCTIONS              : array_fill(OBJECT element, INTEGER elementCount)
2024-07-01T03:10:04.970-06:00 DEBUG 22516 --- [ApiInventarioMini] [           main] org.hibernate.HQL_FUNCTIONS              : array_fill_list(OBJECT element, INTEGER elementCount)
2024-07-01T03:10:04.971-06:00 DEBUG 22516 --- [ApiInventarioMini] [           main] org.hibernate.HQL_FUNCTIONS              : array_get(ARRAY array, INTEGER index)
2024-07-01T03:10:04.971-06:00 DEBUG 22516 --- [ApiInventarioMini] [           main] org.hibernate.HQL_FUNCTIONS              : Integer array_length(ARRAY array)
2024-07-01T03:10:04.971-06:00 DEBUG 22516 --- [ApiInventarioMini] [           main] org.hibernate.HQL_FUNCTIONS              : array_list( ... )
2024-07-01T03:10:04.971-06:00 DEBUG 22516 --- [ApiInventarioMini] [           main] org.hibernate.HQL_FUNCTIONS              : Boolean array_overlaps(ARRAY array0, OBJECT array1)
2024-07-01T03:10:04.971-06:00 DEBUG 22516 --- [ApiInventarioMini] [           main] org.hibernate.HQL_FUNCTIONS              : Boolean array_overlaps_nullable(ARRAY array0, OBJECT array1)
2024-07-01T03:10:04.971-06:00 DEBUG 22516 --- [ApiInventarioMini] [           main] org.hibernate.HQL_FUNCTIONS              : Integer array_position(ARRAY array, OBJECT element[, INTEGER startPosition])
2024-07-01T03:10:04.971-06:00 DEBUG 22516 --- [ApiInventarioMini] [           main] org.hibernate.HQL_FUNCTIONS              : int[] array_positions(ARRAY array, OBJECT element)
2024-07-01T03:10:04.971-06:00 DEBUG 22516 --- [ApiInventarioMini] [           main] org.hibernate.HQL_FUNCTIONS              : List array_positions_list(ARRAY array, OBJECT element)
2024-07-01T03:10:04.971-06:00 DEBUG 22516 --- [ApiInventarioMini] [           main] org.hibernate.HQL_FUNCTIONS              : array_prepend( ... )
2024-07-01T03:10:04.971-06:00 DEBUG 22516 --- [ApiInventarioMini] [           main] org.hibernate.HQL_FUNCTIONS              : array_remove( ... )
2024-07-01T03:10:04.971-06:00 DEBUG 22516 --- [ApiInventarioMini] [           main] org.hibernate.HQL_FUNCTIONS              : array_remove_index( ... )
2024-07-01T03:10:04.971-06:00 DEBUG 22516 --- [ApiInventarioMini] [           main] org.hibernate.HQL_FUNCTIONS              : array_replace(ARRAY array, OBJECT old, OBJECT new)
2024-07-01T03:10:04.971-06:00 DEBUG 22516 --- [ApiInventarioMini] [           main] org.hibernate.HQL_FUNCTIONS              : array_set( ... )
2024-07-01T03:10:04.971-06:00 DEBUG 22516 --- [ApiInventarioMini] [           main] org.hibernate.HQL_FUNCTIONS              : array_slice(ARRAY array, INTEGER start, INTEGER end)
2024-07-01T03:10:04.971-06:00 DEBUG 22516 --- [ApiInventarioMini] [           main] org.hibernate.HQL_FUNCTIONS              : String array_to_string( ... )
2024-07-01T03:10:04.971-06:00 DEBUG 22516 --- [ApiInventarioMini] [           main] org.hibernate.HQL_FUNCTIONS              : array_trim(ARRAY array, INTEGER elementsToRemove)
2024-07-01T03:10:04.971-06:00 DEBUG 22516 --- [ApiInventarioMini] [           main] org.hibernate.HQL_FUNCTIONS              : Integer ascii(STRING arg)
2024-07-01T03:10:04.971-06:00 DEBUG 22516 --- [ApiInventarioMini] [           main] org.hibernate.HQL_FUNCTIONS              : Double asin(NUMERIC arg)
2024-07-01T03:10:04.971-06:00 DEBUG 22516 --- [ApiInventarioMini] [           main] org.hibernate.HQL_FUNCTIONS              : Double asinh(NUMERIC arg)
2024-07-01T03:10:04.971-06:00 DEBUG 22516 --- [ApiInventarioMini] [           main] org.hibernate.HQL_FUNCTIONS              : Double atan(NUMERIC arg)
2024-07-01T03:10:04.972-06:00 DEBUG 22516 --- [ApiInventarioMini] [           main] org.hibernate.HQL_FUNCTIONS              : Double atan2(NUMERIC arg0, NUMERIC arg1)
2024-07-01T03:10:04.972-06:00 DEBUG 22516 --- [ApiInventarioMini] [           main] org.hibernate.HQL_FUNCTIONS              : Double atanh(NUMERIC arg)
2024-07-01T03:10:04.972-06:00 DEBUG 22516 --- [ApiInventarioMini] [           main] org.hibernate.HQL_FUNCTIONS              : avg(arg)
2024-07-01T03:10:04.972-06:00 DEBUG 22516 --- [ApiInventarioMini] [           main] org.hibernate.HQL_FUNCTIONS              : bit_and(arg)
2024-07-01T03:10:04.972-06:00 DEBUG 22516 --- [ApiInventarioMini] [           main] org.hibernate.HQL_FUNCTIONS              : Integer bit_length(STRING_OR_CLOB arg)
2024-07-01T03:10:04.972-06:00 DEBUG 22516 --- [ApiInventarioMini] [           main] org.hibernate.HQL_FUNCTIONS              : bit_or(arg)
2024-07-01T03:10:04.972-06:00 DEBUG 22516 --- [ApiInventarioMini] [           main] org.hibernate.HQL_FUNCTIONS              : bitand(arg0, arg1)
2024-07-01T03:10:04.972-06:00 DEBUG 22516 --- [ApiInventarioMini] [           main] org.hibernate.HQL_FUNCTIONS              : bitnot(arg)
2024-07-01T03:10:04.972-06:00 DEBUG 22516 --- [ApiInventarioMini] [           main] org.hibernate.HQL_FUNCTIONS              : bitor(arg0, arg1)
2024-07-01T03:10:04.972-06:00 DEBUG 22516 --- [ApiInventarioMini] [           main] org.hibernate.HQL_FUNCTIONS              : bitxor(arg0, arg1)
2024-07-01T03:10:04.973-06:00 DEBUG 22516 --- [ApiInventarioMini] [           main] org.hibernate.HQL_FUNCTIONS              : Boolean bool_and(BOOLEAN predicate)
2024-07-01T03:10:04.973-06:00 DEBUG 22516 --- [ApiInventarioMini] [           main] org.hibernate.HQL_FUNCTIONS              : Boolean bool_or(BOOLEAN predicate)
2024-07-01T03:10:04.973-06:00 DEBUG 22516 --- [ApiInventarioMini] [           main] org.hibernate.HQL_FUNCTIONS              : cast(arg as Type)
2024-07-01T03:10:04.973-06:00 DEBUG 22516 --- [ApiInventarioMini] [           main] org.hibernate.HQL_FUNCTIONS              : Double cbrt(NUMERIC arg)
2024-07-01T03:10:04.973-06:00 DEBUG 22516 --- [ApiInventarioMini] [           main] org.hibernate.HQL_FUNCTIONS              : ceiling(NUMERIC arg)
2024-07-01T03:10:04.973-06:00 DEBUG 22516 --- [ApiInventarioMini] [           main] org.hibernate.HQL_FUNCTIONS              : Character char(INTEGER arg)
2024-07-01T03:10:04.973-06:00 DEBUG 22516 --- [ApiInventarioMini] [           main] org.hibernate.HQL_FUNCTIONS              : Integer character_length(STRING_OR_CLOB arg)
2024-07-01T03:10:04.973-06:00 DEBUG 22516 --- [ApiInventarioMini] [           main] org.hibernate.HQL_FUNCTIONS              : Character chr(INTEGER arg)
2024-07-01T03:10:04.973-06:00 DEBUG 22516 --- [ApiInventarioMini] [           main] org.hibernate.HQL_FUNCTIONS              : coalesce(arg0[, arg1[, ...]])
2024-07-01T03:10:04.973-06:00 DEBUG 22516 --- [ApiInventarioMini] [           main] org.hibernate.HQL_FUNCTIONS              : String collate(STRING string as COLLATION collation)
2024-07-01T03:10:04.973-06:00 DEBUG 22516 --- [ApiInventarioMini] [           main] org.hibernate.HQL_FUNCTIONS              : (STRING string0[, STRING string1[, ...]])
2024-07-01T03:10:04.973-06:00 DEBUG 22516 --- [ApiInventarioMini] [           main] org.hibernate.HQL_FUNCTIONS              : Double corr(NUMERIC arg0, NUMERIC arg1)
2024-07-01T03:10:04.973-06:00 DEBUG 22516 --- [ApiInventarioMini] [           main] org.hibernate.HQL_FUNCTIONS              : Double cos(NUMERIC arg)
2024-07-01T03:10:04.973-06:00 DEBUG 22516 --- [ApiInventarioMini] [           main] org.hibernate.HQL_FUNCTIONS              : Double cosh(NUMERIC arg)
2024-07-01T03:10:04.973-06:00 DEBUG 22516 --- [ApiInventarioMini] [           main] org.hibernate.HQL_FUNCTIONS              : Double cot(NUMERIC arg)
2024-07-01T03:10:04.973-06:00 DEBUG 22516 --- [ApiInventarioMini] [           main] org.hibernate.HQL_FUNCTIONS              : Long count([distinct ]{arg|*})
2024-07-01T03:10:04.973-06:00 DEBUG 22516 --- [ApiInventarioMini] [           main] org.hibernate.HQL_FUNCTIONS              : Double covar_pop(NUMERIC arg0, NUMERIC arg1)
2024-07-01T03:10:04.974-06:00 DEBUG 22516 --- [ApiInventarioMini] [           main] org.hibernate.HQL_FUNCTIONS              : Double covar_samp(NUMERIC arg0, NUMERIC arg1)
2024-07-01T03:10:04.974-06:00 DEBUG 22516 --- [ApiInventarioMini] [           main] org.hibernate.HQL_FUNCTIONS              : Double cume_dist([arg0[, ...]])
2024-07-01T03:10:04.974-06:00 DEBUG 22516 --- [ApiInventarioMini] [           main] org.hibernate.HQL_FUNCTIONS              : Date current date
2024-07-01T03:10:04.974-06:00 DEBUG 22516 --- [ApiInventarioMini] [           main] org.hibernate.HQL_FUNCTIONS              : Time current time
2024-07-01T03:10:04.974-06:00 DEBUG 22516 --- [ApiInventarioMini] [           main] org.hibernate.HQL_FUNCTIONS              : Timestamp current timestamp
2024-07-01T03:10:04.974-06:00 DEBUG 22516 --- [ApiInventarioMini] [           main] org.hibernate.HQL_FUNCTIONS              : Date current_date
2024-07-01T03:10:04.974-06:00 DEBUG 22516 --- [ApiInventarioMini] [           main] org.hibernate.HQL_FUNCTIONS              : Instant current_instant
2024-07-01T03:10:04.974-06:00 DEBUG 22516 --- [ApiInventarioMini] [           main] org.hibernate.HQL_FUNCTIONS              : Time current_time
2024-07-01T03:10:04.974-06:00 DEBUG 22516 --- [ApiInventarioMini] [           main] org.hibernate.HQL_FUNCTIONS              : Timestamp current_timestamp
2024-07-01T03:10:04.974-06:00 DEBUG 22516 --- [ApiInventarioMini] [           main] org.hibernate.HQL_FUNCTIONS              : date_trunc(STRING field, TEMPORAL datetime)
2024-07-01T03:10:04.974-06:00 DEBUG 22516 --- [ApiInventarioMini] [           main] org.hibernate.HQL_FUNCTIONS              : dateadd(TEMPORAL_UNIT field, INTEGER magnitude, TEMPORAL datetime)
2024-07-01T03:10:04.974-06:00 DEBUG 22516 --- [ApiInventarioMini] [           main] org.hibernate.HQL_FUNCTIONS              : basicType@5(java.lang.Long,-5)|basicType@8(java.lang.Double,8) datediff(TEMPORAL_UNIT field, TEMPORAL start, TEMPORAL end)
2024-07-01T03:10:04.974-06:00 DEBUG 22516 --- [ApiInventarioMini] [           main] org.hibernate.HQL_FUNCTIONS              : Double degrees(NUMERIC arg)
2024-07-01T03:10:04.974-06:00 DEBUG 22516 --- [ApiInventarioMini] [           main] org.hibernate.HQL_FUNCTIONS              : Long dense_rank([arg0[, ...]])
2024-07-01T03:10:04.974-06:00 DEBUG 22516 --- [ApiInventarioMini] [           main] org.hibernate.HQL_FUNCTIONS              : Boolean every(BOOLEAN predicate)
2024-07-01T03:10:04.974-06:00 DEBUG 22516 --- [ApiInventarioMini] [           main] org.hibernate.HQL_FUNCTIONS              : Double exp(NUMERIC arg)
2024-07-01T03:10:04.974-06:00 DEBUG 22516 --- [ApiInventarioMini] [           main] org.hibernate.HQL_FUNCTIONS              : extract(TEMPORAL_UNIT field from TEMPORAL arg)
2024-07-01T03:10:04.975-06:00 DEBUG 22516 --- [ApiInventarioMini] [           main] org.hibernate.HQL_FUNCTIONS              : first_valueANY value
2024-07-01T03:10:04.975-06:00 DEBUG 22516 --- [ApiInventarioMini] [           main] org.hibernate.HQL_FUNCTIONS              : floor(NUMERIC arg)
2024-07-01T03:10:04.975-06:00 DEBUG 22516 --- [ApiInventarioMini] [           main] org.hibernate.HQL_FUNCTIONS              : String format(TEMPORAL datetime as STRING pattern)
2024-07-01T03:10:04.975-06:00 DEBUG 22516 --- [ApiInventarioMini] [           main] org.hibernate.HQL_FUNCTIONS              : greatest(COMPARABLE arg0, COMPARABLE arg1[, arg2[, ...]])
2024-07-01T03:10:04.975-06:00 DEBUG 22516 --- [ApiInventarioMini] [           main] org.hibernate.HQL_FUNCTIONS              : ifnull(arg0, arg1)
2024-07-01T03:10:04.975-06:00 DEBUG 22516 --- [ApiInventarioMini] [           main] org.hibernate.HQL_FUNCTIONS              : String initcap(arg)
2024-07-01T03:10:04.975-06:00 DEBUG 22516 --- [ApiInventarioMini] [           main] org.hibernate.HQL_FUNCTIONS              : String insert(STRING string, INTEGER start, INTEGER length, STRING replacement)
2024-07-01T03:10:04.975-06:00 DEBUG 22516 --- [ApiInventarioMini] [           main] org.hibernate.HQL_FUNCTIONS              : Instant instant
2024-07-01T03:10:04.975-06:00 DEBUG 22516 --- [ApiInventarioMini] [           main] org.hibernate.HQL_FUNCTIONS              : lagANY value[, INTEGER offset[, ANY default]]
2024-07-01T03:10:04.975-06:00 DEBUG 22516 --- [ApiInventarioMini] [           main] org.hibernate.HQL_FUNCTIONS              : last_valueANY value
2024-07-01T03:10:04.975-06:00 DEBUG 22516 --- [ApiInventarioMini] [           main] org.hibernate.HQL_FUNCTIONS              : leadANY value[, INTEGER offset[, ANY default]]
2024-07-01T03:10:04.975-06:00 DEBUG 22516 --- [ApiInventarioMini] [           main] org.hibernate.HQL_FUNCTIONS              : least(COMPARABLE arg0, COMPARABLE arg1[, arg2[, ...]])
2024-07-01T03:10:04.975-06:00 DEBUG 22516 --- [ApiInventarioMini] [           main] org.hibernate.HQL_FUNCTIONS              : String left(STRING string, INTEGER length)
2024-07-01T03:10:04.975-06:00 DEBUG 22516 --- [ApiInventarioMini] [           main] org.hibernate.HQL_FUNCTIONS              : Integer length(STRING_OR_CLOB arg)
2024-07-01T03:10:04.975-06:00 DEBUG 22516 --- [ApiInventarioMini] [           main] org.hibernate.HQL_FUNCTIONS              : String listagg(STRING arg0, STRING arg1)
2024-07-01T03:10:04.975-06:00 DEBUG 22516 --- [ApiInventarioMini] [           main] org.hibernate.HQL_FUNCTIONS              : Double ln(NUMERIC arg)
2024-07-01T03:10:04.975-06:00 DEBUG 22516 --- [ApiInventarioMini] [           main] org.hibernate.HQL_FUNCTIONS              : LocalDate local date
2024-07-01T03:10:04.975-06:00 DEBUG 22516 --- [ApiInventarioMini] [           main] org.hibernate.HQL_FUNCTIONS              : LocalDateTime local datetime
2024-07-01T03:10:04.975-06:00 DEBUG 22516 --- [ApiInventarioMini] [           main] org.hibernate.HQL_FUNCTIONS              : LocalTime local time
2024-07-01T03:10:04.975-06:00 DEBUG 22516 --- [ApiInventarioMini] [           main] org.hibernate.HQL_FUNCTIONS              : LocalDate local_date
2024-07-01T03:10:04.975-06:00 DEBUG 22516 --- [ApiInventarioMini] [           main] org.hibernate.HQL_FUNCTIONS              : LocalDateTime local_datetime
2024-07-01T03:10:04.975-06:00 DEBUG 22516 --- [ApiInventarioMini] [           main] org.hibernate.HQL_FUNCTIONS              : LocalTime local_time
2024-07-01T03:10:04.975-06:00 DEBUG 22516 --- [ApiInventarioMini] [           main] org.hibernate.HQL_FUNCTIONS              : Time localtime
2024-07-01T03:10:04.975-06:00 DEBUG 22516 --- [ApiInventarioMini] [           main] org.hibernate.HQL_FUNCTIONS              : Timestamp localtimestamp
2024-07-01T03:10:04.975-06:00 DEBUG 22516 --- [ApiInventarioMini] [           main] org.hibernate.HQL_FUNCTIONS              : Integer locate(STRING pattern, STRING string[, INTEGER start])
2024-07-01T03:10:04.975-06:00 DEBUG 22516 --- [ApiInventarioMini] [           main] org.hibernate.HQL_FUNCTIONS              : Double log(NUMERIC arg0[, NUMERIC arg1])
2024-07-01T03:10:04.976-06:00 DEBUG 22516 --- [ApiInventarioMini] [           main] org.hibernate.HQL_FUNCTIONS              : Double log10(NUMERIC arg)
2024-07-01T03:10:04.976-06:00 DEBUG 22516 --- [ApiInventarioMini] [           main] org.hibernate.HQL_FUNCTIONS              : String lower(STRING string)
2024-07-01T03:10:04.976-06:00 DEBUG 22516 --- [ApiInventarioMini] [           main] org.hibernate.HQL_FUNCTIONS              : String lpad(STRING string, INTEGER length[, STRING padding])
2024-07-01T03:10:04.976-06:00 DEBUG 22516 --- [ApiInventarioMini] [           main] org.hibernate.HQL_FUNCTIONS              : String ltrim(STRING string[, STRING characters])
2024-07-01T03:10:04.977-06:00 DEBUG 22516 --- [ApiInventarioMini] [           main] org.hibernate.HQL_FUNCTIONS              : Date make_date(INTEGER arg0, INTEGER arg1, INTEGER arg2)
2024-07-01T03:10:04.978-06:00 DEBUG 22516 --- [ApiInventarioMini] [           main] org.hibernate.HQL_FUNCTIONS              : Time make_time(INTEGER arg0, INTEGER arg1, INTEGER arg2)
2024-07-01T03:10:04.978-06:00 DEBUG 22516 --- [ApiInventarioMini] [           main] org.hibernate.HQL_FUNCTIONS              : Timestamp make_timestamp(INTEGER arg0, INTEGER arg1, INTEGER arg2, INTEGER arg3, INTEGER arg4, INTEGER arg5)
2024-07-01T03:10:04.978-06:00 DEBUG 22516 --- [ApiInventarioMini] [           main] org.hibernate.HQL_FUNCTIONS              : Timestamp make_timestamptz(INTEGER arg0, INTEGER arg1, INTEGER arg2, INTEGER arg3, INTEGER arg4, INTEGER arg5[, INTEGER arg6])
2024-07-01T03:10:04.978-06:00 DEBUG 22516 --- [ApiInventarioMini] [           main] org.hibernate.HQL_FUNCTIONS              : max(COMPARABLE arg)
2024-07-01T03:10:04.978-06:00 DEBUG 22516 --- [ApiInventarioMini] [           main] org.hibernate.HQL_FUNCTIONS              : String md5(arg)
2024-07-01T03:10:04.978-06:00 DEBUG 22516 --- [ApiInventarioMini] [           main] org.hibernate.HQL_FUNCTIONS              : Double median(NUMERIC arg)
2024-07-01T03:10:04.978-06:00 DEBUG 22516 --- [ApiInventarioMini] [           main] org.hibernate.HQL_FUNCTIONS              : min(COMPARABLE arg)
2024-07-01T03:10:04.978-06:00 DEBUG 22516 --- [ApiInventarioMini] [           main] org.hibernate.HQL_FUNCTIONS              : Integer mod(INTEGER arg0, INTEGER arg1)
2024-07-01T03:10:04.978-06:00 DEBUG 22516 --- [ApiInventarioMini] [           main] org.hibernate.HQL_FUNCTIONS              : mode()
2024-07-01T03:10:04.978-06:00 DEBUG 22516 --- [ApiInventarioMini] [           main] org.hibernate.HQL_FUNCTIONS              : nth_valueANY value, INTEGER nth
2024-07-01T03:10:04.978-06:00 DEBUG 22516 --- [ApiInventarioMini] [           main] org.hibernate.HQL_FUNCTIONS              : nullif(arg0, arg1)
2024-07-01T03:10:04.978-06:00 DEBUG 22516 --- [ApiInventarioMini] [           main] org.hibernate.HQL_FUNCTIONS              : Integer octet_length(STRING_OR_CLOB arg)
2024-07-01T03:10:04.978-06:00 DEBUG 22516 --- [ApiInventarioMini] [           main] org.hibernate.HQL_FUNCTIONS              : OffsetDateTime offset datetime
2024-07-01T03:10:04.978-06:00 DEBUG 22516 --- [ApiInventarioMini] [           main] org.hibernate.HQL_FUNCTIONS              : OffsetDateTime offset_datetime
2024-07-01T03:10:04.978-06:00 DEBUG 22516 --- [ApiInventarioMini] [           main] org.hibernate.HQL_FUNCTIONS              : String overlay(string placing replacement from start[ for length])
2024-07-01T03:10:04.978-06:00 DEBUG 22516 --- [ApiInventarioMini] [           main] org.hibernate.HQL_FUNCTIONS              : String pad(STRING string with INTEGER length {leading|trailing}[ STRING character])
2024-07-01T03:10:04.978-06:00 DEBUG 22516 --- [ApiInventarioMini] [           main] org.hibernate.HQL_FUNCTIONS              : Double percent_rank([arg0[, ...]])
2024-07-01T03:10:04.978-06:00 DEBUG 22516 --- [ApiInventarioMini] [           main] org.hibernate.HQL_FUNCTIONS              : percentile_cont(NUMERIC arg)
2024-07-01T03:10:04.978-06:00 DEBUG 22516 --- [ApiInventarioMini] [           main] org.hibernate.HQL_FUNCTIONS              : percentile_disc(NUMERIC arg)
2024-07-01T03:10:04.978-06:00 DEBUG 22516 --- [ApiInventarioMini] [           main] org.hibernate.HQL_FUNCTIONS              : Double pi
2024-07-01T03:10:04.978-06:00 DEBUG 22516 --- [ApiInventarioMini] [           main] org.hibernate.HQL_FUNCTIONS              : Integer position(STRING pattern in STRING string)
2024-07-01T03:10:04.978-06:00 DEBUG 22516 --- [ApiInventarioMini] [           main] org.hibernate.HQL_FUNCTIONS              : Double power(NUMERIC arg0, NUMERIC arg1)
2024-07-01T03:10:04.978-06:00 DEBUG 22516 --- [ApiInventarioMini] [           main] org.hibernate.HQL_FUNCTIONS              : Double radians(NUMERIC arg)
2024-07-01T03:10:04.978-06:00 DEBUG 22516 --- [ApiInventarioMini] [           main] org.hibernate.HQL_FUNCTIONS              : Long rank([arg0[, ...]])
2024-07-01T03:10:04.978-06:00 DEBUG 22516 --- [ApiInventarioMini] [           main] org.hibernate.HQL_FUNCTIONS              : Double regr_avgx(NUMERIC arg0, NUMERIC arg1)
2024-07-01T03:10:04.978-06:00 DEBUG 22516 --- [ApiInventarioMini] [           main] org.hibernate.HQL_FUNCTIONS              : Double regr_avgy(NUMERIC arg0, NUMERIC arg1)
2024-07-01T03:10:04.978-06:00 DEBUG 22516 --- [ApiInventarioMini] [           main] org.hibernate.HQL_FUNCTIONS              : Double regr_count(NUMERIC arg0, NUMERIC arg1)
2024-07-01T03:10:04.978-06:00 DEBUG 22516 --- [ApiInventarioMini] [           main] org.hibernate.HQL_FUNCTIONS              : Double regr_intercept(NUMERIC arg0, NUMERIC arg1)
2024-07-01T03:10:04.978-06:00 DEBUG 22516 --- [ApiInventarioMini] [           main] org.hibernate.HQL_FUNCTIONS              : Double regr_r2(NUMERIC arg0, NUMERIC arg1)
2024-07-01T03:10:04.978-06:00 DEBUG 22516 --- [ApiInventarioMini] [           main] org.hibernate.HQL_FUNCTIONS              : Double regr_slope(NUMERIC arg0, NUMERIC arg1)
2024-07-01T03:10:04.978-06:00 DEBUG 22516 --- [ApiInventarioMini] [           main] org.hibernate.HQL_FUNCTIONS              : Double regr_sxx(NUMERIC arg0, NUMERIC arg1)
2024-07-01T03:10:04.978-06:00 DEBUG 22516 --- [ApiInventarioMini] [           main] org.hibernate.HQL_FUNCTIONS              : Double regr_sxy(NUMERIC arg0, NUMERIC arg1)
2024-07-01T03:10:04.978-06:00 DEBUG 22516 --- [ApiInventarioMini] [           main] org.hibernate.HQL_FUNCTIONS              : Double regr_syy(NUMERIC arg0, NUMERIC arg1)
2024-07-01T03:10:04.978-06:00 DEBUG 22516 --- [ApiInventarioMini] [           main] org.hibernate.HQL_FUNCTIONS              : String repeat(STRING string, INTEGER times)
2024-07-01T03:10:04.978-06:00 DEBUG 22516 --- [ApiInventarioMini] [           main] org.hibernate.HQL_FUNCTIONS              : String replace(STRING string, STRING pattern, STRING replacement)
2024-07-01T03:10:04.979-06:00 DEBUG 22516 --- [ApiInventarioMini] [           main] org.hibernate.HQL_FUNCTIONS              : String right(STRING string, INTEGER length)
2024-07-01T03:10:04.979-06:00 DEBUG 22516 --- [ApiInventarioMini] [           main] org.hibernate.HQL_FUNCTIONS              : round(NUMERIC number[, INTEGER places])
2024-07-01T03:10:04.979-06:00 DEBUG 22516 --- [ApiInventarioMini] [           main] org.hibernate.HQL_FUNCTIONS              : Long row_number()
2024-07-01T03:10:04.979-06:00 DEBUG 22516 --- [ApiInventarioMini] [           main] org.hibernate.HQL_FUNCTIONS              : String rpad(STRING string, INTEGER length[, STRING padding])
2024-07-01T03:10:04.979-06:00 DEBUG 22516 --- [ApiInventarioMini] [           main] org.hibernate.HQL_FUNCTIONS              : String rtrim(STRING string[, STRING characters])
2024-07-01T03:10:04.979-06:00 DEBUG 22516 --- [ApiInventarioMini] [           main] org.hibernate.HQL_FUNCTIONS              : Integer sign(NUMERIC arg)
2024-07-01T03:10:04.979-06:00 DEBUG 22516 --- [ApiInventarioMini] [           main] org.hibernate.HQL_FUNCTIONS              : Double sin(NUMERIC arg)
2024-07-01T03:10:04.979-06:00 DEBUG 22516 --- [ApiInventarioMini] [           main] org.hibernate.HQL_FUNCTIONS              : Double sinh(NUMERIC arg)
2024-07-01T03:10:04.979-06:00 DEBUG 22516 --- [ApiInventarioMini] [           main] org.hibernate.HQL_FUNCTIONS              : String soundex(arg)
2024-07-01T03:10:04.979-06:00 DEBUG 22516 --- [ApiInventarioMini] [           main] org.hibernate.HQL_FUNCTIONS              : Object sql
2024-07-01T03:10:04.979-06:00 DEBUG 22516 --- [ApiInventarioMini] [           main] org.hibernate.HQL_FUNCTIONS              : Double sqrt(NUMERIC arg)
2024-07-01T03:10:04.979-06:00 DEBUG 22516 --- [ApiInventarioMini] [           main] org.hibernate.HQL_FUNCTIONS              : Double stddev(NUMERIC arg)
2024-07-01T03:10:04.979-06:00 DEBUG 22516 --- [ApiInventarioMini] [           main] org.hibernate.HQL_FUNCTIONS              : Double stddev_pop(NUMERIC arg)
2024-07-01T03:10:04.979-06:00 DEBUG 22516 --- [ApiInventarioMini] [           main] org.hibernate.HQL_FUNCTIONS              : Double stddev_samp(NUMERIC arg)
2024-07-01T03:10:04.979-06:00 DEBUG 22516 --- [ApiInventarioMini] [           main] org.hibernate.HQL_FUNCTIONS              : String str(arg)
2024-07-01T03:10:04.979-06:00 DEBUG 22516 --- [ApiInventarioMini] [           main] org.hibernate.HQL_FUNCTIONS              : String substr(STRING string, INTEGER start[, INTEGER length])
2024-07-01T03:10:04.979-06:00 DEBUG 22516 --- [ApiInventarioMini] [           main] org.hibernate.HQL_FUNCTIONS              : String substring(STRING string{ from|,} INTEGER start[{ for|,} INTEGER length])
2024-07-01T03:10:04.979-06:00 DEBUG 22516 --- [ApiInventarioMini] [           main] org.hibernate.HQL_FUNCTIONS              : sum(arg)
2024-07-01T03:10:04.979-06:00 DEBUG 22516 --- [ApiInventarioMini] [           main] org.hibernate.HQL_FUNCTIONS              : Double tan(NUMERIC arg)
2024-07-01T03:10:04.979-06:00 DEBUG 22516 --- [ApiInventarioMini] [           main] org.hibernate.HQL_FUNCTIONS              : Double tanh(NUMERIC arg)
2024-07-01T03:10:04.979-06:00 DEBUG 22516 --- [ApiInventarioMini] [           main] org.hibernate.HQL_FUNCTIONS              : timestampadd(TEMPORAL_UNIT field, INTEGER magnitude, TEMPORAL datetime)
2024-07-01T03:10:04.979-06:00 DEBUG 22516 --- [ApiInventarioMini] [           main] org.hibernate.HQL_FUNCTIONS              : basicType@5(java.lang.Long,-5)|basicType@8(java.lang.Double,8) timestampdiff(TEMPORAL_UNIT field, TEMPORAL start, TEMPORAL end)
2024-07-01T03:10:04.979-06:00 DEBUG 22516 --- [ApiInventarioMini] [           main] org.hibernate.HQL_FUNCTIONS              : String to_char(ANY arg0[, STRING arg1, STRING arg2])
2024-07-01T03:10:04.980-06:00 DEBUG 22516 --- [ApiInventarioMini] [           main] org.hibernate.HQL_FUNCTIONS              : Date to_date(STRING arg0[, STRING arg1, STRING arg2])
2024-07-01T03:10:04.980-06:00 DEBUG 22516 --- [ApiInventarioMini] [           main] org.hibernate.HQL_FUNCTIONS              : Double to_number(STRING arg0[, STRING arg1, STRING arg2])
2024-07-01T03:10:04.980-06:00 DEBUG 22516 --- [ApiInventarioMini] [           main] org.hibernate.HQL_FUNCTIONS              : Timestamp to_timestamp(STRING arg0[, STRING arg1, STRING arg2])
2024-07-01T03:10:04.980-06:00 DEBUG 22516 --- [ApiInventarioMini] [           main] org.hibernate.HQL_FUNCTIONS              : String translate(STRING arg0, STRING arg1, STRING arg2)
2024-07-01T03:10:04.980-06:00 DEBUG 22516 --- [ApiInventarioMini] [           main] org.hibernate.HQL_FUNCTIONS              : String trim([[{leading|trailing|both} ][STRING arg0 ]from] STRING arg1)
2024-07-01T03:10:04.980-06:00 DEBUG 22516 --- [ApiInventarioMini] [           main] org.hibernate.HQL_FUNCTIONS              : trunc( ... )
2024-07-01T03:10:04.980-06:00 DEBUG 22516 --- [ApiInventarioMini] [           main] org.hibernate.HQL_FUNCTIONS              : truncate( ... )
2024-07-01T03:10:04.980-06:00 DEBUG 22516 --- [ApiInventarioMini] [           main] org.hibernate.HQL_FUNCTIONS              : String upper(STRING string)
2024-07-01T03:10:04.980-06:00 DEBUG 22516 --- [ApiInventarioMini] [           main] org.hibernate.HQL_FUNCTIONS              : Double var_pop(NUMERIC arg)
2024-07-01T03:10:04.980-06:00 DEBUG 22516 --- [ApiInventarioMini] [           main] org.hibernate.HQL_FUNCTIONS              : Double var_samp(NUMERIC arg)
2024-07-01T03:10:04.980-06:00 DEBUG 22516 --- [ApiInventarioMini] [           main] org.hibernate.HQL_FUNCTIONS              : Double variance(NUMERIC arg)
2024-07-01T03:10:04.985-06:00 DEBUG 22516 --- [ApiInventarioMini] [           main] org.hibernate.orm.query.plan.cache       : Starting QueryInterpretationCache(2048)
2024-07-01T03:10:05.045-06:00 DEBUG 22516 --- [ApiInventarioMini] [           main] .h.s.i.SessionFactoryServiceRegistryImpl : EventListenerRegistry access via ServiceRegistry is deprecated.  Use `sessionFactory.getEventEngine().getListenerRegistry()` instead
2024-07-01T03:10:05.046-06:00 DEBUG 22516 --- [ApiInventarioMini] [           main] h.e.i.EntityCopyObserverFactoryInitiator : Configured EntityCopyObserver strategy: disallow
2024-07-01T03:10:05.108-06:00 DEBUG 22516 --- [ApiInventarioMini] [           main] o.h.boot.internal.ClassLoaderAccessImpl  : Not known whether passed class name [com.ipn.mx.domain.entity.Categoria] is safe
2024-07-01T03:10:05.108-06:00 DEBUG 22516 --- [ApiInventarioMini] [           main] o.h.boot.internal.ClassLoaderAccessImpl  : No temp ClassLoader provided; using live ClassLoader for loading potentially unsafe class : com.ipn.mx.domain.entity.Categoria
2024-07-01T03:10:05.278-06:00 DEBUG 22516 --- [ApiInventarioMini] [           main] o.h.b.i.bytebuddy.BytecodeProviderImpl   : HHH000513: Unable to create the ReflectionOptimizer for [com.ipn.mx.domain.entity.Categoria]: private accessor [descripcionCategoria]
2024-07-01T03:10:05.298-06:00 DEBUG 22516 --- [ApiInventarioMini] [           main] org.hibernate.ormbytecode.interceptor    : To-one property `com.ipn.mx.domain.entity.Producto#categoria` was mapped with LAZY + NO_PROXY but the class was not enhanced
2024-07-01T03:10:05.298-06:00 DEBUG 22516 --- [ApiInventarioMini] [           main] org.hibernate.ormbytecode.interceptor    : To-one property `com.ipn.mx.domain.entity.Producto#categoria` was mapped with LAZY + NO_PROXY but the class was not enhanced
2024-07-01T03:10:05.298-06:00 DEBUG 22516 --- [ApiInventarioMini] [           main] o.h.boot.internal.ClassLoaderAccessImpl  : Not known whether passed class name [com.ipn.mx.domain.entity.Producto] is safe
2024-07-01T03:10:05.298-06:00 DEBUG 22516 --- [ApiInventarioMini] [           main] o.h.boot.internal.ClassLoaderAccessImpl  : No temp ClassLoader provided; using live ClassLoader for loading potentially unsafe class : com.ipn.mx.domain.entity.Producto
2024-07-01T03:10:05.310-06:00 DEBUG 22516 --- [ApiInventarioMini] [           main] o.h.b.i.bytebuddy.BytecodeProviderImpl   : HHH000513: Unable to create the ReflectionOptimizer for [com.ipn.mx.domain.entity.Producto]: private accessor [categoria]
2024-07-01T03:10:05.311-06:00 DEBUG 22516 --- [ApiInventarioMini] [           main] org.hibernate.ormbytecode.interceptor    : To-one property `com.ipn.mx.domain.entity.Producto#categoria` was mapped with LAZY + NO_PROXY but the class was not enhanced
2024-07-01T03:10:05.326-06:00 DEBUG 22516 --- [ApiInventarioMini] [           main] o.hibernate.orm.model.mapping.creation   : Starting post-init callbacks
2024-07-01T03:10:05.326-06:00 DEBUG 22516 --- [ApiInventarioMini] [           main] o.hibernate.orm.model.mapping.creation   : Starting PostInitCallbackEntry : Entity(com.ipn.mx.domain.entity.Categoria) `staticFetchableList` generator
2024-07-01T03:10:05.326-06:00 DEBUG 22516 --- [ApiInventarioMini] [           main] o.hibernate.orm.model.mapping.creation   : Starting PostInitCallbackEntry : To-one key - NavigableRole[com.ipn.mx.domain.entity.Producto.categoria]
2024-07-01T03:10:05.329-06:00 DEBUG 22516 --- [ApiInventarioMini] [           main] o.hibernate.orm.model.mapping.creation   : Starting PostInitCallbackEntry : Entity(com.ipn.mx.domain.entity.Producto) `staticFetchableList` generator
2024-07-01T03:10:05.392-06:00 DEBUG 22516 --- [ApiInventarioMini] [           main] org.hibernate.orm.sql.ast.create         : Created new SQL alias : c1_0
2024-07-01T03:10:05.394-06:00 DEBUG 22516 --- [ApiInventarioMini] [           main] org.hibernate.orm.sql.ast.create         : Registration of TableGroup [StandardTableGroup(com.ipn.mx.domain.entity.Categoria)] with identifierForTableGroup [com.ipn.mx.domain.entity.Categoria] for NavigablePath [com.ipn.mx.domain.entity.Categoria] 
2024-07-01T03:10:05.405-06:00 DEBUG 22516 --- [ApiInventarioMini] [           main] org.hibernate.orm.results.graph.AST      : DomainResult Graph:
 \-EntityResultImpl [com.ipn.mx.domain.entity.Categoria]
 |  +-BasicFetch [com.ipn.mx.domain.entity.Categoria.descripcionCategoria]
 |  \-BasicFetch [com.ipn.mx.domain.entity.Categoria.nombreCategoria]

2024-07-01T03:10:05.406-06:00 DEBUG 22516 --- [ApiInventarioMini] [           main] org.hibernate.orm.sql.ast.tree           : SQL AST Tree:
    SelectStatement {
      FromClause {
        StandardTableGroup (c1 : com.ipn.mx.domain.entity.Categoria) {
          primaryTableReference : Categorias as c1_0
        }
      }
    }

2024-07-01T03:10:05.414-06:00 DEBUG 22516 --- [ApiInventarioMini] [           main] o.h.p.entity.AbstractEntityPersister     : Static SQL for entity: com.ipn.mx.domain.entity.Categoria
2024-07-01T03:10:05.414-06:00 DEBUG 22516 --- [ApiInventarioMini] [           main] o.h.p.entity.AbstractEntityPersister     :  Version select: select idCategoria from Categorias where idCategoria=?
2024-07-01T03:10:05.414-06:00 DEBUG 22516 --- [ApiInventarioMini] [           main] o.h.p.entity.AbstractEntityPersister     :  Insert (0): insert into Categorias (descripcionCategoria,nombreCategoria) values (?,?)
2024-07-01T03:10:05.414-06:00 DEBUG 22516 --- [ApiInventarioMini] [           main] o.h.p.entity.AbstractEntityPersister     :  Update (0): update Categorias set descripcionCategoria=?,nombreCategoria=? where idCategoria=?
2024-07-01T03:10:05.414-06:00 DEBUG 22516 --- [ApiInventarioMini] [           main] o.h.p.entity.AbstractEntityPersister     :  Delete (0): delete from Categorias where idCategoria=?
2024-07-01T03:10:05.414-06:00 DEBUG 22516 --- [ApiInventarioMini] [           main] org.hibernate.orm.sql.ast.create         : Created new SQL alias : p1_0
2024-07-01T03:10:05.414-06:00 DEBUG 22516 --- [ApiInventarioMini] [           main] org.hibernate.orm.sql.ast.create         : Registration of TableGroup [StandardTableGroup(com.ipn.mx.domain.entity.Producto)] with identifierForTableGroup [com.ipn.mx.domain.entity.Producto] for NavigablePath [com.ipn.mx.domain.entity.Producto] 
2024-07-01T03:10:05.418-06:00 DEBUG 22516 --- [ApiInventarioMini] [           main] org.hibernate.orm.sql.ast.create         : Registration of TableGroup [org.hibernate.sql.ast.tree.from.LazyTableGroup@48788853] with identifierForTableGroup [com.ipn.mx.domain.entity.Producto.categoria] for NavigablePath [com.ipn.mx.domain.entity.Producto.categoria] 
2024-07-01T03:10:05.420-06:00 DEBUG 22516 --- [ApiInventarioMini] [           main] org.hibernate.orm.sql.ast.create         : Created new SQL alias : c1_0
2024-07-01T03:10:05.421-06:00 DEBUG 22516 --- [ApiInventarioMini] [           main] org.hibernate.orm.results.graph.AST      : DomainResult Graph:
 \-EntityResultImpl [com.ipn.mx.domain.entity.Producto]
 |  +-EntityFetchJoinedImpl [com.ipn.mx.domain.entity.Producto.categoria]
 |  +-BasicFetch [com.ipn.mx.domain.entity.Producto.descripcionProducto]
 |  +-BasicFetch [com.ipn.mx.domain.entity.Producto.existencia]
 |  +-BasicFetch [com.ipn.mx.domain.entity.Producto.nombreProducto]
 |  \-BasicFetch [com.ipn.mx.domain.entity.Producto.precio]

2024-07-01T03:10:05.422-06:00 DEBUG 22516 --- [ApiInventarioMini] [           main] org.hibernate.orm.sql.ast.tree           : SQL AST Tree:
    SelectStatement {
      FromClause {
        StandardTableGroup (p1 : com.ipn.mx.domain.entity.Producto) {
          primaryTableReference : Productos as p1_0
          TableGroupJoins {
             join LazyTableGroup (c1 : com.ipn.mx.domain.entity.Producto.categoria) {
              primaryTableReference : Categorias as c1_0
            }
          }
        }
      }
    }

2024-07-01T03:10:05.422-06:00 DEBUG 22516 --- [ApiInventarioMini] [           main] o.h.p.entity.AbstractEntityPersister     : Static SQL for entity: com.ipn.mx.domain.entity.Producto
2024-07-01T03:10:05.422-06:00 DEBUG 22516 --- [ApiInventarioMini] [           main] o.h.p.entity.AbstractEntityPersister     :  Version select: select idProducto from Productos where idProducto=?
2024-07-01T03:10:05.422-06:00 DEBUG 22516 --- [ApiInventarioMini] [           main] o.h.p.entity.AbstractEntityPersister     :  Insert (0): insert into Productos (idcategoria,descripcionProducto,existencia,nombreProducto,precio) values (?,?,?,?,?)
2024-07-01T03:10:05.422-06:00 DEBUG 22516 --- [ApiInventarioMini] [           main] o.h.p.entity.AbstractEntityPersister     :  Update (0): update Productos set idcategoria=?,descripcionProducto=?,existencia=?,nombreProducto=?,precio=? where idProducto=?
2024-07-01T03:10:05.422-06:00 DEBUG 22516 --- [ApiInventarioMini] [           main] o.h.p.entity.AbstractEntityPersister     :  Delete (0): delete from Productos where idProducto=?
2024-07-01T03:10:05.439-06:00  INFO 22516 --- [ApiInventarioMini] [           main] o.h.e.t.j.p.i.JtaPlatformInitiator       : HHH000489: No JTA platform available (set 'hibernate.transaction.jta.platform' to enable JTA platform integration)
2024-07-01T03:10:05.439-06:00 DEBUG 22516 --- [ApiInventarioMini] [           main] o.h.type.spi.TypeConfiguration$Scope     : Scoping TypeConfiguration [org.hibernate.type.spi.TypeConfiguration@19647566] to SessionFactoryImplementor [org.hibernate.internal.SessionFactoryImpl@446981a4]
2024-07-01T03:10:05.440-06:00 DEBUG 22516 --- [ApiInventarioMini] [           main] o.h.query.named.NamedObjectRepository    : Checking 0 named HQL queries
2024-07-01T03:10:05.440-06:00 DEBUG 22516 --- [ApiInventarioMini] [           main] o.h.query.named.NamedObjectRepository    : Checking 0 named SQL queries
2024-07-01T03:10:05.898-06:00 DEBUG 22516 --- [ApiInventarioMini] [           main] org.hibernate.mapping.Table              : No alter strings for table : Categorias
2024-07-01T03:10:05.898-06:00 DEBUG 22516 --- [ApiInventarioMini] [           main] org.hibernate.mapping.Table              : No alter strings for table : Productos
2024-07-01T03:10:06.436-06:00 DEBUG 22516 --- [ApiInventarioMini] [           main] o.h.internal.SessionFactoryRegistry      : Initializing SessionFactoryRegistry : org.hibernate.internal.SessionFactoryRegistry@448fa659
2024-07-01T03:10:06.436-06:00 DEBUG 22516 --- [ApiInventarioMini] [           main] o.h.internal.SessionFactoryRegistry      : Registering SessionFactory: 30995d9b-2c27-4725-a47d-92b931f4462c (<unnamed>)
2024-07-01T03:10:06.436-06:00 DEBUG 22516 --- [ApiInventarioMini] [           main] o.h.internal.SessionFactoryRegistry      : Not binding SessionFactory to JNDI, no JNDI name configured
2024-07-01T03:10:06.436-06:00 DEBUG 22516 --- [ApiInventarioMini] [           main] o.hibernate.internal.SessionFactoryImpl  : Instantiated SessionFactory
2024-07-01T03:10:06.436-06:00  INFO 22516 --- [ApiInventarioMini] [           main] j.LocalContainerEntityManagerFactoryBean : Initialized JPA EntityManagerFactory for persistence unit 'default'
2024-07-01T03:10:06.562-06:00 DEBUG 22516 --- [ApiInventarioMini] [           main] o.h.stat.internal.StatisticsInitiator    : Statistics initialized [enabled=false]
2024-07-01T03:10:06.841-06:00 DEBUG 22516 --- [ApiInventarioMini] [           main] .h.v.m.ResourceBundleMessageInterpolator : Loaded expression factory via original TCCL
2024-07-01T03:10:06.843-06:00 DEBUG 22516 --- [ApiInventarioMini] [           main] o.h.v.i.e.AbstractConfigurationImpl      : Setting custom MessageInterpolator of type org.springframework.validation.beanvalidation.LocaleContextMessageInterpolator
2024-07-01T03:10:06.844-06:00 DEBUG 22516 --- [ApiInventarioMini] [           main] o.h.v.i.e.AbstractConfigurationImpl      : Setting custom ConstraintValidatorFactory of type org.springframework.validation.beanvalidation.SpringConstraintValidatorFactory
2024-07-01T03:10:06.845-06:00 DEBUG 22516 --- [ApiInventarioMini] [           main] o.h.v.i.xml.config.ValidationXmlParser   : Trying to load META-INF/validation.xml for XML based Validator configuration.
2024-07-01T03:10:06.845-06:00 DEBUG 22516 --- [ApiInventarioMini] [           main] o.h.v.i.xml.config.ResourceLoaderHelper  : Trying to load META-INF/validation.xml via user class loader
2024-07-01T03:10:06.845-06:00 DEBUG 22516 --- [ApiInventarioMini] [           main] o.h.v.i.xml.config.ResourceLoaderHelper  : Trying to load META-INF/validation.xml via TCCL
2024-07-01T03:10:06.845-06:00 DEBUG 22516 --- [ApiInventarioMini] [           main] o.h.v.i.xml.config.ResourceLoaderHelper  : Trying to load META-INF/validation.xml via Hibernate Validator's class loader
2024-07-01T03:10:06.845-06:00 DEBUG 22516 --- [ApiInventarioMini] [           main] o.h.v.i.xml.config.ValidationXmlParser   : No META-INF/validation.xml found. Using annotation based configuration only.
2024-07-01T03:10:06.845-06:00 DEBUG 22516 --- [ApiInventarioMini] [           main] o.h.v.i.e.resolver.TraversableResolvers  : Found jakarta.persistence.Persistence on classpath containing 'getPersistenceUtil'. Assuming JPA 2 environment. Trying to instantiate JPA aware TraversableResolver
2024-07-01T03:10:06.845-06:00 DEBUG 22516 --- [ApiInventarioMini] [           main] o.h.v.i.e.resolver.TraversableResolvers  : Instantiated JPA aware TraversableResolver of type org.hibernate.validator.internal.engine.resolver.JPATraversableResolver.
2024-07-01T03:10:06.846-06:00 DEBUG 22516 --- [ApiInventarioMini] [           main] .i.e.ValidatorFactoryConfigurationHelper : HV000252: Using org.hibernate.validator.internal.engine.DefaultPropertyNodeNameProvider as property node name provider.
2024-07-01T03:10:06.846-06:00 DEBUG 22516 --- [ApiInventarioMini] [           main] .i.e.ValidatorFactoryConfigurationHelper : HV000234: Using org.springframework.validation.beanvalidation.LocaleContextMessageInterpolator as ValidatorFactory-scoped message interpolator.
2024-07-01T03:10:06.846-06:00 DEBUG 22516 --- [ApiInventarioMini] [           main] .i.e.ValidatorFactoryConfigurationHelper : HV000234: Using org.hibernate.validator.internal.engine.resolver.JPATraversableResolver as ValidatorFactory-scoped traversable resolver.
2024-07-01T03:10:06.846-06:00 DEBUG 22516 --- [ApiInventarioMini] [           main] .i.e.ValidatorFactoryConfigurationHelper : HV000234: Using org.hibernate.validator.internal.util.ExecutableParameterNameProvider as ValidatorFactory-scoped parameter name provider.
2024-07-01T03:10:06.846-06:00 DEBUG 22516 --- [ApiInventarioMini] [           main] .i.e.ValidatorFactoryConfigurationHelper : HV000234: Using org.hibernate.validator.internal.engine.DefaultClockProvider as ValidatorFactory-scoped clock provider.
2024-07-01T03:10:06.846-06:00 DEBUG 22516 --- [ApiInventarioMini] [           main] .i.e.ValidatorFactoryConfigurationHelper : HV000234: Using org.hibernate.validator.internal.engine.scripting.DefaultScriptEvaluatorFactory as ValidatorFactory-scoped script evaluator factory.
2024-07-01T03:10:06.866-06:00  WARN 22516 --- [ApiInventarioMini] [           main] JpaBaseConfiguration$JpaWebConfiguration : spring.jpa.open-in-view is enabled by default. Therefore, database queries may be performed during view rendering. Explicitly configure spring.jpa.open-in-view to disable this warning
2024-07-01T03:10:07.229-06:00  INFO 22516 --- [ApiInventarioMini] [           main] c.i.m.ApiInventarioMiniApplicationTests  : Started ApiInventarioMiniApplicationTests in 6.02 seconds (process running for 6.869)
]]></system-out>
  </testcase>
</testsuite>